<?xml version="1.0" encoding="UTF-8"?>
<testng-results skipped="1" failed="0" total="1" passed="0">
  <reporter-output>
  </reporter-output>
  <suite name="Suite" duration-ms="230" started-at="2017-02-16T07:39:45Z" finished-at="2017-02-16T07:39:45Z">
    <groups>
    </groups>
    <test name="Test" duration-ms="230" started-at="2017-02-16T07:39:45Z" finished-at="2017-02-16T07:39:45Z">
      <class name="learnings.Practice_12">
        <test-method status="FAIL" signature="login(java.lang.String, java.lang.String, java.lang.String, java.lang.String)[pri:0, instance:learnings.Practice_12@ef9176]" name="login" is-config="true" duration-ms="0" started-at="2017-02-16T13:09:45Z" finished-at="2017-02-16T13:09:45Z">
          <params>
            <param index="0">
              <value>
                <![CDATA[chrome]]>
              </value>
            </param>
            <param index="1">
              <value>
                <![CDATA[http://leaftaps.com/]]>
              </value>
            </param>
            <param index="2">
              <value>
                <![CDATA[DemoSalesManager]]>
              </value>
            </param>
            <param index="3">
              <value>
                <![CDATA[crmsfa]]>
              </value>
            </param>
          </params>
          <exception class="java.lang.NullPointerException">
            <full-stacktrace>
              <![CDATA[java.lang.NullPointerException
	at wrappers.GenericWrappers.loginUsername(GenericWrappers.java:50)
	at learnings.Practice_12.login(Practice_12.java:24)
	at sun.reflect.NativeMethodAccessorImpl.invoke0(Native Method)
	at sun.reflect.NativeMethodAccessorImpl.invoke(Unknown Source)
	at sun.reflect.DelegatingMethodAccessorImpl.invoke(Unknown Source)
	at java.lang.reflect.Method.invoke(Unknown Source)
	at org.testng.internal.MethodInvocationHelper.invokeMethod(MethodInvocationHelper.java:100)
	at org.testng.internal.Invoker.invokeConfigurationMethod(Invoker.java:515)
	at org.testng.internal.Invoker.invokeConfigurations(Invoker.java:216)
	at org.testng.internal.Invoker.invokeMethod(Invoker.java:590)
	at org.testng.internal.Invoker.invokeTestMethod(Invoker.java:811)
	at org.testng.internal.Invoker.invokeTestMethods(Invoker.java:1137)
	at org.testng.internal.TestMethodWorker.invokeTestMethods(TestMethodWorker.java:129)
	at org.testng.internal.TestMethodWorker.run(TestMethodWorker.java:112)
	at org.testng.TestRunner.privateRun(TestRunner.java:753)
	at org.testng.TestRunner.run(TestRunner.java:607)
	at org.testng.SuiteRunner.runTest(SuiteRunner.java:368)
	at org.testng.SuiteRunner.runSequentially(SuiteRunner.java:363)
	at org.testng.SuiteRunner.privateRun(SuiteRunner.java:321)
	at org.testng.SuiteRunner.run(SuiteRunner.java:270)
	at org.testng.SuiteRunnerWorker.runSuite(SuiteRunnerWorker.java:52)
	at org.testng.SuiteRunnerWorker.run(SuiteRunnerWorker.java:86)
	at org.testng.TestNG.runSuitesSequentially(TestNG.java:1284)
	at org.testng.TestNG.runSuitesLocally(TestNG.java:1209)
	at org.testng.TestNG.runSuites(TestNG.java:1124)
	at org.testng.TestNG.run(TestNG.java:1096)
	at org.testng.remote.AbstractRemoteTestNG.run(AbstractRemoteTestNG.java:132)
	at org.testng.remote.RemoteTestNG.initAndRun(RemoteTestNG.java:236)
	at org.testng.remote.RemoteTestNG.main(RemoteTestNG.java:81)
]]>
            </full-stacktrace>
          </exception> <!-- java.lang.NullPointerException -->
          <reporter-output>
          </reporter-output>
        </test-method> <!-- login -->
        <test-method status="SKIP" signature="createLead()[pri:0, instance:learnings.Practice_12@ef9176]" name="createLead" duration-ms="2" started-at="2017-02-16T13:09:45Z" finished-at="2017-02-16T13:09:45Z">
          <reporter-output>
          </reporter-output>
        </test-method> <!-- createLead -->
        <test-method status="FAIL" signature="quitBrowser()[pri:0, instance:learnings.Practice_12@ef9176]" name="quitBrowser" is-config="true" duration-ms="0" started-at="2017-02-16T13:09:45Z" finished-at="2017-02-16T13:09:45Z">
          <exception class="java.lang.StackOverflowError">
            <full-stacktrace>
              <![CDATA[java.lang.StackOverflowError
	at learnings.Practice_12.quitBrowser(Practice_12.java:40)
	at learnings.Practice_12.quitBrowser(Practice_12.java:40)
	at learnings.Practice_12.quitBrowser(Practice_12.java:40)
	at learnings.Practice_12.quitBrowser(Practice_12.java:40)
	at learnings.Practice_12.quitBrowser(Practice_12.java:40)
	at learnings.Practice_12.quitBrowser(Practice_12.java:40)
	at learnings.Practice_12.quitBrowser(Practice_12.java:40)
	at learnings.Practice_12.quitBrowser(Practice_12.java:40)
	at learnings.Practice_12.quitBrowser(Practice_12.java:40)
	at learnings.Practice_12.quitBrowser(Practice_12.java:40)
	at learnings.Practice_12.quitBrowser(Practice_12.java:40)
	at learnings.Practice_12.quitBrowser(Practice_12.java:40)
	at learnings.Practice_12.quitBrowser(Practice_12.java:40)
	at learnings.Practice_12.quitBrowser(Practice_12.java:40)
	at learnings.Practice_12.quitBrowser(Practice_12.java:40)
	at learnings.Practice_12.quitBrowser(Practice_12.java:40)
	at learnings.Practice_12.quitBrowser(Practice_12.java:40)
	at learnings.Practice_12.quitBrowser(Practice_12.java:40)
	at learnings.Practice_12.quitBrowser(Practice_12.java:40)
	at learnings.Practice_12.quitBrowser(Practice_12.java:40)
	at learnings.Practice_12.quitBrowser(Practice_12.java:40)
	at learnings.Practice_12.quitBrowser(Practice_12.java:40)
	at learnings.Practice_12.quitBrowser(Practice_12.java:40)
	at learnings.Practice_12.quitBrowser(Practice_12.java:40)
	at learnings.Practice_12.quitBrowser(Practice_12.java:40)
	at learnings.Practice_12.quitBrowser(Practice_12.java:40)
	at learnings.Practice_12.quitBrowser(Practice_12.java:40)
	at learnings.Practice_12.quitBrowser(Practice_12.java:40)
	at learnings.Practice_12.quitBrowser(Practice_12.java:40)
	at learnings.Practice_12.quitBrowser(Practice_12.java:40)
	at learnings.Practice_12.quitBrowser(Practice_12.java:40)
	at learnings.Practice_12.quitBrowser(Practice_12.java:40)
	at learnings.Practice_12.quitBrowser(Practice_12.java:40)
	at learnings.Practice_12.quitBrowser(Practice_12.java:40)
	at learnings.Practice_12.quitBrowser(Practice_12.java:40)
	at learnings.Practice_12.quitBrowser(Practice_12.java:40)
	at learnings.Practice_12.quitBrowser(Practice_12.java:40)
	at learnings.Practice_12.quitBrowser(Practice_12.java:40)
	at learnings.Practice_12.quitBrowser(Practice_12.java:40)
	at learnings.Practice_12.quitBrowser(Practice_12.java:40)
	at learnings.Practice_12.quitBrowser(Practice_12.java:40)
	at learnings.Practice_12.quitBrowser(Practice_12.java:40)
	at learnings.Practice_12.quitBrowser(Practice_12.java:40)
	at learnings.Practice_12.quitBrowser(Practice_12.java:40)
	at learnings.Practice_12.quitBrowser(Practice_12.java:40)
	at learnings.Practice_12.quitBrowser(Practice_12.java:40)
	at learnings.Practice_12.quitBrowser(Practice_12.java:40)
	at learnings.Practice_12.quitBrowser(Practice_12.java:40)
	at learnings.Practice_12.quitBrowser(Practice_12.java:40)
	at learnings.Practice_12.quitBrowser(Practice_12.java:40)
	at learnings.Practice_12.quitBrowser(Practice_12.java:40)
	at learnings.Practice_12.quitBrowser(Practice_12.java:40)
	at learnings.Practice_12.quitBrowser(Practice_12.java:40)
	at learnings.Practice_12.quitBrowser(Practice_12.java:40)
	at learnings.Practice_12.quitBrowser(Practice_12.java:40)
	at learnings.Practice_12.quitBrowser(Practice_12.java:40)
	at learnings.Practice_12.quitBrowser(Practice_12.java:40)
	at learnings.Practice_12.quitBrowser(Practice_12.java:40)
	at learnings.Practice_12.quitBrowser(Practice_12.java:40)
	at learnings.Practice_12.quitBrowser(Practice_12.java:40)
	at learnings.Practice_12.quitBrowser(Practice_12.java:40)
	at learnings.Practice_12.quitBrowser(Practice_12.java:40)
	at learnings.Practice_12.quitBrowser(Practice_12.java:40)
	at learnings.Practice_12.quitBrowser(Practice_12.java:40)
	at learnings.Practice_12.quitBrowser(Practice_12.java:40)
	at learnings.Practice_12.quitBrowser(Practice_12.java:40)
	at learnings.Practice_12.quitBrowser(Practice_12.java:40)
	at learnings.Practice_12.quitBrowser(Practice_12.java:40)
	at learnings.Practice_12.quitBrowser(Practice_12.java:40)
	at learnings.Practice_12.quitBrowser(Practice_12.java:40)
	at learnings.Practice_12.quitBrowser(Practice_12.java:40)
	at learnings.Practice_12.quitBrowser(Practice_12.java:40)
	at learnings.Practice_12.quitBrowser(Practice_12.java:40)
	at learnings.Practice_12.quitBrowser(Practice_12.java:40)
	at learnings.Practice_12.quitBrowser(Practice_12.java:40)
	at learnings.Practice_12.quitBrowser(Practice_12.java:40)
	at learnings.Practice_12.quitBrowser(Practice_12.java:40)
	at learnings.Practice_12.quitBrowser(Practice_12.java:40)
	at learnings.Practice_12.quitBrowser(Practice_12.java:40)
	at learnings.Practice_12.quitBrowser(Practice_12.java:40)
	at learnings.Practice_12.quitBrowser(Practice_12.java:40)
	at learnings.Practice_12.quitBrowser(Practice_12.java:40)
	at learnings.Practice_12.quitBrowser(Practice_12.java:40)
	at learnings.Practice_12.quitBrowser(Practice_12.java:40)
	at learnings.Practice_12.quitBrowser(Practice_12.java:40)
	at learnings.Practice_12.quitBrowser(Practice_12.java:40)
	at learnings.Practice_12.quitBrowser(Practice_12.java:40)
	at learnings.Practice_12.quitBrowser(Practice_12.java:40)
	at learnings.Practice_12.quitBrowser(Practice_12.java:40)
	at learnings.Practice_12.quitBrowser(Practice_12.java:40)
	at learnings.Practice_12.quitBrowser(Practice_12.java:40)
	at learnings.Practice_12.quitBrowser(Practice_12.java:40)
	at learnings.Practice_12.quitBrowser(Practice_12.java:40)
	at learnings.Practice_12.quitBrowser(Practice_12.java:40)
	at learnings.Practice_12.quitBrowser(Practice_12.java:40)
	at learnings.Practice_12.quitBrowser(Practice_12.java:40)
	at learnings.Practice_12.quitBrowser(Practice_12.java:40)
	at learnings.Practice_12.quitBrowser(Practice_12.java:40)
	at learnings.Practice_12.quitBrowser(Practice_12.java:40)
	at learnings.Practice_12.quitBrowser(Practice_12.java:40)
	at learnings.Practice_12.quitBrowser(Practice_12.java:40)
	at learnings.Practice_12.quitBrowser(Practice_12.java:40)
	at learnings.Practice_12.quitBrowser(Practice_12.java:40)
	at learnings.Practice_12.quitBrowser(Practice_12.java:40)
	at learnings.Practice_12.quitBrowser(Practice_12.java:40)
	at learnings.Practice_12.quitBrowser(Practice_12.java:40)
	at learnings.Practice_12.quitBrowser(Practice_12.java:40)
	at learnings.Practice_12.quitBrowser(Practice_12.java:40)
	at learnings.Practice_12.quitBrowser(Practice_12.java:40)
	at learnings.Practice_12.quitBrowser(Practice_12.java:40)
	at learnings.Practice_12.quitBrowser(Practice_12.java:40)
	at learnings.Practice_12.quitBrowser(Practice_12.java:40)
	at learnings.Practice_12.quitBrowser(Practice_12.java:40)
	at learnings.Practice_12.quitBrowser(Practice_12.java:40)
	at learnings.Practice_12.quitBrowser(Practice_12.java:40)
	at learnings.Practice_12.quitBrowser(Practice_12.java:40)
	at learnings.Practice_12.quitBrowser(Practice_12.java:40)
	at learnings.Practice_12.quitBrowser(Practice_12.java:40)
	at learnings.Practice_12.quitBrowser(Practice_12.java:40)
	at learnings.Practice_12.quitBrowser(Practice_12.java:40)
	at learnings.Practice_12.quitBrowser(Practice_12.java:40)
	at learnings.Practice_12.quitBrowser(Practice_12.java:40)
	at learnings.Practice_12.quitBrowser(Practice_12.java:40)
	at learnings.Practice_12.quitBrowser(Practice_12.java:40)
	at learnings.Practice_12.quitBrowser(Practice_12.java:40)
	at learnings.Practice_12.quitBrowser(Practice_12.java:40)
	at learnings.Practice_12.quitBrowser(Practice_12.java:40)
	at learnings.Practice_12.quitBrowser(Practice_12.java:40)
	at learnings.Practice_12.quitBrowser(Practice_12.java:40)
	at learnings.Practice_12.quitBrowser(Practice_12.java:40)
	at learnings.Practice_12.quitBrowser(Practice_12.java:40)
	at learnings.Practice_12.quitBrowser(Practice_12.java:40)
	at learnings.Practice_12.quitBrowser(Practice_12.java:40)
	at learnings.Practice_12.quitBrowser(Practice_12.java:40)
	at learnings.Practice_12.quitBrowser(Practice_12.java:40)
	at learnings.Practice_12.quitBrowser(Practice_12.java:40)
	at learnings.Practice_12.quitBrowser(Practice_12.java:40)
	at learnings.Practice_12.quitBrowser(Practice_12.java:40)
	at learnings.Practice_12.quitBrowser(Practice_12.java:40)
	at learnings.Practice_12.quitBrowser(Practice_12.java:40)
	at learnings.Practice_12.quitBrowser(Practice_12.java:40)
	at learnings.Practice_12.quitBrowser(Practice_12.java:40)
	at learnings.Practice_12.quitBrowser(Practice_12.java:40)
	at learnings.Practice_12.quitBrowser(Practice_12.java:40)
	at learnings.Practice_12.quitBrowser(Practice_12.java:40)
	at learnings.Practice_12.quitBrowser(Practice_12.java:40)
	at learnings.Practice_12.quitBrowser(Practice_12.java:40)
	at learnings.Practice_12.quitBrowser(Practice_12.java:40)
	at learnings.Practice_12.quitBrowser(Practice_12.java:40)
	at learnings.Practice_12.quitBrowser(Practice_12.java:40)
	at learnings.Practice_12.quitBrowser(Practice_12.java:40)
	at learnings.Practice_12.quitBrowser(Practice_12.java:40)
	at learnings.Practice_12.quitBrowser(Practice_12.java:40)
	at learnings.Practice_12.quitBrowser(Practice_12.java:40)
	at learnings.Practice_12.quitBrowser(Practice_12.java:40)
	at learnings.Practice_12.quitBrowser(Practice_12.java:40)
	at learnings.Practice_12.quitBrowser(Practice_12.java:40)
	at learnings.Practice_12.quitBrowser(Practice_12.java:40)
	at learnings.Practice_12.quitBrowser(Practice_12.java:40)
	at learnings.Practice_12.quitBrowser(Practice_12.java:40)
	at learnings.Practice_12.quitBrowser(Practice_12.java:40)
	at learnings.Practice_12.quitBrowser(Practice_12.java:40)
	at learnings.Practice_12.quitBrowser(Practice_12.java:40)
	at learnings.Practice_12.quitBrowser(Practice_12.java:40)
	at learnings.Practice_12.quitBrowser(Practice_12.java:40)
	at learnings.Practice_12.quitBrowser(Practice_12.java:40)
	at learnings.Practice_12.quitBrowser(Practice_12.java:40)
	at learnings.Practice_12.quitBrowser(Practice_12.java:40)
	at learnings.Practice_12.quitBrowser(Practice_12.java:40)
	at learnings.Practice_12.quitBrowser(Practice_12.java:40)
	at learnings.Practice_12.quitBrowser(Practice_12.java:40)
	at learnings.Practice_12.quitBrowser(Practice_12.java:40)
	at learnings.Practice_12.quitBrowser(Practice_12.java:40)
	at learnings.Practice_12.quitBrowser(Practice_12.java:40)
	at learnings.Practice_12.quitBrowser(Practice_12.java:40)
	at learnings.Practice_12.quitBrowser(Practice_12.java:40)
	at learnings.Practice_12.quitBrowser(Practice_12.java:40)
	at learnings.Practice_12.quitBrowser(Practice_12.java:40)
	at learnings.Practice_12.quitBrowser(Practice_12.java:40)
	at learnings.Practice_12.quitBrowser(Practice_12.java:40)
	at learnings.Practice_12.quitBrowser(Practice_12.java:40)
	at learnings.Practice_12.quitBrowser(Practice_12.java:40)
	at learnings.Practice_12.quitBrowser(Practice_12.java:40)
	at learnings.Practice_12.quitBrowser(Practice_12.java:40)
	at learnings.Practice_12.quitBrowser(Practice_12.java:40)
	at learnings.Practice_12.quitBrowser(Practice_12.java:40)
	at learnings.Practice_12.quitBrowser(Practice_12.java:40)
	at learnings.Practice_12.quitBrowser(Practice_12.java:40)
	at learnings.Practice_12.quitBrowser(Practice_12.java:40)
	at learnings.Practice_12.quitBrowser(Practice_12.java:40)
	at learnings.Practice_12.quitBrowser(Practice_12.java:40)
	at learnings.Practice_12.quitBrowser(Practice_12.java:40)
	at learnings.Practice_12.quitBrowser(Practice_12.java:40)
	at learnings.Practice_12.quitBrowser(Practice_12.java:40)
	at learnings.Practice_12.quitBrowser(Practice_12.java:40)
	at learnings.Practice_12.quitBrowser(Practice_12.java:40)
	at learnings.Practice_12.quitBrowser(Practice_12.java:40)
	at learnings.Practice_12.quitBrowser(Practice_12.java:40)
	at learnings.Practice_12.quitBrowser(Practice_12.java:40)
	at learnings.Practice_12.quitBrowser(Practice_12.java:40)
	at learnings.Practice_12.quitBrowser(Practice_12.java:40)
	at learnings.Practice_12.quitBrowser(Practice_12.java:40)
	at learnings.Practice_12.quitBrowser(Practice_12.java:40)
	at learnings.Practice_12.quitBrowser(Practice_12.java:40)
	at learnings.Practice_12.quitBrowser(Practice_12.java:40)
	at learnings.Practice_12.quitBrowser(Practice_12.java:40)
	at learnings.Practice_12.quitBrowser(Practice_12.java:40)
	at learnings.Practice_12.quitBrowser(Practice_12.java:40)
	at learnings.Practice_12.quitBrowser(Practice_12.java:40)
	at learnings.Practice_12.quitBrowser(Practice_12.java:40)
	at learnings.Practice_12.quitBrowser(Practice_12.java:40)
	at learnings.Practice_12.quitBrowser(Practice_12.java:40)
	at learnings.Practice_12.quitBrowser(Practice_12.java:40)
	at learnings.Practice_12.quitBrowser(Practice_12.java:40)
	at learnings.Practice_12.quitBrowser(Practice_12.java:40)
	at learnings.Practice_12.quitBrowser(Practice_12.java:40)
	at learnings.Practice_12.quitBrowser(Practice_12.java:40)
	at learnings.Practice_12.quitBrowser(Practice_12.java:40)
	at learnings.Practice_12.quitBrowser(Practice_12.java:40)
	at learnings.Practice_12.quitBrowser(Practice_12.java:40)
	at learnings.Practice_12.quitBrowser(Practice_12.java:40)
	at learnings.Practice_12.quitBrowser(Practice_12.java:40)
	at learnings.Practice_12.quitBrowser(Practice_12.java:40)
	at learnings.Practice_12.quitBrowser(Practice_12.java:40)
	at learnings.Practice_12.quitBrowser(Practice_12.java:40)
	at learnings.Practice_12.quitBrowser(Practice_12.java:40)
	at learnings.Practice_12.quitBrowser(Practice_12.java:40)
	at learnings.Practice_12.quitBrowser(Practice_12.java:40)
	at learnings.Practice_12.quitBrowser(Practice_12.java:40)
	at learnings.Practice_12.quitBrowser(Practice_12.java:40)
	at learnings.Practice_12.quitBrowser(Practice_12.java:40)
	at learnings.Practice_12.quitBrowser(Practice_12.java:40)
	at learnings.Practice_12.quitBrowser(Practice_12.java:40)
	at learnings.Practice_12.quitBrowser(Practice_12.java:40)
	at learnings.Practice_12.quitBrowser(Practice_12.java:40)
	at learnings.Practice_12.quitBrowser(Practice_12.java:40)
	at learnings.Practice_12.quitBrowser(Practice_12.java:40)
	at learnings.Practice_12.quitBrowser(Practice_12.java:40)
	at learnings.Practice_12.quitBrowser(Practice_12.java:40)
	at learnings.Practice_12.quitBrowser(Practice_12.java:40)
	at learnings.Practice_12.quitBrowser(Practice_12.java:40)
	at learnings.Practice_12.quitBrowser(Practice_12.java:40)
	at learnings.Practice_12.quitBrowser(Practice_12.java:40)
	at learnings.Practice_12.quitBrowser(Practice_12.java:40)
	at learnings.Practice_12.quitBrowser(Practice_12.java:40)
	at learnings.Practice_12.quitBrowser(Practice_12.java:40)
	at learnings.Practice_12.quitBrowser(Practice_12.java:40)
	at learnings.Practice_12.quitBrowser(Practice_12.java:40)
	at learnings.Practice_12.quitBrowser(Practice_12.java:40)
	at learnings.Practice_12.quitBrowser(Practice_12.java:40)
	at learnings.Practice_12.quitBrowser(Practice_12.java:40)
	at learnings.Practice_12.quitBrowser(Practice_12.java:40)
	at learnings.Practice_12.quitBrowser(Practice_12.java:40)
	at learnings.Practice_12.quitBrowser(Practice_12.java:40)
	at learnings.Practice_12.quitBrowser(Practice_12.java:40)
	at learnings.Practice_12.quitBrowser(Practice_12.java:40)
	at learnings.Practice_12.quitBrowser(Practice_12.java:40)
	at learnings.Practice_12.quitBrowser(Practice_12.java:40)
	at learnings.Practice_12.quitBrowser(Practice_12.java:40)
	at learnings.Practice_12.quitBrowser(Practice_12.java:40)
	at learnings.Practice_12.quitBrowser(Practice_12.java:40)
	at learnings.Practice_12.quitBrowser(Practice_12.java:40)
	at learnings.Practice_12.quitBrowser(Practice_12.java:40)
	at learnings.Practice_12.quitBrowser(Practice_12.java:40)
	at learnings.Practice_12.quitBrowser(Practice_12.java:40)
	at learnings.Practice_12.quitBrowser(Practice_12.java:40)
	at learnings.Practice_12.quitBrowser(Practice_12.java:40)
	at learnings.Practice_12.quitBrowser(Practice_12.java:40)
	at learnings.Practice_12.quitBrowser(Practice_12.java:40)
	at learnings.Practice_12.quitBrowser(Practice_12.java:40)
	at learnings.Practice_12.quitBrowser(Practice_12.java:40)
	at learnings.Practice_12.quitBrowser(Practice_12.java:40)
	at learnings.Practice_12.quitBrowser(Practice_12.java:40)
	at learnings.Practice_12.quitBrowser(Practice_12.java:40)
	at learnings.Practice_12.quitBrowser(Practice_12.java:40)
	at learnings.Practice_12.quitBrowser(Practice_12.java:40)
	at learnings.Practice_12.quitBrowser(Practice_12.java:40)
	at learnings.Practice_12.quitBrowser(Practice_12.java:40)
	at learnings.Practice_12.quitBrowser(Practice_12.java:40)
	at learnings.Practice_12.quitBrowser(Practice_12.java:40)
	at learnings.Practice_12.quitBrowser(Practice_12.java:40)
	at learnings.Practice_12.quitBrowser(Practice_12.java:40)
	at learnings.Practice_12.quitBrowser(Practice_12.java:40)
	at learnings.Practice_12.quitBrowser(Practice_12.java:40)
	at learnings.Practice_12.quitBrowser(Practice_12.java:40)
	at learnings.Practice_12.quitBrowser(Practice_12.java:40)
	at learnings.Practice_12.quitBrowser(Practice_12.java:40)
	at learnings.Practice_12.quitBrowser(Practice_12.java:40)
	at learnings.Practice_12.quitBrowser(Practice_12.java:40)
	at learnings.Practice_12.quitBrowser(Practice_12.java:40)
	at learnings.Practice_12.quitBrowser(Practice_12.java:40)
	at learnings.Practice_12.quitBrowser(Practice_12.java:40)
	at learnings.Practice_12.quitBrowser(Practice_12.java:40)
	at learnings.Practice_12.quitBrowser(Practice_12.java:40)
	at learnings.Practice_12.quitBrowser(Practice_12.java:40)
	at learnings.Practice_12.quitBrowser(Practice_12.java:40)
	at learnings.Practice_12.quitBrowser(Practice_12.java:40)
	at learnings.Practice_12.quitBrowser(Practice_12.java:40)
	at learnings.Practice_12.quitBrowser(Practice_12.java:40)
	at learnings.Practice_12.quitBrowser(Practice_12.java:40)
	at learnings.Practice_12.quitBrowser(Practice_12.java:40)
	at learnings.Practice_12.quitBrowser(Practice_12.java:40)
	at learnings.Practice_12.quitBrowser(Practice_12.java:40)
	at learnings.Practice_12.quitBrowser(Practice_12.java:40)
	at learnings.Practice_12.quitBrowser(Practice_12.java:40)
	at learnings.Practice_12.quitBrowser(Practice_12.java:40)
	at learnings.Practice_12.quitBrowser(Practice_12.java:40)
	at learnings.Practice_12.quitBrowser(Practice_12.java:40)
	at learnings.Practice_12.quitBrowser(Practice_12.java:40)
	at learnings.Practice_12.quitBrowser(Practice_12.java:40)
	at learnings.Practice_12.quitBrowser(Practice_12.java:40)
	at learnings.Practice_12.quitBrowser(Practice_12.java:40)
	at learnings.Practice_12.quitBrowser(Practice_12.java:40)
	at learnings.Practice_12.quitBrowser(Practice_12.java:40)
	at learnings.Practice_12.quitBrowser(Practice_12.java:40)
	at learnings.Practice_12.quitBrowser(Practice_12.java:40)
	at learnings.Practice_12.quitBrowser(Practice_12.java:40)
	at learnings.Practice_12.quitBrowser(Practice_12.java:40)
	at learnings.Practice_12.quitBrowser(Practice_12.java:40)
	at learnings.Practice_12.quitBrowser(Practice_12.java:40)
	at learnings.Practice_12.quitBrowser(Practice_12.java:40)
	at learnings.Practice_12.quitBrowser(Practice_12.java:40)
	at learnings.Practice_12.quitBrowser(Practice_12.java:40)
	at learnings.Practice_12.quitBrowser(Practice_12.java:40)
	at learnings.Practice_12.quitBrowser(Practice_12.java:40)
	at learnings.Practice_12.quitBrowser(Practice_12.java:40)
	at learnings.Practice_12.quitBrowser(Practice_12.java:40)
	at learnings.Practice_12.quitBrowser(Practice_12.java:40)
	at learnings.Practice_12.quitBrowser(Practice_12.java:40)
	at learnings.Practice_12.quitBrowser(Practice_12.java:40)
	at learnings.Practice_12.quitBrowser(Practice_12.java:40)
	at learnings.Practice_12.quitBrowser(Practice_12.java:40)
	at learnings.Practice_12.quitBrowser(Practice_12.java:40)
	at learnings.Practice_12.quitBrowser(Practice_12.java:40)
	at learnings.Practice_12.quitBrowser(Practice_12.java:40)
	at learnings.Practice_12.quitBrowser(Practice_12.java:40)
	at learnings.Practice_12.quitBrowser(Practice_12.java:40)
	at learnings.Practice_12.quitBrowser(Practice_12.java:40)
	at learnings.Practice_12.quitBrowser(Practice_12.java:40)
	at learnings.Practice_12.quitBrowser(Practice_12.java:40)
	at learnings.Practice_12.quitBrowser(Practice_12.java:40)
	at learnings.Practice_12.quitBrowser(Practice_12.java:40)
	at learnings.Practice_12.quitBrowser(Practice_12.java:40)
	at learnings.Practice_12.quitBrowser(Practice_12.java:40)
	at learnings.Practice_12.quitBrowser(Practice_12.java:40)
	at learnings.Practice_12.quitBrowser(Practice_12.java:40)
	at learnings.Practice_12.quitBrowser(Practice_12.java:40)
	at learnings.Practice_12.quitBrowser(Practice_12.java:40)
	at learnings.Practice_12.quitBrowser(Practice_12.java:40)
	at learnings.Practice_12.quitBrowser(Practice_12.java:40)
	at learnings.Practice_12.quitBrowser(Practice_12.java:40)
	at learnings.Practice_12.quitBrowser(Practice_12.java:40)
	at learnings.Practice_12.quitBrowser(Practice_12.java:40)
	at learnings.Practice_12.quitBrowser(Practice_12.java:40)
	at learnings.Practice_12.quitBrowser(Practice_12.java:40)
	at learnings.Practice_12.quitBrowser(Practice_12.java:40)
	at learnings.Practice_12.quitBrowser(Practice_12.java:40)
	at learnings.Practice_12.quitBrowser(Practice_12.java:40)
	at learnings.Practice_12.quitBrowser(Practice_12.java:40)
	at learnings.Practice_12.quitBrowser(Practice_12.java:40)
	at learnings.Practice_12.quitBrowser(Practice_12.java:40)
	at learnings.Practice_12.quitBrowser(Practice_12.java:40)
	at learnings.Practice_12.quitBrowser(Practice_12.java:40)
	at learnings.Practice_12.quitBrowser(Practice_12.java:40)
	at learnings.Practice_12.quitBrowser(Practice_12.java:40)
	at learnings.Practice_12.quitBrowser(Practice_12.java:40)
	at learnings.Practice_12.quitBrowser(Practice_12.java:40)
	at learnings.Practice_12.quitBrowser(Practice_12.java:40)
	at learnings.Practice_12.quitBrowser(Practice_12.java:40)
	at learnings.Practice_12.quitBrowser(Practice_12.java:40)
	at learnings.Practice_12.quitBrowser(Practice_12.java:40)
	at learnings.Practice_12.quitBrowser(Practice_12.java:40)
	at learnings.Practice_12.quitBrowser(Practice_12.java:40)
	at learnings.Practice_12.quitBrowser(Practice_12.java:40)
	at learnings.Practice_12.quitBrowser(Practice_12.java:40)
	at learnings.Practice_12.quitBrowser(Practice_12.java:40)
	at learnings.Practice_12.quitBrowser(Practice_12.java:40)
	at learnings.Practice_12.quitBrowser(Practice_12.java:40)
	at learnings.Practice_12.quitBrowser(Practice_12.java:40)
	at learnings.Practice_12.quitBrowser(Practice_12.java:40)
	at learnings.Practice_12.quitBrowser(Practice_12.java:40)
	at learnings.Practice_12.quitBrowser(Practice_12.java:40)
	at learnings.Practice_12.quitBrowser(Practice_12.java:40)
	at learnings.Practice_12.quitBrowser(Practice_12.java:40)
	at learnings.Practice_12.quitBrowser(Practice_12.java:40)
	at learnings.Practice_12.quitBrowser(Practice_12.java:40)
	at learnings.Practice_12.quitBrowser(Practice_12.java:40)
	at learnings.Practice_12.quitBrowser(Practice_12.java:40)
	at learnings.Practice_12.quitBrowser(Practice_12.java:40)
	at learnings.Practice_12.quitBrowser(Practice_12.java:40)
	at learnings.Practice_12.quitBrowser(Practice_12.java:40)
	at learnings.Practice_12.quitBrowser(Practice_12.java:40)
	at learnings.Practice_12.quitBrowser(Practice_12.java:40)
	at learnings.Practice_12.quitBrowser(Practice_12.java:40)
	at learnings.Practice_12.quitBrowser(Practice_12.java:40)
	at learnings.Practice_12.quitBrowser(Practice_12.java:40)
	at learnings.Practice_12.quitBrowser(Practice_12.java:40)
	at learnings.Practice_12.quitBrowser(Practice_12.java:40)
	at learnings.Practice_12.quitBrowser(Practice_12.java:40)
	at learnings.Practice_12.quitBrowser(Practice_12.java:40)
	at learnings.Practice_12.quitBrowser(Practice_12.java:40)
	at learnings.Practice_12.quitBrowser(Practice_12.java:40)
	at learnings.Practice_12.quitBrowser(Practice_12.java:40)
	at learnings.Practice_12.quitBrowser(Practice_12.java:40)
	at learnings.Practice_12.quitBrowser(Practice_12.java:40)
	at learnings.Practice_12.quitBrowser(Practice_12.java:40)
	at learnings.Practice_12.quitBrowser(Practice_12.java:40)
	at learnings.Practice_12.quitBrowser(Practice_12.java:40)
	at learnings.Practice_12.quitBrowser(Practice_12.java:40)
	at learnings.Practice_12.quitBrowser(Practice_12.java:40)
	at learnings.Practice_12.quitBrowser(Practice_12.java:40)
	at learnings.Practice_12.quitBrowser(Practice_12.java:40)
	at learnings.Practice_12.quitBrowser(Practice_12.java:40)
	at learnings.Practice_12.quitBrowser(Practice_12.java:40)
	at learnings.Practice_12.quitBrowser(Practice_12.java:40)
	at learnings.Practice_12.quitBrowser(Practice_12.java:40)
	at learnings.Practice_12.quitBrowser(Practice_12.java:40)
	at learnings.Practice_12.quitBrowser(Practice_12.java:40)
	at learnings.Practice_12.quitBrowser(Practice_12.java:40)
	at learnings.Practice_12.quitBrowser(Practice_12.java:40)
	at learnings.Practice_12.quitBrowser(Practice_12.java:40)
	at learnings.Practice_12.quitBrowser(Practice_12.java:40)
	at learnings.Practice_12.quitBrowser(Practice_12.java:40)
	at learnings.Practice_12.quitBrowser(Practice_12.java:40)
	at learnings.Practice_12.quitBrowser(Practice_12.java:40)
	at learnings.Practice_12.quitBrowser(Practice_12.java:40)
	at learnings.Practice_12.quitBrowser(Practice_12.java:40)
	at learnings.Practice_12.quitBrowser(Practice_12.java:40)
	at learnings.Practice_12.quitBrowser(Practice_12.java:40)
	at learnings.Practice_12.quitBrowser(Practice_12.java:40)
	at learnings.Practice_12.quitBrowser(Practice_12.java:40)
	at learnings.Practice_12.quitBrowser(Practice_12.java:40)
	at learnings.Practice_12.quitBrowser(Practice_12.java:40)
	at learnings.Practice_12.quitBrowser(Practice_12.java:40)
	at learnings.Practice_12.quitBrowser(Practice_12.java:40)
	at learnings.Practice_12.quitBrowser(Practice_12.java:40)
	at learnings.Practice_12.quitBrowser(Practice_12.java:40)
	at learnings.Practice_12.quitBrowser(Practice_12.java:40)
	at learnings.Practice_12.quitBrowser(Practice_12.java:40)
	at learnings.Practice_12.quitBrowser(Practice_12.java:40)
	at learnings.Practice_12.quitBrowser(Practice_12.java:40)
	at learnings.Practice_12.quitBrowser(Practice_12.java:40)
	at learnings.Practice_12.quitBrowser(Practice_12.java:40)
	at learnings.Practice_12.quitBrowser(Practice_12.java:40)
	at learnings.Practice_12.quitBrowser(Practice_12.java:40)
	at learnings.Practice_12.quitBrowser(Practice_12.java:40)
	at learnings.Practice_12.quitBrowser(Practice_12.java:40)
	at learnings.Practice_12.quitBrowser(Practice_12.java:40)
	at learnings.Practice_12.quitBrowser(Practice_12.java:40)
	at learnings.Practice_12.quitBrowser(Practice_12.java:40)
	at learnings.Practice_12.quitBrowser(Practice_12.java:40)
	at learnings.Practice_12.quitBrowser(Practice_12.java:40)
	at learnings.Practice_12.quitBrowser(Practice_12.java:40)
	at learnings.Practice_12.quitBrowser(Practice_12.java:40)
	at learnings.Practice_12.quitBrowser(Practice_12.java:40)
	at learnings.Practice_12.quitBrowser(Practice_12.java:40)
	at learnings.Practice_12.quitBrowser(Practice_12.java:40)
	at learnings.Practice_12.quitBrowser(Practice_12.java:40)
	at learnings.Practice_12.quitBrowser(Practice_12.java:40)
	at learnings.Practice_12.quitBrowser(Practice_12.java:40)
	at learnings.Practice_12.quitBrowser(Practice_12.java:40)
	at learnings.Practice_12.quitBrowser(Practice_12.java:40)
	at learnings.Practice_12.quitBrowser(Practice_12.java:40)
	at learnings.Practice_12.quitBrowser(Practice_12.java:40)
	at learnings.Practice_12.quitBrowser(Practice_12.java:40)
	at learnings.Practice_12.quitBrowser(Practice_12.java:40)
	at learnings.Practice_12.quitBrowser(Practice_12.java:40)
	at learnings.Practice_12.quitBrowser(Practice_12.java:40)
	at learnings.Practice_12.quitBrowser(Practice_12.java:40)
	at learnings.Practice_12.quitBrowser(Practice_12.java:40)
	at learnings.Practice_12.quitBrowser(Practice_12.java:40)
	at learnings.Practice_12.quitBrowser(Practice_12.java:40)
	at learnings.Practice_12.quitBrowser(Practice_12.java:40)
	at learnings.Practice_12.quitBrowser(Practice_12.java:40)
	at learnings.Practice_12.quitBrowser(Practice_12.java:40)
	at learnings.Practice_12.quitBrowser(Practice_12.java:40)
	at learnings.Practice_12.quitBrowser(Practice_12.java:40)
	at learnings.Practice_12.quitBrowser(Practice_12.java:40)
	at learnings.Practice_12.quitBrowser(Practice_12.java:40)
	at learnings.Practice_12.quitBrowser(Practice_12.java:40)
	at learnings.Practice_12.quitBrowser(Practice_12.java:40)
	at learnings.Practice_12.quitBrowser(Practice_12.java:40)
	at learnings.Practice_12.quitBrowser(Practice_12.java:40)
	at learnings.Practice_12.quitBrowser(Practice_12.java:40)
	at learnings.Practice_12.quitBrowser(Practice_12.java:40)
	at learnings.Practice_12.quitBrowser(Practice_12.java:40)
	at learnings.Practice_12.quitBrowser(Practice_12.java:40)
	at learnings.Practice_12.quitBrowser(Practice_12.java:40)
	at learnings.Practice_12.quitBrowser(Practice_12.java:40)
	at learnings.Practice_12.quitBrowser(Practice_12.java:40)
	at learnings.Practice_12.quitBrowser(Practice_12.java:40)
	at learnings.Practice_12.quitBrowser(Practice_12.java:40)
	at learnings.Practice_12.quitBrowser(Practice_12.java:40)
	at learnings.Practice_12.quitBrowser(Practice_12.java:40)
	at learnings.Practice_12.quitBrowser(Practice_12.java:40)
	at learnings.Practice_12.quitBrowser(Practice_12.java:40)
	at learnings.Practice_12.quitBrowser(Practice_12.java:40)
	at learnings.Practice_12.quitBrowser(Practice_12.java:40)
	at learnings.Practice_12.quitBrowser(Practice_12.java:40)
	at learnings.Practice_12.quitBrowser(Practice_12.java:40)
	at learnings.Practice_12.quitBrowser(Practice_12.java:40)
	at learnings.Practice_12.quitBrowser(Practice_12.java:40)
	at learnings.Practice_12.quitBrowser(Practice_12.java:40)
	at learnings.Practice_12.quitBrowser(Practice_12.java:40)
	at learnings.Practice_12.quitBrowser(Practice_12.java:40)
	at learnings.Practice_12.quitBrowser(Practice_12.java:40)
	at learnings.Practice_12.quitBrowser(Practice_12.java:40)
	at learnings.Practice_12.quitBrowser(Practice_12.java:40)
	at learnings.Practice_12.quitBrowser(Practice_12.java:40)
	at learnings.Practice_12.quitBrowser(Practice_12.java:40)
	at learnings.Practice_12.quitBrowser(Practice_12.java:40)
	at learnings.Practice_12.quitBrowser(Practice_12.java:40)
	at learnings.Practice_12.quitBrowser(Practice_12.java:40)
	at learnings.Practice_12.quitBrowser(Practice_12.java:40)
	at learnings.Practice_12.quitBrowser(Practice_12.java:40)
	at learnings.Practice_12.quitBrowser(Practice_12.java:40)
	at learnings.Practice_12.quitBrowser(Practice_12.java:40)
	at learnings.Practice_12.quitBrowser(Practice_12.java:40)
	at learnings.Practice_12.quitBrowser(Practice_12.java:40)
	at learnings.Practice_12.quitBrowser(Practice_12.java:40)
	at learnings.Practice_12.quitBrowser(Practice_12.java:40)
	at learnings.Practice_12.quitBrowser(Practice_12.java:40)
	at learnings.Practice_12.quitBrowser(Practice_12.java:40)
	at learnings.Practice_12.quitBrowser(Practice_12.java:40)
	at learnings.Practice_12.quitBrowser(Practice_12.java:40)
	at learnings.Practice_12.quitBrowser(Practice_12.java:40)
	at learnings.Practice_12.quitBrowser(Practice_12.java:40)
	at learnings.Practice_12.quitBrowser(Practice_12.java:40)
	at learnings.Practice_12.quitBrowser(Practice_12.java:40)
	at learnings.Practice_12.quitBrowser(Practice_12.java:40)
	at learnings.Practice_12.quitBrowser(Practice_12.java:40)
	at learnings.Practice_12.quitBrowser(Practice_12.java:40)
	at learnings.Practice_12.quitBrowser(Practice_12.java:40)
	at learnings.Practice_12.quitBrowser(Practice_12.java:40)
	at learnings.Practice_12.quitBrowser(Practice_12.java:40)
	at learnings.Practice_12.quitBrowser(Practice_12.java:40)
	at learnings.Practice_12.quitBrowser(Practice_12.java:40)
	at learnings.Practice_12.quitBrowser(Practice_12.java:40)
	at learnings.Practice_12.quitBrowser(Practice_12.java:40)
	at learnings.Practice_12.quitBrowser(Practice_12.java:40)
	at learnings.Practice_12.quitBrowser(Practice_12.java:40)
	at learnings.Practice_12.quitBrowser(Practice_12.java:40)
	at learnings.Practice_12.quitBrowser(Practice_12.java:40)
	at learnings.Practice_12.quitBrowser(Practice_12.java:40)
	at learnings.Practice_12.quitBrowser(Practice_12.java:40)
	at learnings.Practice_12.quitBrowser(Practice_12.java:40)
	at learnings.Practice_12.quitBrowser(Practice_12.java:40)
	at learnings.Practice_12.quitBrowser(Practice_12.java:40)
	at learnings.Practice_12.quitBrowser(Practice_12.java:40)
	at learnings.Practice_12.quitBrowser(Practice_12.java:40)
	at learnings.Practice_12.quitBrowser(Practice_12.java:40)
	at learnings.Practice_12.quitBrowser(Practice_12.java:40)
	at learnings.Practice_12.quitBrowser(Practice_12.java:40)
	at learnings.Practice_12.quitBrowser(Practice_12.java:40)
	at learnings.Practice_12.quitBrowser(Practice_12.java:40)
	at learnings.Practice_12.quitBrowser(Practice_12.java:40)
	at learnings.Practice_12.quitBrowser(Practice_12.java:40)
	at learnings.Practice_12.quitBrowser(Practice_12.java:40)
	at learnings.Practice_12.quitBrowser(Practice_12.java:40)
	at learnings.Practice_12.quitBrowser(Practice_12.java:40)
	at learnings.Practice_12.quitBrowser(Practice_12.java:40)
	at learnings.Practice_12.quitBrowser(Practice_12.java:40)
	at learnings.Practice_12.quitBrowser(Practice_12.java:40)
	at learnings.Practice_12.quitBrowser(Practice_12.java:40)
	at learnings.Practice_12.quitBrowser(Practice_12.java:40)
	at learnings.Practice_12.quitBrowser(Practice_12.java:40)
	at learnings.Practice_12.quitBrowser(Practice_12.java:40)
	at learnings.Practice_12.quitBrowser(Practice_12.java:40)
	at learnings.Practice_12.quitBrowser(Practice_12.java:40)
	at learnings.Practice_12.quitBrowser(Practice_12.java:40)
	at learnings.Practice_12.quitBrowser(Practice_12.java:40)
	at learnings.Practice_12.quitBrowser(Practice_12.java:40)
	at learnings.Practice_12.quitBrowser(Practice_12.java:40)
	at learnings.Practice_12.quitBrowser(Practice_12.java:40)
	at learnings.Practice_12.quitBrowser(Practice_12.java:40)
	at learnings.Practice_12.quitBrowser(Practice_12.java:40)
	at learnings.Practice_12.quitBrowser(Practice_12.java:40)
	at learnings.Practice_12.quitBrowser(Practice_12.java:40)
	at learnings.Practice_12.quitBrowser(Practice_12.java:40)
	at learnings.Practice_12.quitBrowser(Practice_12.java:40)
	at learnings.Practice_12.quitBrowser(Practice_12.java:40)
	at learnings.Practice_12.quitBrowser(Practice_12.java:40)
	at learnings.Practice_12.quitBrowser(Practice_12.java:40)
	at learnings.Practice_12.quitBrowser(Practice_12.java:40)
	at learnings.Practice_12.quitBrowser(Practice_12.java:40)
	at learnings.Practice_12.quitBrowser(Practice_12.java:40)
	at learnings.Practice_12.quitBrowser(Practice_12.java:40)
	at learnings.Practice_12.quitBrowser(Practice_12.java:40)
	at learnings.Practice_12.quitBrowser(Practice_12.java:40)
	at learnings.Practice_12.quitBrowser(Practice_12.java:40)
	at learnings.Practice_12.quitBrowser(Practice_12.java:40)
	at learnings.Practice_12.quitBrowser(Practice_12.java:40)
	at learnings.Practice_12.quitBrowser(Practice_12.java:40)
	at learnings.Practice_12.quitBrowser(Practice_12.java:40)
	at learnings.Practice_12.quitBrowser(Practice_12.java:40)
	at learnings.Practice_12.quitBrowser(Practice_12.java:40)
	at learnings.Practice_12.quitBrowser(Practice_12.java:40)
	at learnings.Practice_12.quitBrowser(Practice_12.java:40)
	at learnings.Practice_12.quitBrowser(Practice_12.java:40)
	at learnings.Practice_12.quitBrowser(Practice_12.java:40)
	at learnings.Practice_12.quitBrowser(Practice_12.java:40)
	at learnings.Practice_12.quitBrowser(Practice_12.java:40)
	at learnings.Practice_12.quitBrowser(Practice_12.java:40)
	at learnings.Practice_12.quitBrowser(Practice_12.java:40)
	at learnings.Practice_12.quitBrowser(Practice_12.java:40)
	at learnings.Practice_12.quitBrowser(Practice_12.java:40)
	at learnings.Practice_12.quitBrowser(Practice_12.java:40)
	at learnings.Practice_12.quitBrowser(Practice_12.java:40)
	at learnings.Practice_12.quitBrowser(Practice_12.java:40)
	at learnings.Practice_12.quitBrowser(Practice_12.java:40)
	at learnings.Practice_12.quitBrowser(Practice_12.java:40)
	at learnings.Practice_12.quitBrowser(Practice_12.java:40)
	at learnings.Practice_12.quitBrowser(Practice_12.java:40)
	at learnings.Practice_12.quitBrowser(Practice_12.java:40)
	at learnings.Practice_12.quitBrowser(Practice_12.java:40)
	at learnings.Practice_12.quitBrowser(Practice_12.java:40)
	at learnings.Practice_12.quitBrowser(Practice_12.java:40)
	at learnings.Practice_12.quitBrowser(Practice_12.java:40)
	at learnings.Practice_12.quitBrowser(Practice_12.java:40)
	at learnings.Practice_12.quitBrowser(Practice_12.java:40)
	at learnings.Practice_12.quitBrowser(Practice_12.java:40)
	at learnings.Practice_12.quitBrowser(Practice_12.java:40)
	at learnings.Practice_12.quitBrowser(Practice_12.java:40)
	at learnings.Practice_12.quitBrowser(Practice_12.java:40)
	at learnings.Practice_12.quitBrowser(Practice_12.java:40)
	at learnings.Practice_12.quitBrowser(Practice_12.java:40)
	at learnings.Practice_12.quitBrowser(Practice_12.java:40)
	at learnings.Practice_12.quitBrowser(Practice_12.java:40)
	at learnings.Practice_12.quitBrowser(Practice_12.java:40)
	at learnings.Practice_12.quitBrowser(Practice_12.java:40)
	at learnings.Practice_12.quitBrowser(Practice_12.java:40)
	at learnings.Practice_12.quitBrowser(Practice_12.java:40)
	at learnings.Practice_12.quitBrowser(Practice_12.java:40)
	at learnings.Practice_12.quitBrowser(Practice_12.java:40)
	at learnings.Practice_12.quitBrowser(Practice_12.java:40)
	at learnings.Practice_12.quitBrowser(Practice_12.java:40)
	at learnings.Practice_12.quitBrowser(Practice_12.java:40)
	at learnings.Practice_12.quitBrowser(Practice_12.java:40)
	at learnings.Practice_12.quitBrowser(Practice_12.java:40)
	at learnings.Practice_12.quitBrowser(Practice_12.java:40)
	at learnings.Practice_12.quitBrowser(Practice_12.java:40)
	at learnings.Practice_12.quitBrowser(Practice_12.java:40)
	at learnings.Practice_12.quitBrowser(Practice_12.java:40)
	at learnings.Practice_12.quitBrowser(Practice_12.java:40)
	at learnings.Practice_12.quitBrowser(Practice_12.java:40)
	at learnings.Practice_12.quitBrowser(Practice_12.java:40)
	at learnings.Practice_12.quitBrowser(Practice_12.java:40)
	at learnings.Practice_12.quitBrowser(Practice_12.java:40)
	at learnings.Practice_12.quitBrowser(Practice_12.java:40)
	at learnings.Practice_12.quitBrowser(Practice_12.java:40)
	at learnings.Practice_12.quitBrowser(Practice_12.java:40)
	at learnings.Practice_12.quitBrowser(Practice_12.java:40)
	at learnings.Practice_12.quitBrowser(Practice_12.java:40)
	at learnings.Practice_12.quitBrowser(Practice_12.java:40)
	at learnings.Practice_12.quitBrowser(Practice_12.java:40)
	at learnings.Practice_12.quitBrowser(Practice_12.java:40)
	at learnings.Practice_12.quitBrowser(Practice_12.java:40)
	at learnings.Practice_12.quitBrowser(Practice_12.java:40)
	at learnings.Practice_12.quitBrowser(Practice_12.java:40)
	at learnings.Practice_12.quitBrowser(Practice_12.java:40)
	at learnings.Practice_12.quitBrowser(Practice_12.java:40)
	at learnings.Practice_12.quitBrowser(Practice_12.java:40)
	at learnings.Practice_12.quitBrowser(Practice_12.java:40)
	at learnings.Practice_12.quitBrowser(Practice_12.java:40)
	at learnings.Practice_12.quitBrowser(Practice_12.java:40)
	at learnings.Practice_12.quitBrowser(Practice_12.java:40)
	at learnings.Practice_12.quitBrowser(Practice_12.java:40)
	at learnings.Practice_12.quitBrowser(Practice_12.java:40)
	at learnings.Practice_12.quitBrowser(Practice_12.java:40)
	at learnings.Practice_12.quitBrowser(Practice_12.java:40)
	at learnings.Practice_12.quitBrowser(Practice_12.java:40)
	at learnings.Practice_12.quitBrowser(Practice_12.java:40)
	at learnings.Practice_12.quitBrowser(Practice_12.java:40)
	at learnings.Practice_12.quitBrowser(Practice_12.java:40)
	at learnings.Practice_12.quitBrowser(Practice_12.java:40)
	at learnings.Practice_12.quitBrowser(Practice_12.java:40)
	at learnings.Practice_12.quitBrowser(Practice_12.java:40)
	at learnings.Practice_12.quitBrowser(Practice_12.java:40)
	at learnings.Practice_12.quitBrowser(Practice_12.java:40)
	at learnings.Practice_12.quitBrowser(Practice_12.java:40)
	at learnings.Practice_12.quitBrowser(Practice_12.java:40)
	at learnings.Practice_12.quitBrowser(Practice_12.java:40)
	at learnings.Practice_12.quitBrowser(Practice_12.java:40)
	at learnings.Practice_12.quitBrowser(Practice_12.java:40)
	at learnings.Practice_12.quitBrowser(Practice_12.java:40)
	at learnings.Practice_12.quitBrowser(Practice_12.java:40)
	at learnings.Practice_12.quitBrowser(Practice_12.java:40)
	at learnings.Practice_12.quitBrowser(Practice_12.java:40)
	at learnings.Practice_12.quitBrowser(Practice_12.java:40)
	at learnings.Practice_12.quitBrowser(Practice_12.java:40)
	at learnings.Practice_12.quitBrowser(Practice_12.java:40)
	at learnings.Practice_12.quitBrowser(Practice_12.java:40)
	at learnings.Practice_12.quitBrowser(Practice_12.java:40)
	at learnings.Practice_12.quitBrowser(Practice_12.java:40)
	at learnings.Practice_12.quitBrowser(Practice_12.java:40)
	at learnings.Practice_12.quitBrowser(Practice_12.java:40)
	at learnings.Practice_12.quitBrowser(Practice_12.java:40)
	at learnings.Practice_12.quitBrowser(Practice_12.java:40)
	at learnings.Practice_12.quitBrowser(Practice_12.java:40)
	at learnings.Practice_12.quitBrowser(Practice_12.java:40)
	at learnings.Practice_12.quitBrowser(Practice_12.java:40)
	at learnings.Practice_12.quitBrowser(Practice_12.java:40)
	at learnings.Practice_12.quitBrowser(Practice_12.java:40)
	at learnings.Practice_12.quitBrowser(Practice_12.java:40)
	at learnings.Practice_12.quitBrowser(Practice_12.java:40)
	at learnings.Practice_12.quitBrowser(Practice_12.java:40)
	at learnings.Practice_12.quitBrowser(Practice_12.java:40)
	at learnings.Practice_12.quitBrowser(Practice_12.java:40)
	at learnings.Practice_12.quitBrowser(Practice_12.java:40)
	at learnings.Practice_12.quitBrowser(Practice_12.java:40)
	at learnings.Practice_12.quitBrowser(Practice_12.java:40)
	at learnings.Practice_12.quitBrowser(Practice_12.java:40)
	at learnings.Practice_12.quitBrowser(Practice_12.java:40)
	at learnings.Practice_12.quitBrowser(Practice_12.java:40)
	at learnings.Practice_12.quitBrowser(Practice_12.java:40)
	at learnings.Practice_12.quitBrowser(Practice_12.java:40)
	at learnings.Practice_12.quitBrowser(Practice_12.java:40)
	at learnings.Practice_12.quitBrowser(Practice_12.java:40)
	at learnings.Practice_12.quitBrowser(Practice_12.java:40)
	at learnings.Practice_12.quitBrowser(Practice_12.java:40)
	at learnings.Practice_12.quitBrowser(Practice_12.java:40)
	at learnings.Practice_12.quitBrowser(Practice_12.java:40)
	at learnings.Practice_12.quitBrowser(Practice_12.java:40)
	at learnings.Practice_12.quitBrowser(Practice_12.java:40)
	at learnings.Practice_12.quitBrowser(Practice_12.java:40)
	at learnings.Practice_12.quitBrowser(Practice_12.java:40)
	at learnings.Practice_12.quitBrowser(Practice_12.java:40)
	at learnings.Practice_12.quitBrowser(Practice_12.java:40)
	at learnings.Practice_12.quitBrowser(Practice_12.java:40)
	at learnings.Practice_12.quitBrowser(Practice_12.java:40)
	at learnings.Practice_12.quitBrowser(Practice_12.java:40)
	at learnings.Practice_12.quitBrowser(Practice_12.java:40)
	at learnings.Practice_12.quitBrowser(Practice_12.java:40)
	at learnings.Practice_12.quitBrowser(Practice_12.java:40)
	at learnings.Practice_12.quitBrowser(Practice_12.java:40)
	at learnings.Practice_12.quitBrowser(Practice_12.java:40)
	at learnings.Practice_12.quitBrowser(Practice_12.java:40)
	at learnings.Practice_12.quitBrowser(Practice_12.java:40)
	at learnings.Practice_12.quitBrowser(Practice_12.java:40)
	at learnings.Practice_12.quitBrowser(Practice_12.java:40)
	at learnings.Practice_12.quitBrowser(Practice_12.java:40)
	at learnings.Practice_12.quitBrowser(Practice_12.java:40)
	at learnings.Practice_12.quitBrowser(Practice_12.java:40)
	at learnings.Practice_12.quitBrowser(Practice_12.java:40)
	at learnings.Practice_12.quitBrowser(Practice_12.java:40)
	at learnings.Practice_12.quitBrowser(Practice_12.java:40)
	at learnings.Practice_12.quitBrowser(Practice_12.java:40)
	at learnings.Practice_12.quitBrowser(Practice_12.java:40)
	at learnings.Practice_12.quitBrowser(Practice_12.java:40)
	at learnings.Practice_12.quitBrowser(Practice_12.java:40)
	at learnings.Practice_12.quitBrowser(Practice_12.java:40)
	at learnings.Practice_12.quitBrowser(Practice_12.java:40)
	at learnings.Practice_12.quitBrowser(Practice_12.java:40)
	at learnings.Practice_12.quitBrowser(Practice_12.java:40)
	at learnings.Practice_12.quitBrowser(Practice_12.java:40)
	at learnings.Practice_12.quitBrowser(Practice_12.java:40)
	at learnings.Practice_12.quitBrowser(Practice_12.java:40)
	at learnings.Practice_12.quitBrowser(Practice_12.java:40)
	at learnings.Practice_12.quitBrowser(Practice_12.java:40)
	at learnings.Practice_12.quitBrowser(Practice_12.java:40)
	at learnings.Practice_12.quitBrowser(Practice_12.java:40)
	at learnings.Practice_12.quitBrowser(Practice_12.java:40)
	at learnings.Practice_12.quitBrowser(Practice_12.java:40)
	at learnings.Practice_12.quitBrowser(Practice_12.java:40)
	at learnings.Practice_12.quitBrowser(Practice_12.java:40)
	at learnings.Practice_12.quitBrowser(Practice_12.java:40)
	at learnings.Practice_12.quitBrowser(Practice_12.java:40)
	at learnings.Practice_12.quitBrowser(Practice_12.java:40)
	at learnings.Practice_12.quitBrowser(Practice_12.java:40)
	at learnings.Practice_12.quitBrowser(Practice_12.java:40)
	at learnings.Practice_12.quitBrowser(Practice_12.java:40)
	at learnings.Practice_12.quitBrowser(Practice_12.java:40)
	at learnings.Practice_12.quitBrowser(Practice_12.java:40)
	at learnings.Practice_12.quitBrowser(Practice_12.java:40)
	at learnings.Practice_12.quitBrowser(Practice_12.java:40)
	at learnings.Practice_12.quitBrowser(Practice_12.java:40)
	at learnings.Practice_12.quitBrowser(Practice_12.java:40)
	at learnings.Practice_12.quitBrowser(Practice_12.java:40)
	at learnings.Practice_12.quitBrowser(Practice_12.java:40)
	at learnings.Practice_12.quitBrowser(Practice_12.java:40)
	at learnings.Practice_12.quitBrowser(Practice_12.java:40)
	at learnings.Practice_12.quitBrowser(Practice_12.java:40)
	at learnings.Practice_12.quitBrowser(Practice_12.java:40)
	at learnings.Practice_12.quitBrowser(Practice_12.java:40)
	at learnings.Practice_12.quitBrowser(Practice_12.java:40)
	at learnings.Practice_12.quitBrowser(Practice_12.java:40)
	at learnings.Practice_12.quitBrowser(Practice_12.java:40)
	at learnings.Practice_12.quitBrowser(Practice_12.java:40)
	at learnings.Practice_12.quitBrowser(Practice_12.java:40)
	at learnings.Practice_12.quitBrowser(Practice_12.java:40)
	at learnings.Practice_12.quitBrowser(Practice_12.java:40)
	at learnings.Practice_12.quitBrowser(Practice_12.java:40)
	at learnings.Practice_12.quitBrowser(Practice_12.java:40)
	at learnings.Practice_12.quitBrowser(Practice_12.java:40)
	at learnings.Practice_12.quitBrowser(Practice_12.java:40)
	at learnings.Practice_12.quitBrowser(Practice_12.java:40)
	at learnings.Practice_12.quitBrowser(Practice_12.java:40)
	at learnings.Practice_12.quitBrowser(Practice_12.java:40)
	at learnings.Practice_12.quitBrowser(Practice_12.java:40)
	at learnings.Practice_12.quitBrowser(Practice_12.java:40)
	at learnings.Practice_12.quitBrowser(Practice_12.java:40)
	at learnings.Practice_12.quitBrowser(Practice_12.java:40)
	at learnings.Practice_12.quitBrowser(Practice_12.java:40)
	at learnings.Practice_12.quitBrowser(Practice_12.java:40)
	at learnings.Practice_12.quitBrowser(Practice_12.java:40)
	at learnings.Practice_12.quitBrowser(Practice_12.java:40)
	at learnings.Practice_12.quitBrowser(Practice_12.java:40)
	at learnings.Practice_12.quitBrowser(Practice_12.java:40)
	at learnings.Practice_12.quitBrowser(Practice_12.java:40)
	at learnings.Practice_12.quitBrowser(Practice_12.java:40)
	at learnings.Practice_12.quitBrowser(Practice_12.java:40)
	at learnings.Practice_12.quitBrowser(Practice_12.java:40)
	at learnings.Practice_12.quitBrowser(Practice_12.java:40)
	at learnings.Practice_12.quitBrowser(Practice_12.java:40)
	at learnings.Practice_12.quitBrowser(Practice_12.java:40)
	at learnings.Practice_12.quitBrowser(Practice_12.java:40)
	at learnings.Practice_12.quitBrowser(Practice_12.java:40)
	at learnings.Practice_12.quitBrowser(Practice_12.java:40)
	at learnings.Practice_12.quitBrowser(Practice_12.java:40)
	at learnings.Practice_12.quitBrowser(Practice_12.java:40)
	at learnings.Practice_12.quitBrowser(Practice_12.java:40)
	at learnings.Practice_12.quitBrowser(Practice_12.java:40)
	at learnings.Practice_12.quitBrowser(Practice_12.java:40)
	at learnings.Practice_12.quitBrowser(Practice_12.java:40)
	at learnings.Practice_12.quitBrowser(Practice_12.java:40)
	at learnings.Practice_12.quitBrowser(Practice_12.java:40)
	at learnings.Practice_12.quitBrowser(Practice_12.java:40)
	at learnings.Practice_12.quitBrowser(Practice_12.java:40)
	at learnings.Practice_12.quitBrowser(Practice_12.java:40)
	at learnings.Practice_12.quitBrowser(Practice_12.java:40)
	at learnings.Practice_12.quitBrowser(Practice_12.java:40)
	at learnings.Practice_12.quitBrowser(Practice_12.java:40)
	at learnings.Practice_12.quitBrowser(Practice_12.java:40)
	at learnings.Practice_12.quitBrowser(Practice_12.java:40)
	at learnings.Practice_12.quitBrowser(Practice_12.java:40)
	at learnings.Practice_12.quitBrowser(Practice_12.java:40)
	at learnings.Practice_12.quitBrowser(Practice_12.java:40)
	at learnings.Practice_12.quitBrowser(Practice_12.java:40)
	at learnings.Practice_12.quitBrowser(Practice_12.java:40)
	at learnings.Practice_12.quitBrowser(Practice_12.java:40)
	at learnings.Practice_12.quitBrowser(Practice_12.java:40)
	at learnings.Practice_12.quitBrowser(Practice_12.java:40)
	at learnings.Practice_12.quitBrowser(Practice_12.java:40)
	at learnings.Practice_12.quitBrowser(Practice_12.java:40)
	at learnings.Practice_12.quitBrowser(Practice_12.java:40)
	at learnings.Practice_12.quitBrowser(Practice_12.java:40)
	at learnings.Practice_12.quitBrowser(Practice_12.java:40)
	at learnings.Practice_12.quitBrowser(Practice_12.java:40)
	at learnings.Practice_12.quitBrowser(Practice_12.java:40)
	at learnings.Practice_12.quitBrowser(Practice_12.java:40)
	at learnings.Practice_12.quitBrowser(Practice_12.java:40)
	at learnings.Practice_12.quitBrowser(Practice_12.java:40)
	at learnings.Practice_12.quitBrowser(Practice_12.java:40)
	at learnings.Practice_12.quitBrowser(Practice_12.java:40)
	at learnings.Practice_12.quitBrowser(Practice_12.java:40)
	at learnings.Practice_12.quitBrowser(Practice_12.java:40)
	at learnings.Practice_12.quitBrowser(Practice_12.java:40)
	at learnings.Practice_12.quitBrowser(Practice_12.java:40)
	at learnings.Practice_12.quitBrowser(Practice_12.java:40)
	at learnings.Practice_12.quitBrowser(Practice_12.java:40)
	at learnings.Practice_12.quitBrowser(Practice_12.java:40)
	at learnings.Practice_12.quitBrowser(Practice_12.java:40)
	at learnings.Practice_12.quitBrowser(Practice_12.java:40)
	at learnings.Practice_12.quitBrowser(Practice_12.java:40)
	at learnings.Practice_12.quitBrowser(Practice_12.java:40)
	at learnings.Practice_12.quitBrowser(Practice_12.java:40)
	at learnings.Practice_12.quitBrowser(Practice_12.java:40)
	at learnings.Practice_12.quitBrowser(Practice_12.java:40)
	at learnings.Practice_12.quitBrowser(Practice_12.java:40)
	at learnings.Practice_12.quitBrowser(Practice_12.java:40)
	at learnings.Practice_12.quitBrowser(Practice_12.java:40)
	at learnings.Practice_12.quitBrowser(Practice_12.java:40)
	at learnings.Practice_12.quitBrowser(Practice_12.java:40)
	at learnings.Practice_12.quitBrowser(Practice_12.java:40)
	at learnings.Practice_12.quitBrowser(Practice_12.java:40)
	at learnings.Practice_12.quitBrowser(Practice_12.java:40)
	at learnings.Practice_12.quitBrowser(Practice_12.java:40)
	at learnings.Practice_12.quitBrowser(Practice_12.java:40)
	at learnings.Practice_12.quitBrowser(Practice_12.java:40)
	at learnings.Practice_12.quitBrowser(Practice_12.java:40)
	at learnings.Practice_12.quitBrowser(Practice_12.java:40)
	at learnings.Practice_12.quitBrowser(Practice_12.java:40)
	at learnings.Practice_12.quitBrowser(Practice_12.java:40)
	at learnings.Practice_12.quitBrowser(Practice_12.java:40)
	at learnings.Practice_12.quitBrowser(Practice_12.java:40)
	at learnings.Practice_12.quitBrowser(Practice_12.java:40)
	at learnings.Practice_12.quitBrowser(Practice_12.java:40)
	at learnings.Practice_12.quitBrowser(Practice_12.java:40)
	at learnings.Practice_12.quitBrowser(Practice_12.java:40)
	at learnings.Practice_12.quitBrowser(Practice_12.java:40)
	at learnings.Practice_12.quitBrowser(Practice_12.java:40)
	at learnings.Practice_12.quitBrowser(Practice_12.java:40)
	at learnings.Practice_12.quitBrowser(Practice_12.java:40)
	at learnings.Practice_12.quitBrowser(Practice_12.java:40)
	at learnings.Practice_12.quitBrowser(Practice_12.java:40)
	at learnings.Practice_12.quitBrowser(Practice_12.java:40)
	at learnings.Practice_12.quitBrowser(Practice_12.java:40)
	at learnings.Practice_12.quitBrowser(Practice_12.java:40)
	at learnings.Practice_12.quitBrowser(Practice_12.java:40)
	at learnings.Practice_12.quitBrowser(Practice_12.java:40)
	at learnings.Practice_12.quitBrowser(Practice_12.java:40)
	at learnings.Practice_12.quitBrowser(Practice_12.java:40)
	at learnings.Practice_12.quitBrowser(Practice_12.java:40)
	at learnings.Practice_12.quitBrowser(Practice_12.java:40)
	at learnings.Practice_12.quitBrowser(Practice_12.java:40)
	at learnings.Practice_12.quitBrowser(Practice_12.java:40)
	at learnings.Practice_12.quitBrowser(Practice_12.java:40)
	at learnings.Practice_12.quitBrowser(Practice_12.java:40)
	at learnings.Practice_12.quitBrowser(Practice_12.java:40)
	at learnings.Practice_12.quitBrowser(Practice_12.java:40)
	at learnings.Practice_12.quitBrowser(Practice_12.java:40)
	at learnings.Practice_12.quitBrowser(Practice_12.java:40)
	at learnings.Practice_12.quitBrowser(Practice_12.java:40)
	at learnings.Practice_12.quitBrowser(Practice_12.java:40)
	at learnings.Practice_12.quitBrowser(Practice_12.java:40)
	at learnings.Practice_12.quitBrowser(Practice_12.java:40)
	at learnings.Practice_12.quitBrowser(Practice_12.java:40)
	at learnings.Practice_12.quitBrowser(Practice_12.java:40)
	at learnings.Practice_12.quitBrowser(Practice_12.java:40)
	at learnings.Practice_12.quitBrowser(Practice_12.java:40)
	at learnings.Practice_12.quitBrowser(Practice_12.java:40)
	at learnings.Practice_12.quitBrowser(Practice_12.java:40)
	at learnings.Practice_12.quitBrowser(Practice_12.java:40)
	at learnings.Practice_12.quitBrowser(Practice_12.java:40)
	at learnings.Practice_12.quitBrowser(Practice_12.java:40)
	at learnings.Practice_12.quitBrowser(Practice_12.java:40)
	at learnings.Practice_12.quitBrowser(Practice_12.java:40)
	at learnings.Practice_12.quitBrowser(Practice_12.java:40)
	at learnings.Practice_12.quitBrowser(Practice_12.java:40)
	at learnings.Practice_12.quitBrowser(Practice_12.java:40)
	at learnings.Practice_12.quitBrowser(Practice_12.java:40)
	at learnings.Practice_12.quitBrowser(Practice_12.java:40)
	at learnings.Practice_12.quitBrowser(Practice_12.java:40)
	at learnings.Practice_12.quitBrowser(Practice_12.java:40)
	at learnings.Practice_12.quitBrowser(Practice_12.java:40)
	at learnings.Practice_12.quitBrowser(Practice_12.java:40)
	at learnings.Practice_12.quitBrowser(Practice_12.java:40)
	at learnings.Practice_12.quitBrowser(Practice_12.java:40)
	at learnings.Practice_12.quitBrowser(Practice_12.java:40)
	at learnings.Practice_12.quitBrowser(Practice_12.java:40)
	at learnings.Practice_12.quitBrowser(Practice_12.java:40)
	at learnings.Practice_12.quitBrowser(Practice_12.java:40)
	at learnings.Practice_12.quitBrowser(Practice_12.java:40)
	at learnings.Practice_12.quitBrowser(Practice_12.java:40)
	at learnings.Practice_12.quitBrowser(Practice_12.java:40)
	at learnings.Practice_12.quitBrowser(Practice_12.java:40)
	at learnings.Practice_12.quitBrowser(Practice_12.java:40)
	at learnings.Practice_12.quitBrowser(Practice_12.java:40)
	at learnings.Practice_12.quitBrowser(Practice_12.java:40)
	at learnings.Practice_12.quitBrowser(Practice_12.java:40)
	at learnings.Practice_12.quitBrowser(Practice_12.java:40)
	at learnings.Practice_12.quitBrowser(Practice_12.java:40)
	at learnings.Practice_12.quitBrowser(Practice_12.java:40)
	at learnings.Practice_12.quitBrowser(Practice_12.java:40)
	at learnings.Practice_12.quitBrowser(Practice_12.java:40)
	at learnings.Practice_12.quitBrowser(Practice_12.java:40)
	at learnings.Practice_12.quitBrowser(Practice_12.java:40)
	at learnings.Practice_12.quitBrowser(Practice_12.java:40)
	at learnings.Practice_12.quitBrowser(Practice_12.java:40)
	at learnings.Practice_12.quitBrowser(Practice_12.java:40)
	at learnings.Practice_12.quitBrowser(Practice_12.java:40)
	at learnings.Practice_12.quitBrowser(Practice_12.java:40)
	at learnings.Practice_12.quitBrowser(Practice_12.java:40)
	at learnings.Practice_12.quitBrowser(Practice_12.java:40)
	at learnings.Practice_12.quitBrowser(Practice_12.java:40)
	at learnings.Practice_12.quitBrowser(Practice_12.java:40)
	at learnings.Practice_12.quitBrowser(Practice_12.java:40)
	at learnings.Practice_12.quitBrowser(Practice_12.java:40)
	at learnings.Practice_12.quitBrowser(Practice_12.java:40)
	at learnings.Practice_12.quitBrowser(Practice_12.java:40)
	at learnings.Practice_12.quitBrowser(Practice_12.java:40)
	at learnings.Practice_12.quitBrowser(Practice_12.java:40)
	at learnings.Practice_12.quitBrowser(Practice_12.java:40)
	at learnings.Practice_12.quitBrowser(Practice_12.java:40)
	at learnings.Practice_12.quitBrowser(Practice_12.java:40)
	at learnings.Practice_12.quitBrowser(Practice_12.java:40)
	at learnings.Practice_12.quitBrowser(Practice_12.java:40)
	at learnings.Practice_12.quitBrowser(Practice_12.java:40)
	at learnings.Practice_12.quitBrowser(Practice_12.java:40)
	at learnings.Practice_12.quitBrowser(Practice_12.java:40)
	at learnings.Practice_12.quitBrowser(Practice_12.java:40)
	at learnings.Practice_12.quitBrowser(Practice_12.java:40)
	at learnings.Practice_12.quitBrowser(Practice_12.java:40)
	at learnings.Practice_12.quitBrowser(Practice_12.java:40)
	at learnings.Practice_12.quitBrowser(Practice_12.java:40)
	at learnings.Practice_12.quitBrowser(Practice_12.java:40)
	at learnings.Practice_12.quitBrowser(Practice_12.java:40)
	at learnings.Practice_12.quitBrowser(Practice_12.java:40)
	at learnings.Practice_12.quitBrowser(Practice_12.java:40)
	at learnings.Practice_12.quitBrowser(Practice_12.java:40)
	at learnings.Practice_12.quitBrowser(Practice_12.java:40)
	at learnings.Practice_12.quitBrowser(Practice_12.java:40)
	at learnings.Practice_12.quitBrowser(Practice_12.java:40)
	at learnings.Practice_12.quitBrowser(Practice_12.java:40)
	at learnings.Practice_12.quitBrowser(Practice_12.java:40)
	at learnings.Practice_12.quitBrowser(Practice_12.java:40)
	at learnings.Practice_12.quitBrowser(Practice_12.java:40)
	at learnings.Practice_12.quitBrowser(Practice_12.java:40)
	at learnings.Practice_12.quitBrowser(Practice_12.java:40)
	at learnings.Practice_12.quitBrowser(Practice_12.java:40)
	at learnings.Practice_12.quitBrowser(Practice_12.java:40)
	at learnings.Practice_12.quitBrowser(Practice_12.java:40)
	at learnings.Practice_12.quitBrowser(Practice_12.java:40)
	at learnings.Practice_12.quitBrowser(Practice_12.java:40)
	at learnings.Practice_12.quitBrowser(Practice_12.java:40)
	at learnings.Practice_12.quitBrowser(Practice_12.java:40)
	at learnings.Practice_12.quitBrowser(Practice_12.java:40)
	at learnings.Practice_12.quitBrowser(Practice_12.java:40)
	at learnings.Practice_12.quitBrowser(Practice_12.java:40)
	at learnings.Practice_12.quitBrowser(Practice_12.java:40)
	at learnings.Practice_12.quitBrowser(Practice_12.java:40)
	at learnings.Practice_12.quitBrowser(Practice_12.java:40)
	at learnings.Practice_12.quitBrowser(Practice_12.java:40)
	at learnings.Practice_12.quitBrowser(Practice_12.java:40)
	at learnings.Practice_12.quitBrowser(Practice_12.java:40)
	at learnings.Practice_12.quitBrowser(Practice_12.java:40)
	at learnings.Practice_12.quitBrowser(Practice_12.java:40)
	at learnings.Practice_12.quitBrowser(Practice_12.java:40)
	at learnings.Practice_12.quitBrowser(Practice_12.java:40)
	at learnings.Practice_12.quitBrowser(Practice_12.java:40)
	at learnings.Practice_12.quitBrowser(Practice_12.java:40)
	at learnings.Practice_12.quitBrowser(Practice_12.java:40)
	at learnings.Practice_12.quitBrowser(Practice_12.java:40)
	at learnings.Practice_12.quitBrowser(Practice_12.java:40)
]]>
            </full-stacktrace>
          </exception> <!-- java.lang.StackOverflowError -->
          <reporter-output>
          </reporter-output>
        </test-method> <!-- quitBrowser -->
      </class> <!-- learnings.Practice_12 -->
    </test> <!-- Test -->
  </suite> <!-- Suite -->
</testng-results>
