<?xml version="1.0" encoding="UTF-8"?>
<!-- Generated by org.testng.reporters.JUnitXMLReporter -->
<testsuite hostname="D7129" name="Test" tests="1" failures="0" timestamp="16 Feb 2017 07:39:45 GMT" time="0.23" errors="0">
  <testcase name="@BeforeMethod login" time="0.0" classname="learnings.Practice_12">
    <failure type="java.lang.NullPointerException">
      <![CDATA[java.lang.NullPointerException
	at wrappers.GenericWrappers.loginUsername(GenericWrappers.java:50)
	at learnings.Practice_12.login(Practice_12.java:24)
... Removed 27 stack frames]]>
    </failure>
  </testcase> <!-- @BeforeMethod login -->
  <testcase name="@AfterMethod quitBrowser" time="0.0" classname="learnings.Practice_12">
    <failure type="java.lang.StackOverflowError">
      <![CDATA[java.lang.StackOverflowError
	at learnings.Practice_12.quitBrowser(Practice_12.java:40)
	at learnings.Practice_12.quitBrowser(Practice_12.java:40)
	at learnings.Practice_12.quitBrowser(Practice_12.java:40)
	at learnings.Practice_12.quitBrowser(Practice_12.java:40)
	at learnings.Practice_12.quitBrowser(Practice_12.java:40)
	at learnings.Practice_12.quitBrowser(Practice_12.java:40)
	at learnings.Practice_12.quitBrowser(Practice_12.java:40)
	at learnings.Practice_12.quitBrowser(Practice_12.java:40)
	at learnings.Practice_12.quitBrowser(Practice_12.java:40)
	at learnings.Practice_12.quitBrowser(Practice_12.java:40)
	at learnings.Practice_12.quitBrowser(Practice_12.java:40)
	at learnings.Practice_12.quitBrowser(Practice_12.java:40)
	at learnings.Practice_12.quitBrowser(Practice_12.java:40)
	at learnings.Practice_12.quitBrowser(Practice_12.java:40)
	at learnings.Practice_12.quitBrowser(Practice_12.java:40)
	at learnings.Practice_12.quitBrowser(Practice_12.java:40)
	at learnings.Practice_12.quitBrowser(Practice_12.java:40)
	at learnings.Practice_12.quitBrowser(Practice_12.java:40)
	at learnings.Practice_12.quitBrowser(Practice_12.java:40)
	at learnings.Practice_12.quitBrowser(Practice_12.java:40)
	at learnings.Practice_12.quitBrowser(Practice_12.java:40)
	at learnings.Practice_12.quitBrowser(Practice_12.java:40)
	at learnings.Practice_12.quitBrowser(Practice_12.java:40)
	at learnings.Practice_12.quitBrowser(Practice_12.java:40)
	at learnings.Practice_12.quitBrowser(Practice_12.java:40)
	at learnings.Practice_12.quitBrowser(Practice_12.java:40)
	at learnings.Practice_12.quitBrowser(Practice_12.java:40)
	at learnings.Practice_12.quitBrowser(Practice_12.java:40)
	at learnings.Practice_12.quitBrowser(Practice_12.java:40)
	at learnings.Practice_12.quitBrowser(Practice_12.java:40)
	at learnings.Practice_12.quitBrowser(Practice_12.java:40)
	at learnings.Practice_12.quitBrowser(Practice_12.java:40)
	at learnings.Practice_12.quitBrowser(Practice_12.java:40)
	at learnings.Practice_12.quitBrowser(Practice_12.java:40)
	at learnings.Practice_12.quitBrowser(Practice_12.java:40)
	at learnings.Practice_12.quitBrowser(Practice_12.java:40)
	at learnings.Practice_12.quitBrowser(Practice_12.java:40)
	at learnings.Practice_12.quitBrowser(Practice_12.java:40)
	at learnings.Practice_12.quitBrowser(Practice_12.java:40)
	at learnings.Practice_12.quitBrowser(Practice_12.java:40)
	at learnings.Practice_12.quitBrowser(Practice_12.java:40)
	at learnings.Practice_12.quitBrowser(Practice_12.java:40)
	at learnings.Practice_12.quitBrowser(Practice_12.java:40)
	at learnings.Practice_12.quitBrowser(Practice_12.java:40)
	at learnings.Practice_12.quitBrowser(Practice_12.java:40)
	at learnings.Practice_12.quitBrowser(Practice_12.java:40)
	at learnings.Practice_12.quitBrowser(Practice_12.java:40)
	at learnings.Practice_12.quitBrowser(Practice_12.java:40)
	at learnings.Practice_12.quitBrowser(Practice_12.java:40)
	at learnings.Practice_12.quitBrowser(Practice_12.java:40)
	at learnings.Practice_12.quitBrowser(Practice_12.java:40)
	at learnings.Practice_12.quitBrowser(Practice_12.java:40)
	at learnings.Practice_12.quitBrowser(Practice_12.java:40)
	at learnings.Practice_12.quitBrowser(Practice_12.java:40)
	at learnings.Practice_12.quitBrowser(Practice_12.java:40)
	at learnings.Practice_12.quitBrowser(Practice_12.java:40)
	at learnings.Practice_12.quitBrowser(Practice_12.java:40)
	at learnings.Practice_12.quitBrowser(Practice_12.java:40)
	at learnings.Practice_12.quitBrowser(Practice_12.java:40)
	at learnings.Practice_12.quitBrowser(Practice_12.java:40)
	at learnings.Practice_12.quitBrowser(Practice_12.java:40)
	at learnings.Practice_12.quitBrowser(Practice_12.java:40)
	at learnings.Practice_12.quitBrowser(Practice_12.java:40)
	at learnings.Practice_12.quitBrowser(Practice_12.java:40)
	at learnings.Practice_12.quitBrowser(Practice_12.java:40)
	at learnings.Practice_12.quitBrowser(Practice_12.java:40)
	at learnings.Practice_12.quitBrowser(Practice_12.java:40)
	at learnings.Practice_12.quitBrowser(Practice_12.java:40)
	at learnings.Practice_12.quitBrowser(Practice_12.java:40)
	at learnings.Practice_12.quitBrowser(Practice_12.java:40)
	at learnings.Practice_12.quitBrowser(Practice_12.java:40)
	at learnings.Practice_12.quitBrowser(Practice_12.java:40)
	at learnings.Practice_12.quitBrowser(Practice_12.java:40)
	at learnings.Practice_12.quitBrowser(Practice_12.java:40)
	at learnings.Practice_12.quitBrowser(Practice_12.java:40)
	at learnings.Practice_12.quitBrowser(Practice_12.java:40)
	at learnings.Practice_12.quitBrowser(Practice_12.java:40)
	at learnings.Practice_12.quitBrowser(Practice_12.java:40)
	at learnings.Practice_12.quitBrowser(Practice_12.java:40)
	at learnings.Practice_12.quitBrowser(Practice_12.java:40)
	at learnings.Practice_12.quitBrowser(Practice_12.java:40)
	at learnings.Practice_12.quitBrowser(Practice_12.java:40)
	at learnings.Practice_12.quitBrowser(Practice_12.java:40)
	at learnings.Practice_12.quitBrowser(Practice_12.java:40)
	at learnings.Practice_12.quitBrowser(Practice_12.java:40)
	at learnings.Practice_12.quitBrowser(Practice_12.java:40)
	at learnings.Practice_12.quitBrowser(Practice_12.java:40)
	at learnings.Practice_12.quitBrowser(Practice_12.java:40)
	at learnings.Practice_12.quitBrowser(Practice_12.java:40)
	at learnings.Practice_12.quitBrowser(Practice_12.java:40)
	at learnings.Practice_12.quitBrowser(Practice_12.java:40)
	at learnings.Practice_12.quitBrowser(Practice_12.java:40)
	at learnings.Practice_12.quitBrowser(Practice_12.java:40)
	at learnings.Practice_12.quitBrowser(Practice_12.java:40)
	at learnings.Practice_12.quitBrowser(Practice_12.java:40)
	at learnings.Practice_12.quitBrowser(Practice_12.java:40)
	at learnings.Practice_12.quitBrowser(Practice_12.java:40)
	at learnings.Practice_12.quitBrowser(Practice_12.java:40)
	at learnings.Practice_12.quitBrowser(Practice_12.java:40)
	at learnings.Practice_12.quitBrowser(Practice_12.java:40)
	at learnings.Practice_12.quitBrowser(Practice_12.java:40)
	at learnings.Practice_12.quitBrowser(Practice_12.java:40)
	at learnings.Practice_12.quitBrowser(Practice_12.java:40)
	at learnings.Practice_12.quitBrowser(Practice_12.java:40)
	at learnings.Practice_12.quitBrowser(Practice_12.java:40)
	at learnings.Practice_12.quitBrowser(Practice_12.java:40)
	at learnings.Practice_12.quitBrowser(Practice_12.java:40)
	at learnings.Practice_12.quitBrowser(Practice_12.java:40)
	at learnings.Practice_12.quitBrowser(Practice_12.java:40)
	at learnings.Practice_12.quitBrowser(Practice_12.java:40)
	at learnings.Practice_12.quitBrowser(Practice_12.java:40)
	at learnings.Practice_12.quitBrowser(Practice_12.java:40)
	at learnings.Practice_12.quitBrowser(Practice_12.java:40)
	at learnings.Practice_12.quitBrowser(Practice_12.java:40)
	at learnings.Practice_12.quitBrowser(Practice_12.java:40)
	at learnings.Practice_12.quitBrowser(Practice_12.java:40)
	at learnings.Practice_12.quitBrowser(Practice_12.java:40)
	at learnings.Practice_12.quitBrowser(Practice_12.java:40)
	at learnings.Practice_12.quitBrowser(Practice_12.java:40)
	at learnings.Practice_12.quitBrowser(Practice_12.java:40)
	at learnings.Practice_12.quitBrowser(Practice_12.java:40)
	at learnings.Practice_12.quitBrowser(Practice_12.java:40)
	at learnings.Practice_12.quitBrowser(Practice_12.java:40)
	at learnings.Practice_12.quitBrowser(Practice_12.java:40)
	at learnings.Practice_12.quitBrowser(Practice_12.java:40)
	at learnings.Practice_12.quitBrowser(Practice_12.java:40)
	at learnings.Practice_12.quitBrowser(Practice_12.java:40)
	at learnings.Practice_12.quitBrowser(Practice_12.java:40)
	at learnings.Practice_12.quitBrowser(Practice_12.java:40)
	at learnings.Practice_12.quitBrowser(Practice_12.java:40)
	at learnings.Practice_12.quitBrowser(Practice_12.java:40)
	at learnings.Practice_12.quitBrowser(Practice_12.java:40)
	at learnings.Practice_12.quitBrowser(Practice_12.java:40)
	at learnings.Practice_12.quitBrowser(Practice_12.java:40)
	at learnings.Practice_12.quitBrowser(Practice_12.java:40)
	at learnings.Practice_12.quitBrowser(Practice_12.java:40)
	at learnings.Practice_12.quitBrowser(Practice_12.java:40)
	at learnings.Practice_12.quitBrowser(Practice_12.java:40)
	at learnings.Practice_12.quitBrowser(Practice_12.java:40)
	at learnings.Practice_12.quitBrowser(Practice_12.java:40)
	at learnings.Practice_12.quitBrowser(Practice_12.java:40)
	at learnings.Practice_12.quitBrowser(Practice_12.java:40)
	at learnings.Practice_12.quitBrowser(Practice_12.java:40)
	at learnings.Practice_12.quitBrowser(Practice_12.java:40)
	at learnings.Practice_12.quitBrowser(Practice_12.java:40)
	at learnings.Practice_12.quitBrowser(Practice_12.java:40)
	at learnings.Practice_12.quitBrowser(Practice_12.java:40)
	at learnings.Practice_12.quitBrowser(Practice_12.java:40)
	at learnings.Practice_12.quitBrowser(Practice_12.java:40)
	at learnings.Practice_12.quitBrowser(Practice_12.java:40)
	at learnings.Practice_12.quitBrowser(Practice_12.java:40)
	at learnings.Practice_12.quitBrowser(Practice_12.java:40)
	at learnings.Practice_12.quitBrowser(Practice_12.java:40)
	at learnings.Practice_12.quitBrowser(Practice_12.java:40)
	at learnings.Practice_12.quitBrowser(Practice_12.java:40)
	at learnings.Practice_12.quitBrowser(Practice_12.java:40)
	at learnings.Practice_12.quitBrowser(Practice_12.java:40)
	at learnings.Practice_12.quitBrowser(Practice_12.java:40)
	at learnings.Practice_12.quitBrowser(Practice_12.java:40)
	at learnings.Practice_12.quitBrowser(Practice_12.java:40)
	at learnings.Practice_12.quitBrowser(Practice_12.java:40)
	at learnings.Practice_12.quitBrowser(Practice_12.java:40)
	at learnings.Practice_12.quitBrowser(Practice_12.java:40)
	at learnings.Practice_12.quitBrowser(Practice_12.java:40)
	at learnings.Practice_12.quitBrowser(Practice_12.java:40)
	at learnings.Practice_12.quitBrowser(Practice_12.java:40)
	at learnings.Practice_12.quitBrowser(Practice_12.java:40)
	at learnings.Practice_12.quitBrowser(Practice_12.java:40)
	at learnings.Practice_12.quitBrowser(Practice_12.java:40)
	at learnings.Practice_12.quitBrowser(Practice_12.java:40)
	at learnings.Practice_12.quitBrowser(Practice_12.java:40)
	at learnings.Practice_12.quitBrowser(Practice_12.java:40)
	at learnings.Practice_12.quitBrowser(Practice_12.java:40)
	at learnings.Practice_12.quitBrowser(Practice_12.java:40)
	at learnings.Practice_12.quitBrowser(Practice_12.java:40)
	at learnings.Practice_12.quitBrowser(Practice_12.java:40)
	at learnings.Practice_12.quitBrowser(Practice_12.java:40)
	at learnings.Practice_12.quitBrowser(Practice_12.java:40)
	at learnings.Practice_12.quitBrowser(Practice_12.java:40)
	at learnings.Practice_12.quitBrowser(Practice_12.java:40)
	at learnings.Practice_12.quitBrowser(Practice_12.java:40)
	at learnings.Practice_12.quitBrowser(Practice_12.java:40)
	at learnings.Practice_12.quitBrowser(Practice_12.java:40)
	at learnings.Practice_12.quitBrowser(Practice_12.java:40)
	at learnings.Practice_12.quitBrowser(Practice_12.java:40)
	at learnings.Practice_12.quitBrowser(Practice_12.java:40)
	at learnings.Practice_12.quitBrowser(Practice_12.java:40)
	at learnings.Practice_12.quitBrowser(Practice_12.java:40)
	at learnings.Practice_12.quitBrowser(Practice_12.java:40)
	at learnings.Practice_12.quitBrowser(Practice_12.java:40)
	at learnings.Practice_12.quitBrowser(Practice_12.java:40)
	at learnings.Practice_12.quitBrowser(Practice_12.java:40)
	at learnings.Practice_12.quitBrowser(Practice_12.java:40)
	at learnings.Practice_12.quitBrowser(Practice_12.java:40)
	at learnings.Practice_12.quitBrowser(Practice_12.java:40)
	at learnings.Practice_12.quitBrowser(Practice_12.java:40)
	at learnings.Practice_12.quitBrowser(Practice_12.java:40)
	at learnings.Practice_12.quitBrowser(Practice_12.java:40)
	at learnings.Practice_12.quitBrowser(Practice_12.java:40)
	at learnings.Practice_12.quitBrowser(Practice_12.java:40)
	at learnings.Practice_12.quitBrowser(Practice_12.java:40)
	at learnings.Practice_12.quitBrowser(Practice_12.java:40)
	at learnings.Practice_12.quitBrowser(Practice_12.java:40)
	at learnings.Practice_12.quitBrowser(Practice_12.java:40)
	at learnings.Practice_12.quitBrowser(Practice_12.java:40)
	at learnings.Practice_12.quitBrowser(Practice_12.java:40)
	at learnings.Practice_12.quitBrowser(Practice_12.java:40)
	at learnings.Practice_12.quitBrowser(Practice_12.java:40)
	at learnings.Practice_12.quitBrowser(Practice_12.java:40)
	at learnings.Practice_12.quitBrowser(Practice_12.java:40)
	at learnings.Practice_12.quitBrowser(Practice_12.java:40)
	at learnings.Practice_12.quitBrowser(Practice_12.java:40)
	at learnings.Practice_12.quitBrowser(Practice_12.java:40)
	at learnings.Practice_12.quitBrowser(Practice_12.java:40)
	at learnings.Practice_12.quitBrowser(Practice_12.java:40)
	at learnings.Practice_12.quitBrowser(Practice_12.java:40)
	at learnings.Practice_12.quitBrowser(Practice_12.java:40)
	at learnings.Practice_12.quitBrowser(Practice_12.java:40)
	at learnings.Practice_12.quitBrowser(Practice_12.java:40)
	at learnings.Practice_12.quitBrowser(Practice_12.java:40)
	at learnings.Practice_12.quitBrowser(Practice_12.java:40)
	at learnings.Practice_12.quitBrowser(Practice_12.java:40)
	at learnings.Practice_12.quitBrowser(Practice_12.java:40)
	at learnings.Practice_12.quitBrowser(Practice_12.java:40)
	at learnings.Practice_12.quitBrowser(Practice_12.java:40)
	at learnings.Practice_12.quitBrowser(Practice_12.java:40)
	at learnings.Practice_12.quitBrowser(Practice_12.java:40)
	at learnings.Practice_12.quitBrowser(Practice_12.java:40)
	at learnings.Practice_12.quitBrowser(Practice_12.java:40)
	at learnings.Practice_12.quitBrowser(Practice_12.java:40)
	at learnings.Practice_12.quitBrowser(Practice_12.java:40)
	at learnings.Practice_12.quitBrowser(Practice_12.java:40)
	at learnings.Practice_12.quitBrowser(Practice_12.java:40)
	at learnings.Practice_12.quitBrowser(Practice_12.java:40)
	at learnings.Practice_12.quitBrowser(Practice_12.java:40)
	at learnings.Practice_12.quitBrowser(Practice_12.java:40)
	at learnings.Practice_12.quitBrowser(Practice_12.java:40)
	at learnings.Practice_12.quitBrowser(Practice_12.java:40)
	at learnings.Practice_12.quitBrowser(Practice_12.java:40)
	at learnings.Practice_12.quitBrowser(Practice_12.java:40)
	at learnings.Practice_12.quitBrowser(Practice_12.java:40)
	at learnings.Practice_12.quitBrowser(Practice_12.java:40)
	at learnings.Practice_12.quitBrowser(Practice_12.java:40)
	at learnings.Practice_12.quitBrowser(Practice_12.java:40)
	at learnings.Practice_12.quitBrowser(Practice_12.java:40)
	at learnings.Practice_12.quitBrowser(Practice_12.java:40)
	at learnings.Practice_12.quitBrowser(Practice_12.java:40)
	at learnings.Practice_12.quitBrowser(Practice_12.java:40)
	at learnings.Practice_12.quitBrowser(Practice_12.java:40)
	at learnings.Practice_12.quitBrowser(Practice_12.java:40)
	at learnings.Practice_12.quitBrowser(Practice_12.java:40)
	at learnings.Practice_12.quitBrowser(Practice_12.java:40)
	at learnings.Practice_12.quitBrowser(Practice_12.java:40)
	at learnings.Practice_12.quitBrowser(Practice_12.java:40)
	at learnings.Practice_12.quitBrowser(Practice_12.java:40)
	at learnings.Practice_12.quitBrowser(Practice_12.java:40)
	at learnings.Practice_12.quitBrowser(Practice_12.java:40)
	at learnings.Practice_12.quitBrowser(Practice_12.java:40)
	at learnings.Practice_12.quitBrowser(Practice_12.java:40)
	at learnings.Practice_12.quitBrowser(Practice_12.java:40)
	at learnings.Practice_12.quitBrowser(Practice_12.java:40)
	at learnings.Practice_12.quitBrowser(Practice_12.java:40)
	at learnings.Practice_12.quitBrowser(Practice_12.java:40)
	at learnings.Practice_12.quitBrowser(Practice_12.java:40)
	at learnings.Practice_12.quitBrowser(Practice_12.java:40)
	at learnings.Practice_12.quitBrowser(Practice_12.java:40)
	at learnings.Practice_12.quitBrowser(Practice_12.java:40)
	at learnings.Practice_12.quitBrowser(Practice_12.java:40)
	at learnings.Practice_12.quitBrowser(Practice_12.java:40)
	at learnings.Practice_12.quitBrowser(Practice_12.java:40)
	at learnings.Practice_12.quitBrowser(Practice_12.java:40)
	at learnings.Practice_12.quitBrowser(Practice_12.java:40)
	at learnings.Practice_12.quitBrowser(Practice_12.java:40)
	at learnings.Practice_12.quitBrowser(Practice_12.java:40)
	at learnings.Practice_12.quitBrowser(Practice_12.java:40)
	at learnings.Practice_12.quitBrowser(Practice_12.java:40)
	at learnings.Practice_12.quitBrowser(Practice_12.java:40)
	at learnings.Practice_12.quitBrowser(Practice_12.java:40)
	at learnings.Practice_12.quitBrowser(Practice_12.java:40)
	at learnings.Practice_12.quitBrowser(Practice_12.java:40)
	at learnings.Practice_12.quitBrowser(Practice_12.java:40)
	at learnings.Practice_12.quitBrowser(Practice_12.java:40)
	at learnings.Practice_12.quitBrowser(Practice_12.java:40)
	at learnings.Practice_12.quitBrowser(Practice_12.java:40)
	at learnings.Practice_12.quitBrowser(Practice_12.java:40)
	at learnings.Practice_12.quitBrowser(Practice_12.java:40)
	at learnings.Practice_12.quitBrowser(Practice_12.java:40)
	at learnings.Practice_12.quitBrowser(Practice_12.java:40)
	at learnings.Practice_12.quitBrowser(Practice_12.java:40)
	at learnings.Practice_12.quitBrowser(Practice_12.java:40)
	at learnings.Practice_12.quitBrowser(Practice_12.java:40)
	at learnings.Practice_12.quitBrowser(Practice_12.java:40)
	at learnings.Practice_12.quitBrowser(Practice_12.java:40)
	at learnings.Practice_12.quitBrowser(Practice_12.java:40)
	at learnings.Practice_12.quitBrowser(Practice_12.java:40)
	at learnings.Practice_12.quitBrowser(Practice_12.java:40)
	at learnings.Practice_12.quitBrowser(Practice_12.java:40)
	at learnings.Practice_12.quitBrowser(Practice_12.java:40)
	at learnings.Practice_12.quitBrowser(Practice_12.java:40)
	at learnings.Practice_12.quitBrowser(Practice_12.java:40)
	at learnings.Practice_12.quitBrowser(Practice_12.java:40)
	at learnings.Practice_12.quitBrowser(Practice_12.java:40)
	at learnings.Practice_12.quitBrowser(Practice_12.java:40)
	at learnings.Practice_12.quitBrowser(Practice_12.java:40)
	at learnings.Practice_12.quitBrowser(Practice_12.java:40)
	at learnings.Practice_12.quitBrowser(Practice_12.java:40)
	at learnings.Practice_12.quitBrowser(Practice_12.java:40)
	at learnings.Practice_12.quitBrowser(Practice_12.java:40)
	at learnings.Practice_12.quitBrowser(Practice_12.java:40)
	at learnings.Practice_12.quitBrowser(Practice_12.java:40)
	at learnings.Practice_12.quitBrowser(Practice_12.java:40)
	at learnings.Practice_12.quitBrowser(Practice_12.java:40)
	at learnings.Practice_12.quitBrowser(Practice_12.java:40)
	at learnings.Practice_12.quitBrowser(Practice_12.java:40)
	at learnings.Practice_12.quitBrowser(Practice_12.java:40)
	at learnings.Practice_12.quitBrowser(Practice_12.java:40)
	at learnings.Practice_12.quitBrowser(Practice_12.java:40)
	at learnings.Practice_12.quitBrowser(Practice_12.java:40)
	at learnings.Practice_12.quitBrowser(Practice_12.java:40)
	at learnings.Practice_12.quitBrowser(Practice_12.java:40)
	at learnings.Practice_12.quitBrowser(Practice_12.java:40)
	at learnings.Practice_12.quitBrowser(Practice_12.java:40)
	at learnings.Practice_12.quitBrowser(Practice_12.java:40)
	at learnings.Practice_12.quitBrowser(Practice_12.java:40)
	at learnings.Practice_12.quitBrowser(Practice_12.java:40)
	at learnings.Practice_12.quitBrowser(Practice_12.java:40)
	at learnings.Practice_12.quitBrowser(Practice_12.java:40)
	at learnings.Practice_12.quitBrowser(Practice_12.java:40)
	at learnings.Practice_12.quitBrowser(Practice_12.java:40)
	at learnings.Practice_12.quitBrowser(Practice_12.java:40)
	at learnings.Practice_12.quitBrowser(Practice_12.java:40)
	at learnings.Practice_12.quitBrowser(Practice_12.java:40)
	at learnings.Practice_12.quitBrowser(Practice_12.java:40)
	at learnings.Practice_12.quitBrowser(Practice_12.java:40)
	at learnings.Practice_12.quitBrowser(Practice_12.java:40)
	at learnings.Practice_12.quitBrowser(Practice_12.java:40)
	at learnings.Practice_12.quitBrowser(Practice_12.java:40)
	at learnings.Practice_12.quitBrowser(Practice_12.java:40)
	at learnings.Practice_12.quitBrowser(Practice_12.java:40)
	at learnings.Practice_12.quitBrowser(Practice_12.java:40)
	at learnings.Practice_12.quitBrowser(Practice_12.java:40)
	at learnings.Practice_12.quitBrowser(Practice_12.java:40)
	at learnings.Practice_12.quitBrowser(Practice_12.java:40)
	at learnings.Practice_12.quitBrowser(Practice_12.java:40)
	at learnings.Practice_12.quitBrowser(Practice_12.java:40)
	at learnings.Practice_12.quitBrowser(Practice_12.java:40)
	at learnings.Practice_12.quitBrowser(Practice_12.java:40)
	at learnings.Practice_12.quitBrowser(Practice_12.java:40)
	at learnings.Practice_12.quitBrowser(Practice_12.java:40)
	at learnings.Practice_12.quitBrowser(Practice_12.java:40)
	at learnings.Practice_12.quitBrowser(Practice_12.java:40)
	at learnings.Practice_12.quitBrowser(Practice_12.java:40)
	at learnings.Practice_12.quitBrowser(Practice_12.java:40)
	at learnings.Practice_12.quitBrowser(Practice_12.java:40)
	at learnings.Practice_12.quitBrowser(Practice_12.java:40)
	at learnings.Practice_12.quitBrowser(Practice_12.java:40)
	at learnings.Practice_12.quitBrowser(Practice_12.java:40)
	at learnings.Practice_12.quitBrowser(Practice_12.java:40)
	at learnings.Practice_12.quitBrowser(Practice_12.java:40)
	at learnings.Practice_12.quitBrowser(Practice_12.java:40)
	at learnings.Practice_12.quitBrowser(Practice_12.java:40)
	at learnings.Practice_12.quitBrowser(Practice_12.java:40)
	at learnings.Practice_12.quitBrowser(Practice_12.java:40)
	at learnings.Practice_12.quitBrowser(Practice_12.java:40)
	at learnings.Practice_12.quitBrowser(Practice_12.java:40)
	at learnings.Practice_12.quitBrowser(Practice_12.java:40)
	at learnings.Practice_12.quitBrowser(Practice_12.java:40)
	at learnings.Practice_12.quitBrowser(Practice_12.java:40)
	at learnings.Practice_12.quitBrowser(Practice_12.java:40)
	at learnings.Practice_12.quitBrowser(Practice_12.java:40)
	at learnings.Practice_12.quitBrowser(Practice_12.java:40)
	at learnings.Practice_12.quitBrowser(Practice_12.java:40)
	at learnings.Practice_12.quitBrowser(Practice_12.java:40)
	at learnings.Practice_12.quitBrowser(Practice_12.java:40)
	at learnings.Practice_12.quitBrowser(Practice_12.java:40)
	at learnings.Practice_12.quitBrowser(Practice_12.java:40)
	at learnings.Practice_12.quitBrowser(Practice_12.java:40)
	at learnings.Practice_12.quitBrowser(Practice_12.java:40)
	at learnings.Practice_12.quitBrowser(Practice_12.java:40)
	at learnings.Practice_12.quitBrowser(Practice_12.java:40)
	at learnings.Practice_12.quitBrowser(Practice_12.java:40)
	at learnings.Practice_12.quitBrowser(Practice_12.java:40)
	at learnings.Practice_12.quitBrowser(Practice_12.java:40)
	at learnings.Practice_12.quitBrowser(Practice_12.java:40)
	at learnings.Practice_12.quitBrowser(Practice_12.java:40)
	at learnings.Practice_12.quitBrowser(Practice_12.java:40)
	at learnings.Practice_12.quitBrowser(Practice_12.java:40)
	at learnings.Practice_12.quitBrowser(Practice_12.java:40)
	at learnings.Practice_12.quitBrowser(Practice_12.java:40)
	at learnings.Practice_12.quitBrowser(Practice_12.java:40)
	at learnings.Practice_12.quitBrowser(Practice_12.java:40)
	at learnings.Practice_12.quitBrowser(Practice_12.java:40)
	at learnings.Practice_12.quitBrowser(Practice_12.java:40)
	at learnings.Practice_12.quitBrowser(Practice_12.java:40)
	at learnings.Practice_12.quitBrowser(Practice_12.java:40)
	at learnings.Practice_12.quitBrowser(Practice_12.java:40)
	at learnings.Practice_12.quitBrowser(Practice_12.java:40)
	at learnings.Practice_12.quitBrowser(Practice_12.java:40)
	at learnings.Practice_12.quitBrowser(Practice_12.java:40)
	at learnings.Practice_12.quitBrowser(Practice_12.java:40)
	at learnings.Practice_12.quitBrowser(Practice_12.java:40)
	at learnings.Practice_12.quitBrowser(Practice_12.java:40)
	at learnings.Practice_12.quitBrowser(Practice_12.java:40)
	at learnings.Practice_12.quitBrowser(Practice_12.java:40)
	at learnings.Practice_12.quitBrowser(Practice_12.java:40)
	at learnings.Practice_12.quitBrowser(Practice_12.java:40)
	at learnings.Practice_12.quitBrowser(Practice_12.java:40)
	at learnings.Practice_12.quitBrowser(Practice_12.java:40)
	at learnings.Practice_12.quitBrowser(Practice_12.java:40)
	at learnings.Practice_12.quitBrowser(Practice_12.java:40)
	at learnings.Practice_12.quitBrowser(Practice_12.java:40)
	at learnings.Practice_12.quitBrowser(Practice_12.java:40)
	at learnings.Practice_12.quitBrowser(Practice_12.java:40)
	at learnings.Practice_12.quitBrowser(Practice_12.java:40)
	at learnings.Practice_12.quitBrowser(Practice_12.java:40)
	at learnings.Practice_12.quitBrowser(Practice_12.java:40)
	at learnings.Practice_12.quitBrowser(Practice_12.java:40)
	at learnings.Practice_12.quitBrowser(Practice_12.java:40)
	at learnings.Practice_12.quitBrowser(Practice_12.java:40)
	at learnings.Practice_12.quitBrowser(Practice_12.java:40)
	at learnings.Practice_12.quitBrowser(Practice_12.java:40)
	at learnings.Practice_12.quitBrowser(Practice_12.java:40)
	at learnings.Practice_12.quitBrowser(Practice_12.java:40)
	at learnings.Practice_12.quitBrowser(Practice_12.java:40)
	at learnings.Practice_12.quitBrowser(Practice_12.java:40)
	at learnings.Practice_12.quitBrowser(Practice_12.java:40)
	at learnings.Practice_12.quitBrowser(Practice_12.java:40)
	at learnings.Practice_12.quitBrowser(Practice_12.java:40)
	at learnings.Practice_12.quitBrowser(Practice_12.java:40)
	at learnings.Practice_12.quitBrowser(Practice_12.java:40)
	at learnings.Practice_12.quitBrowser(Practice_12.java:40)
	at learnings.Practice_12.quitBrowser(Practice_12.java:40)
	at learnings.Practice_12.quitBrowser(Practice_12.java:40)
	at learnings.Practice_12.quitBrowser(Practice_12.java:40)
	at learnings.Practice_12.quitBrowser(Practice_12.java:40)
	at learnings.Practice_12.quitBrowser(Practice_12.java:40)
	at learnings.Practice_12.quitBrowser(Practice_12.java:40)
	at learnings.Practice_12.quitBrowser(Practice_12.java:40)
	at learnings.Practice_12.quitBrowser(Practice_12.java:40)
	at learnings.Practice_12.quitBrowser(Practice_12.java:40)
	at learnings.Practice_12.quitBrowser(Practice_12.java:40)
	at learnings.Practice_12.quitBrowser(Practice_12.java:40)
	at learnings.Practice_12.quitBrowser(Practice_12.java:40)
	at learnings.Practice_12.quitBrowser(Practice_12.java:40)
	at learnings.Practice_12.quitBrowser(Practice_12.java:40)
	at learnings.Practice_12.quitBrowser(Practice_12.java:40)
	at learnings.Practice_12.quitBrowser(Practice_12.java:40)
	at learnings.Practice_12.quitBrowser(Practice_12.java:40)
	at learnings.Practice_12.quitBrowser(Practice_12.java:40)
	at learnings.Practice_12.quitBrowser(Practice_12.java:40)
	at learnings.Practice_12.quitBrowser(Practice_12.java:40)
	at learnings.Practice_12.quitBrowser(Practice_12.java:40)
	at learnings.Practice_12.quitBrowser(Practice_12.java:40)
	at learnings.Practice_12.quitBrowser(Practice_12.java:40)
	at learnings.Practice_12.quitBrowser(Practice_12.java:40)
	at learnings.Practice_12.quitBrowser(Practice_12.java:40)
	at learnings.Practice_12.quitBrowser(Practice_12.java:40)
	at learnings.Practice_12.quitBrowser(Practice_12.java:40)
	at learnings.Practice_12.quitBrowser(Practice_12.java:40)
	at learnings.Practice_12.quitBrowser(Practice_12.java:40)
	at learnings.Practice_12.quitBrowser(Practice_12.java:40)
	at learnings.Practice_12.quitBrowser(Practice_12.java:40)
	at learnings.Practice_12.quitBrowser(Practice_12.java:40)
	at learnings.Practice_12.quitBrowser(Practice_12.java:40)
	at learnings.Practice_12.quitBrowser(Practice_12.java:40)
	at learnings.Practice_12.quitBrowser(Practice_12.java:40)
	at learnings.Practice_12.quitBrowser(Practice_12.java:40)
	at learnings.Practice_12.quitBrowser(Practice_12.java:40)
	at learnings.Practice_12.quitBrowser(Practice_12.java:40)
	at learnings.Practice_12.quitBrowser(Practice_12.java:40)
	at learnings.Practice_12.quitBrowser(Practice_12.java:40)
	at learnings.Practice_12.quitBrowser(Practice_12.java:40)
	at learnings.Practice_12.quitBrowser(Practice_12.java:40)
	at learnings.Practice_12.quitBrowser(Practice_12.java:40)
	at learnings.Practice_12.quitBrowser(Practice_12.java:40)
	at learnings.Practice_12.quitBrowser(Practice_12.java:40)
	at learnings.Practice_12.quitBrowser(Practice_12.java:40)
	at learnings.Practice_12.quitBrowser(Practice_12.java:40)
	at learnings.Practice_12.quitBrowser(Practice_12.java:40)
	at learnings.Practice_12.quitBrowser(Practice_12.java:40)
	at learnings.Practice_12.quitBrowser(Practice_12.java:40)
	at learnings.Practice_12.quitBrowser(Practice_12.java:40)
	at learnings.Practice_12.quitBrowser(Practice_12.java:40)
	at learnings.Practice_12.quitBrowser(Practice_12.java:40)
	at learnings.Practice_12.quitBrowser(Practice_12.java:40)
	at learnings.Practice_12.quitBrowser(Practice_12.java:40)
	at learnings.Practice_12.quitBrowser(Practice_12.java:40)
	at learnings.Practice_12.quitBrowser(Practice_12.java:40)
	at learnings.Practice_12.quitBrowser(Practice_12.java:40)
	at learnings.Practice_12.quitBrowser(Practice_12.java:40)
	at learnings.Practice_12.quitBrowser(Practice_12.java:40)
	at learnings.Practice_12.quitBrowser(Practice_12.java:40)
	at learnings.Practice_12.quitBrowser(Practice_12.java:40)
	at learnings.Practice_12.quitBrowser(Practice_12.java:40)
	at learnings.Practice_12.quitBrowser(Practice_12.java:40)
	at learnings.Practice_12.quitBrowser(Practice_12.java:40)
	at learnings.Practice_12.quitBrowser(Practice_12.java:40)
	at learnings.Practice_12.quitBrowser(Practice_12.java:40)
	at learnings.Practice_12.quitBrowser(Practice_12.java:40)
	at learnings.Practice_12.quitBrowser(Practice_12.java:40)
	at learnings.Practice_12.quitBrowser(Practice_12.java:40)
	at learnings.Practice_12.quitBrowser(Practice_12.java:40)
	at learnings.Practice_12.quitBrowser(Practice_12.java:40)
	at learnings.Practice_12.quitBrowser(Practice_12.java:40)
	at learnings.Practice_12.quitBrowser(Practice_12.java:40)
	at learnings.Practice_12.quitBrowser(Practice_12.java:40)
	at learnings.Practice_12.quitBrowser(Practice_12.java:40)
	at learnings.Practice_12.quitBrowser(Practice_12.java:40)
	at learnings.Practice_12.quitBrowser(Practice_12.java:40)
	at learnings.Practice_12.quitBrowser(Practice_12.java:40)
	at learnings.Practice_12.quitBrowser(Practice_12.java:40)
	at learnings.Practice_12.quitBrowser(Practice_12.java:40)
	at learnings.Practice_12.quitBrowser(Practice_12.java:40)
	at learnings.Practice_12.quitBrowser(Practice_12.java:40)
	at learnings.Practice_12.quitBrowser(Practice_12.java:40)
	at learnings.Practice_12.quitBrowser(Practice_12.java:40)
	at learnings.Practice_12.quitBrowser(Practice_12.java:40)
	at learnings.Practice_12.quitBrowser(Practice_12.java:40)
	at learnings.Practice_12.quitBrowser(Practice_12.java:40)
	at learnings.Practice_12.quitBrowser(Practice_12.java:40)
	at learnings.Practice_12.quitBrowser(Practice_12.java:40)
	at learnings.Practice_12.quitBrowser(Practice_12.java:40)
	at learnings.Practice_12.quitBrowser(Practice_12.java:40)
	at learnings.Practice_12.quitBrowser(Practice_12.java:40)
	at learnings.Practice_12.quitBrowser(Practice_12.java:40)
	at learnings.Practice_12.quitBrowser(Practice_12.java:40)
	at learnings.Practice_12.quitBrowser(Practice_12.java:40)
	at learnings.Practice_12.quitBrowser(Practice_12.java:40)
	at learnings.Practice_12.quitBrowser(Practice_12.java:40)
	at learnings.Practice_12.quitBrowser(Practice_12.java:40)
	at learnings.Practice_12.quitBrowser(Practice_12.java:40)
	at learnings.Practice_12.quitBrowser(Practice_12.java:40)
	at learnings.Practice_12.quitBrowser(Practice_12.java:40)
	at learnings.Practice_12.quitBrowser(Practice_12.java:40)
	at learnings.Practice_12.quitBrowser(Practice_12.java:40)
	at learnings.Practice_12.quitBrowser(Practice_12.java:40)
	at learnings.Practice_12.quitBrowser(Practice_12.java:40)
	at learnings.Practice_12.quitBrowser(Practice_12.java:40)
	at learnings.Practice_12.quitBrowser(Practice_12.java:40)
	at learnings.Practice_12.quitBrowser(Practice_12.java:40)
	at learnings.Practice_12.quitBrowser(Practice_12.java:40)
	at learnings.Practice_12.quitBrowser(Practice_12.java:40)
	at learnings.Practice_12.quitBrowser(Practice_12.java:40)
	at learnings.Practice_12.quitBrowser(Practice_12.java:40)
	at learnings.Practice_12.quitBrowser(Practice_12.java:40)
	at learnings.Practice_12.quitBrowser(Practice_12.java:40)
	at learnings.Practice_12.quitBrowser(Practice_12.java:40)
	at learnings.Practice_12.quitBrowser(Practice_12.java:40)
	at learnings.Practice_12.quitBrowser(Practice_12.java:40)
	at learnings.Practice_12.quitBrowser(Practice_12.java:40)
	at learnings.Practice_12.quitBrowser(Practice_12.java:40)
	at learnings.Practice_12.quitBrowser(Practice_12.java:40)
	at learnings.Practice_12.quitBrowser(Practice_12.java:40)
	at learnings.Practice_12.quitBrowser(Practice_12.java:40)
	at learnings.Practice_12.quitBrowser(Practice_12.java:40)
	at learnings.Practice_12.quitBrowser(Practice_12.java:40)
	at learnings.Practice_12.quitBrowser(Practice_12.java:40)
	at learnings.Practice_12.quitBrowser(Practice_12.java:40)
	at learnings.Practice_12.quitBrowser(Practice_12.java:40)
	at learnings.Practice_12.quitBrowser(Practice_12.java:40)
	at learnings.Practice_12.quitBrowser(Practice_12.java:40)
	at learnings.Practice_12.quitBrowser(Practice_12.java:40)
	at learnings.Practice_12.quitBrowser(Practice_12.java:40)
	at learnings.Practice_12.quitBrowser(Practice_12.java:40)
	at learnings.Practice_12.quitBrowser(Practice_12.java:40)
	at learnings.Practice_12.quitBrowser(Practice_12.java:40)
	at learnings.Practice_12.quitBrowser(Practice_12.java:40)
	at learnings.Practice_12.quitBrowser(Practice_12.java:40)
	at learnings.Practice_12.quitBrowser(Practice_12.java:40)
	at learnings.Practice_12.quitBrowser(Practice_12.java:40)
	at learnings.Practice_12.quitBrowser(Practice_12.java:40)
	at learnings.Practice_12.quitBrowser(Practice_12.java:40)
	at learnings.Practice_12.quitBrowser(Practice_12.java:40)
	at learnings.Practice_12.quitBrowser(Practice_12.java:40)
	at learnings.Practice_12.quitBrowser(Practice_12.java:40)
	at learnings.Practice_12.quitBrowser(Practice_12.java:40)
	at learnings.Practice_12.quitBrowser(Practice_12.java:40)
	at learnings.Practice_12.quitBrowser(Practice_12.java:40)
	at learnings.Practice_12.quitBrowser(Practice_12.java:40)
	at learnings.Practice_12.quitBrowser(Practice_12.java:40)
	at learnings.Practice_12.quitBrowser(Practice_12.java:40)
	at learnings.Practice_12.quitBrowser(Practice_12.java:40)
	at learnings.Practice_12.quitBrowser(Practice_12.java:40)
	at learnings.Practice_12.quitBrowser(Practice_12.java:40)
	at learnings.Practice_12.quitBrowser(Practice_12.java:40)
	at learnings.Practice_12.quitBrowser(Practice_12.java:40)
	at learnings.Practice_12.quitBrowser(Practice_12.java:40)
	at learnings.Practice_12.quitBrowser(Practice_12.java:40)
	at learnings.Practice_12.quitBrowser(Practice_12.java:40)
	at learnings.Practice_12.quitBrowser(Practice_12.java:40)
	at learnings.Practice_12.quitBrowser(Practice_12.java:40)
	at learnings.Practice_12.quitBrowser(Practice_12.java:40)
	at learnings.Practice_12.quitBrowser(Practice_12.java:40)
	at learnings.Practice_12.quitBrowser(Practice_12.java:40)
	at learnings.Practice_12.quitBrowser(Practice_12.java:40)
	at learnings.Practice_12.quitBrowser(Practice_12.java:40)
	at learnings.Practice_12.quitBrowser(Practice_12.java:40)
	at learnings.Practice_12.quitBrowser(Practice_12.java:40)
	at learnings.Practice_12.quitBrowser(Practice_12.java:40)
	at learnings.Practice_12.quitBrowser(Practice_12.java:40)
	at learnings.Practice_12.quitBrowser(Practice_12.java:40)
	at learnings.Practice_12.quitBrowser(Practice_12.java:40)
	at learnings.Practice_12.quitBrowser(Practice_12.java:40)
	at learnings.Practice_12.quitBrowser(Practice_12.java:40)
	at learnings.Practice_12.quitBrowser(Practice_12.java:40)
	at learnings.Practice_12.quitBrowser(Practice_12.java:40)
	at learnings.Practice_12.quitBrowser(Practice_12.java:40)
	at learnings.Practice_12.quitBrowser(Practice_12.java:40)
	at learnings.Practice_12.quitBrowser(Practice_12.java:40)
	at learnings.Practice_12.quitBrowser(Practice_12.java:40)
	at learnings.Practice_12.quitBrowser(Practice_12.java:40)
	at learnings.Practice_12.quitBrowser(Practice_12.java:40)
	at learnings.Practice_12.quitBrowser(Practice_12.java:40)
	at learnings.Practice_12.quitBrowser(Practice_12.java:40)
	at learnings.Practice_12.quitBrowser(Practice_12.java:40)
	at learnings.Practice_12.quitBrowser(Practice_12.java:40)
	at learnings.Practice_12.quitBrowser(Practice_12.java:40)
	at learnings.Practice_12.quitBrowser(Practice_12.java:40)
	at learnings.Practice_12.quitBrowser(Practice_12.java:40)
	at learnings.Practice_12.quitBrowser(Practice_12.java:40)
	at learnings.Practice_12.quitBrowser(Practice_12.java:40)
	at learnings.Practice_12.quitBrowser(Practice_12.java:40)
	at learnings.Practice_12.quitBrowser(Practice_12.java:40)
	at learnings.Practice_12.quitBrowser(Practice_12.java:40)
	at learnings.Practice_12.quitBrowser(Practice_12.java:40)
	at learnings.Practice_12.quitBrowser(Practice_12.java:40)
	at learnings.Practice_12.quitBrowser(Practice_12.java:40)
	at learnings.Practice_12.quitBrowser(Practice_12.java:40)
	at learnings.Practice_12.quitBrowser(Practice_12.java:40)
	at learnings.Practice_12.quitBrowser(Practice_12.java:40)
	at learnings.Practice_12.quitBrowser(Practice_12.java:40)
	at learnings.Practice_12.quitBrowser(Practice_12.java:40)
	at learnings.Practice_12.quitBrowser(Practice_12.java:40)
	at learnings.Practice_12.quitBrowser(Practice_12.java:40)
	at learnings.Practice_12.quitBrowser(Practice_12.java:40)
	at learnings.Practice_12.quitBrowser(Practice_12.java:40)
	at learnings.Practice_12.quitBrowser(Practice_12.java:40)
	at learnings.Practice_12.quitBrowser(Practice_12.java:40)
	at learnings.Practice_12.quitBrowser(Practice_12.java:40)
	at learnings.Practice_12.quitBrowser(Practice_12.java:40)
	at learnings.Practice_12.quitBrowser(Practice_12.java:40)
	at learnings.Practice_12.quitBrowser(Practice_12.java:40)
	at learnings.Practice_12.quitBrowser(Practice_12.java:40)
	at learnings.Practice_12.quitBrowser(Practice_12.java:40)
	at learnings.Practice_12.quitBrowser(Practice_12.java:40)
	at learnings.Practice_12.quitBrowser(Practice_12.java:40)
	at learnings.Practice_12.quitBrowser(Practice_12.java:40)
	at learnings.Practice_12.quitBrowser(Practice_12.java:40)
	at learnings.Practice_12.quitBrowser(Practice_12.java:40)
	at learnings.Practice_12.quitBrowser(Practice_12.java:40)
	at learnings.Practice_12.quitBrowser(Practice_12.java:40)
	at learnings.Practice_12.quitBrowser(Practice_12.java:40)
	at learnings.Practice_12.quitBrowser(Practice_12.java:40)
	at learnings.Practice_12.quitBrowser(Practice_12.java:40)
	at learnings.Practice_12.quitBrowser(Practice_12.java:40)
	at learnings.Practice_12.quitBrowser(Practice_12.java:40)
	at learnings.Practice_12.quitBrowser(Practice_12.java:40)
	at learnings.Practice_12.quitBrowser(Practice_12.java:40)
	at learnings.Practice_12.quitBrowser(Practice_12.java:40)
	at learnings.Practice_12.quitBrowser(Practice_12.java:40)
	at learnings.Practice_12.quitBrowser(Practice_12.java:40)
	at learnings.Practice_12.quitBrowser(Practice_12.java:40)
	at learnings.Practice_12.quitBrowser(Practice_12.java:40)
	at learnings.Practice_12.quitBrowser(Practice_12.java:40)
	at learnings.Practice_12.quitBrowser(Practice_12.java:40)
	at learnings.Practice_12.quitBrowser(Practice_12.java:40)
	at learnings.Practice_12.quitBrowser(Practice_12.java:40)
	at learnings.Practice_12.quitBrowser(Practice_12.java:40)
	at learnings.Practice_12.quitBrowser(Practice_12.java:40)
	at learnings.Practice_12.quitBrowser(Practice_12.java:40)
	at learnings.Practice_12.quitBrowser(Practice_12.java:40)
	at learnings.Practice_12.quitBrowser(Practice_12.java:40)
	at learnings.Practice_12.quitBrowser(Practice_12.java:40)
	at learnings.Practice_12.quitBrowser(Practice_12.java:40)
	at learnings.Practice_12.quitBrowser(Practice_12.java:40)
	at learnings.Practice_12.quitBrowser(Practice_12.java:40)
	at learnings.Practice_12.quitBrowser(Practice_12.java:40)
	at learnings.Practice_12.quitBrowser(Practice_12.java:40)
	at learnings.Practice_12.quitBrowser(Practice_12.java:40)
	at learnings.Practice_12.quitBrowser(Practice_12.java:40)
	at learnings.Practice_12.quitBrowser(Practice_12.java:40)
	at learnings.Practice_12.quitBrowser(Practice_12.java:40)
	at learnings.Practice_12.quitBrowser(Practice_12.java:40)
	at learnings.Practice_12.quitBrowser(Practice_12.java:40)
	at learnings.Practice_12.quitBrowser(Practice_12.java:40)
	at learnings.Practice_12.quitBrowser(Practice_12.java:40)
	at learnings.Practice_12.quitBrowser(Practice_12.java:40)
	at learnings.Practice_12.quitBrowser(Practice_12.java:40)
	at learnings.Practice_12.quitBrowser(Practice_12.java:40)
	at learnings.Practice_12.quitBrowser(Practice_12.java:40)
	at learnings.Practice_12.quitBrowser(Practice_12.java:40)
	at learnings.Practice_12.quitBrowser(Practice_12.java:40)
	at learnings.Practice_12.quitBrowser(Practice_12.java:40)
	at learnings.Practice_12.quitBrowser(Practice_12.java:40)
	at learnings.Practice_12.quitBrowser(Practice_12.java:40)
	at learnings.Practice_12.quitBrowser(Practice_12.java:40)
	at learnings.Practice_12.quitBrowser(Practice_12.java:40)
	at learnings.Practice_12.quitBrowser(Practice_12.java:40)
	at learnings.Practice_12.quitBrowser(Practice_12.java:40)
	at learnings.Practice_12.quitBrowser(Practice_12.java:40)
	at learnings.Practice_12.quitBrowser(Practice_12.java:40)
	at learnings.Practice_12.quitBrowser(Practice_12.java:40)
	at learnings.Practice_12.quitBrowser(Practice_12.java:40)
	at learnings.Practice_12.quitBrowser(Practice_12.java:40)
	at learnings.Practice_12.quitBrowser(Practice_12.java:40)
	at learnings.Practice_12.quitBrowser(Practice_12.java:40)
	at learnings.Practice_12.quitBrowser(Practice_12.java:40)
	at learnings.Practice_12.quitBrowser(Practice_12.java:40)
	at learnings.Practice_12.quitBrowser(Practice_12.java:40)
	at learnings.Practice_12.quitBrowser(Practice_12.java:40)
	at learnings.Practice_12.quitBrowser(Practice_12.java:40)
	at learnings.Practice_12.quitBrowser(Practice_12.java:40)
	at learnings.Practice_12.quitBrowser(Practice_12.java:40)
	at learnings.Practice_12.quitBrowser(Practice_12.java:40)
	at learnings.Practice_12.quitBrowser(Practice_12.java:40)
	at learnings.Practice_12.quitBrowser(Practice_12.java:40)
	at learnings.Practice_12.quitBrowser(Practice_12.java:40)
	at learnings.Practice_12.quitBrowser(Practice_12.java:40)
	at learnings.Practice_12.quitBrowser(Practice_12.java:40)
	at learnings.Practice_12.quitBrowser(Practice_12.java:40)
	at learnings.Practice_12.quitBrowser(Practice_12.java:40)
	at learnings.Practice_12.quitBrowser(Practice_12.java:40)
	at learnings.Practice_12.quitBrowser(Practice_12.java:40)
	at learnings.Practice_12.quitBrowser(Practice_12.java:40)
	at learnings.Practice_12.quitBrowser(Practice_12.java:40)
	at learnings.Practice_12.quitBrowser(Practice_12.java:40)
	at learnings.Practice_12.quitBrowser(Practice_12.java:40)
	at learnings.Practice_12.quitBrowser(Practice_12.java:40)
	at learnings.Practice_12.quitBrowser(Practice_12.java:40)
	at learnings.Practice_12.quitBrowser(Practice_12.java:40)
	at learnings.Practice_12.quitBrowser(Practice_12.java:40)
	at learnings.Practice_12.quitBrowser(Practice_12.java:40)
	at learnings.Practice_12.quitBrowser(Practice_12.java:40)
	at learnings.Practice_12.quitBrowser(Practice_12.java:40)
	at learnings.Practice_12.quitBrowser(Practice_12.java:40)
	at learnings.Practice_12.quitBrowser(Practice_12.java:40)
	at learnings.Practice_12.quitBrowser(Practice_12.java:40)
	at learnings.Practice_12.quitBrowser(Practice_12.java:40)
	at learnings.Practice_12.quitBrowser(Practice_12.java:40)
	at learnings.Practice_12.quitBrowser(Practice_12.java:40)
	at learnings.Practice_12.quitBrowser(Practice_12.java:40)
	at learnings.Practice_12.quitBrowser(Practice_12.java:40)
	at learnings.Practice_12.quitBrowser(Practice_12.java:40)
	at learnings.Practice_12.quitBrowser(Practice_12.java:40)
	at learnings.Practice_12.quitBrowser(Practice_12.java:40)
	at learnings.Practice_12.quitBrowser(Practice_12.java:40)
	at learnings.Practice_12.quitBrowser(Practice_12.java:40)
	at learnings.Practice_12.quitBrowser(Practice_12.java:40)
	at learnings.Practice_12.quitBrowser(Practice_12.java:40)
	at learnings.Practice_12.quitBrowser(Practice_12.java:40)
	at learnings.Practice_12.quitBrowser(Practice_12.java:40)
	at learnings.Practice_12.quitBrowser(Practice_12.java:40)
	at learnings.Practice_12.quitBrowser(Practice_12.java:40)
	at learnings.Practice_12.quitBrowser(Practice_12.java:40)
	at learnings.Practice_12.quitBrowser(Practice_12.java:40)
	at learnings.Practice_12.quitBrowser(Practice_12.java:40)
	at learnings.Practice_12.quitBrowser(Practice_12.java:40)
	at learnings.Practice_12.quitBrowser(Practice_12.java:40)
	at learnings.Practice_12.quitBrowser(Practice_12.java:40)
	at learnings.Practice_12.quitBrowser(Practice_12.java:40)
	at learnings.Practice_12.quitBrowser(Practice_12.java:40)
	at learnings.Practice_12.quitBrowser(Practice_12.java:40)
	at learnings.Practice_12.quitBrowser(Practice_12.java:40)
	at learnings.Practice_12.quitBrowser(Practice_12.java:40)
	at learnings.Practice_12.quitBrowser(Practice_12.java:40)
	at learnings.Practice_12.quitBrowser(Practice_12.java:40)
	at learnings.Practice_12.quitBrowser(Practice_12.java:40)
	at learnings.Practice_12.quitBrowser(Practice_12.java:40)
	at learnings.Practice_12.quitBrowser(Practice_12.java:40)
	at learnings.Practice_12.quitBrowser(Practice_12.java:40)
	at learnings.Practice_12.quitBrowser(Practice_12.java:40)
	at learnings.Practice_12.quitBrowser(Practice_12.java:40)
	at learnings.Practice_12.quitBrowser(Practice_12.java:40)
	at learnings.Practice_12.quitBrowser(Practice_12.java:40)
	at learnings.Practice_12.quitBrowser(Practice_12.java:40)
	at learnings.Practice_12.quitBrowser(Practice_12.java:40)
	at learnings.Practice_12.quitBrowser(Practice_12.java:40)
	at learnings.Practice_12.quitBrowser(Practice_12.java:40)
	at learnings.Practice_12.quitBrowser(Practice_12.java:40)
	at learnings.Practice_12.quitBrowser(Practice_12.java:40)
	at learnings.Practice_12.quitBrowser(Practice_12.java:40)
	at learnings.Practice_12.quitBrowser(Practice_12.java:40)
	at learnings.Practice_12.quitBrowser(Practice_12.java:40)
	at learnings.Practice_12.quitBrowser(Practice_12.java:40)
	at learnings.Practice_12.quitBrowser(Practice_12.java:40)
	at learnings.Practice_12.quitBrowser(Practice_12.java:40)
	at learnings.Practice_12.quitBrowser(Practice_12.java:40)
	at learnings.Practice_12.quitBrowser(Practice_12.java:40)
	at learnings.Practice_12.quitBrowser(Practice_12.java:40)
	at learnings.Practice_12.quitBrowser(Practice_12.java:40)
	at learnings.Practice_12.quitBrowser(Practice_12.java:40)
	at learnings.Practice_12.quitBrowser(Practice_12.java:40)
	at learnings.Practice_12.quitBrowser(Practice_12.java:40)
	at learnings.Practice_12.quitBrowser(Practice_12.java:40)
	at learnings.Practice_12.quitBrowser(Practice_12.java:40)
	at learnings.Practice_12.quitBrowser(Practice_12.java:40)
	at learnings.Practice_12.quitBrowser(Practice_12.java:40)
	at learnings.Practice_12.quitBrowser(Practice_12.java:40)
	at learnings.Practice_12.quitBrowser(Practice_12.java:40)
	at learnings.Practice_12.quitBrowser(Practice_12.java:40)
	at learnings.Practice_12.quitBrowser(Practice_12.java:40)
	at learnings.Practice_12.quitBrowser(Practice_12.java:40)
	at learnings.Practice_12.quitBrowser(Practice_12.java:40)
	at learnings.Practice_12.quitBrowser(Practice_12.java:40)
	at learnings.Practice_12.quitBrowser(Practice_12.java:40)
	at learnings.Practice_12.quitBrowser(Practice_12.java:40)
	at learnings.Practice_12.quitBrowser(Practice_12.java:40)
	at learnings.Practice_12.quitBrowser(Practice_12.java:40)
	at learnings.Practice_12.quitBrowser(Practice_12.java:40)
	at learnings.Practice_12.quitBrowser(Practice_12.java:40)
	at learnings.Practice_12.quitBrowser(Practice_12.java:40)
	at learnings.Practice_12.quitBrowser(Practice_12.java:40)
	at learnings.Practice_12.quitBrowser(Practice_12.java:40)
	at learnings.Practice_12.quitBrowser(Practice_12.java:40)
	at learnings.Practice_12.quitBrowser(Practice_12.java:40)
	at learnings.Practice_12.quitBrowser(Practice_12.java:40)
	at learnings.Practice_12.quitBrowser(Practice_12.java:40)
	at learnings.Practice_12.quitBrowser(Practice_12.java:40)
	at learnings.Practice_12.quitBrowser(Practice_12.java:40)
	at learnings.Practice_12.quitBrowser(Practice_12.java:40)
	at learnings.Practice_12.quitBrowser(Practice_12.java:40)
	at learnings.Practice_12.quitBrowser(Practice_12.java:40)
	at learnings.Practice_12.quitBrowser(Practice_12.java:40)
	at learnings.Practice_12.quitBrowser(Practice_12.java:40)
	at learnings.Practice_12.quitBrowser(Practice_12.java:40)
	at learnings.Practice_12.quitBrowser(Practice_12.java:40)
	at learnings.Practice_12.quitBrowser(Practice_12.java:40)
	at learnings.Practice_12.quitBrowser(Practice_12.java:40)
	at learnings.Practice_12.quitBrowser(Practice_12.java:40)
	at learnings.Practice_12.quitBrowser(Practice_12.java:40)
	at learnings.Practice_12.quitBrowser(Practice_12.java:40)
	at learnings.Practice_12.quitBrowser(Practice_12.java:40)
	at learnings.Practice_12.quitBrowser(Practice_12.java:40)
	at learnings.Practice_12.quitBrowser(Practice_12.java:40)
	at learnings.Practice_12.quitBrowser(Practice_12.java:40)
	at learnings.Practice_12.quitBrowser(Practice_12.java:40)
	at learnings.Practice_12.quitBrowser(Practice_12.java:40)
	at learnings.Practice_12.quitBrowser(Practice_12.java:40)
	at learnings.Practice_12.quitBrowser(Practice_12.java:40)
	at learnings.Practice_12.quitBrowser(Practice_12.java:40)
	at learnings.Practice_12.quitBrowser(Practice_12.java:40)
	at learnings.Practice_12.quitBrowser(Practice_12.java:40)
	at learnings.Practice_12.quitBrowser(Practice_12.java:40)
	at learnings.Practice_12.quitBrowser(Practice_12.java:40)
	at learnings.Practice_12.quitBrowser(Practice_12.java:40)
	at learnings.Practice_12.quitBrowser(Practice_12.java:40)
	at learnings.Practice_12.quitBrowser(Practice_12.java:40)
	at learnings.Practice_12.quitBrowser(Practice_12.java:40)
	at learnings.Practice_12.quitBrowser(Practice_12.java:40)
	at learnings.Practice_12.quitBrowser(Practice_12.java:40)
	at learnings.Practice_12.quitBrowser(Practice_12.java:40)
	at learnings.Practice_12.quitBrowser(Practice_12.java:40)
	at learnings.Practice_12.quitBrowser(Practice_12.java:40)
	at learnings.Practice_12.quitBrowser(Practice_12.java:40)
	at learnings.Practice_12.quitBrowser(Practice_12.java:40)
	at learnings.Practice_12.quitBrowser(Practice_12.java:40)
	at learnings.Practice_12.quitBrowser(Practice_12.java:40)
	at learnings.Practice_12.quitBrowser(Practice_12.java:40)
	at learnings.Practice_12.quitBrowser(Practice_12.java:40)
	at learnings.Practice_12.quitBrowser(Practice_12.java:40)
	at learnings.Practice_12.quitBrowser(Practice_12.java:40)
	at learnings.Practice_12.quitBrowser(Practice_12.java:40)
	at learnings.Practice_12.quitBrowser(Practice_12.java:40)
	at learnings.Practice_12.quitBrowser(Practice_12.java:40)
	at learnings.Practice_12.quitBrowser(Practice_12.java:40)
	at learnings.Practice_12.quitBrowser(Practice_12.java:40)
	at learnings.Practice_12.quitBrowser(Practice_12.java:40)
	at learnings.Practice_12.quitBrowser(Practice_12.java:40)
	at learnings.Practice_12.quitBrowser(Practice_12.java:40)
	at learnings.Practice_12.quitBrowser(Practice_12.java:40)
	at learnings.Practice_12.quitBrowser(Practice_12.java:40)
	at learnings.Practice_12.quitBrowser(Practice_12.java:40)
	at learnings.Practice_12.quitBrowser(Practice_12.java:40)
	at learnings.Practice_12.quitBrowser(Practice_12.java:40)
	at learnings.Practice_12.quitBrowser(Practice_12.java:40)
	at learnings.Practice_12.quitBrowser(Practice_12.java:40)
	at learnings.Practice_12.quitBrowser(Practice_12.java:40)
	at learnings.Practice_12.quitBrowser(Practice_12.java:40)
	at learnings.Practice_12.quitBrowser(Practice_12.java:40)
	at learnings.Practice_12.quitBrowser(Practice_12.java:40)
	at learnings.Practice_12.quitBrowser(Practice_12.java:40)
	at learnings.Practice_12.quitBrowser(Practice_12.java:40)
	at learnings.Practice_12.quitBrowser(Practice_12.java:40)
	at learnings.Practice_12.quitBrowser(Practice_12.java:40)
	at learnings.Practice_12.quitBrowser(Practice_12.java:40)
	at learnings.Practice_12.quitBrowser(Practice_12.java:40)
	at learnings.Practice_12.quitBrowser(Practice_12.java:40)
	at learnings.Practice_12.quitBrowser(Practice_12.java:40)
	at learnings.Practice_12.quitBrowser(Practice_12.java:40)
	at learnings.Practice_12.quitBrowser(Practice_12.java:40)
	at learnings.Practice_12.quitBrowser(Practice_12.java:40)
	at learnings.Practice_12.quitBrowser(Practice_12.java:40)
	at learnings.Practice_12.quitBrowser(Practice_12.java:40)
	at learnings.Practice_12.quitBrowser(Practice_12.java:40)
	at learnings.Practice_12.quitBrowser(Practice_12.java:40)
	at learnings.Practice_12.quitBrowser(Practice_12.java:40)
	at learnings.Practice_12.quitBrowser(Practice_12.java:40)
	at learnings.Practice_12.quitBrowser(Practice_12.java:40)
	at learnings.Practice_12.quitBrowser(Practice_12.java:40)
	at learnings.Practice_12.quitBrowser(Practice_12.java:40)
	at learnings.Practice_12.quitBrowser(Practice_12.java:40)
	at learnings.Practice_12.quitBrowser(Practice_12.java:40)
	at learnings.Practice_12.quitBrowser(Practice_12.java:40)
	at learnings.Practice_12.quitBrowser(Practice_12.java:40)
	at learnings.Practice_12.quitBrowser(Practice_12.java:40)
	at learnings.Practice_12.quitBrowser(Practice_12.java:40)
	at learnings.Practice_12.quitBrowser(Practice_12.java:40)
	at learnings.Practice_12.quitBrowser(Practice_12.java:40)
	at learnings.Practice_12.quitBrowser(Practice_12.java:40)
	at learnings.Practice_12.quitBrowser(Practice_12.java:40)
	at learnings.Practice_12.quitBrowser(Practice_12.java:40)
	at learnings.Practice_12.quitBrowser(Practice_12.java:40)
	at learnings.Practice_12.quitBrowser(Practice_12.java:40)
	at learnings.Practice_12.quitBrowser(Practice_12.java:40)
	at learnings.Practice_12.quitBrowser(Practice_12.java:40)
	at learnings.Practice_12.quitBrowser(Practice_12.java:40)
	at learnings.Practice_12.quitBrowser(Practice_12.java:40)
	at learnings.Practice_12.quitBrowser(Practice_12.java:40)
	at learnings.Practice_12.quitBrowser(Practice_12.java:40)
	at learnings.Practice_12.quitBrowser(Practice_12.java:40)
	at learnings.Practice_12.quitBrowser(Practice_12.java:40)
	at learnings.Practice_12.quitBrowser(Practice_12.java:40)
	at learnings.Practice_12.quitBrowser(Practice_12.java:40)
	at learnings.Practice_12.quitBrowser(Practice_12.java:40)
	at learnings.Practice_12.quitBrowser(Practice_12.java:40)
	at learnings.Practice_12.quitBrowser(Practice_12.java:40)
	at learnings.Practice_12.quitBrowser(Practice_12.java:40)
	at learnings.Practice_12.quitBrowser(Practice_12.java:40)
	at learnings.Practice_12.quitBrowser(Practice_12.java:40)
	at learnings.Practice_12.quitBrowser(Practice_12.java:40)
	at learnings.Practice_12.quitBrowser(Practice_12.java:40)
	at learnings.Practice_12.quitBrowser(Practice_12.java:40)
	at learnings.Practice_12.quitBrowser(Practice_12.java:40)
	at learnings.Practice_12.quitBrowser(Practice_12.java:40)
	at learnings.Practice_12.quitBrowser(Practice_12.java:40)
	at learnings.Practice_12.quitBrowser(Practice_12.java:40)
	at learnings.Practice_12.quitBrowser(Practice_12.java:40)
	at learnings.Practice_12.quitBrowser(Practice_12.java:40)
	at learnings.Practice_12.quitBrowser(Practice_12.java:40)
	at learnings.Practice_12.quitBrowser(Practice_12.java:40)
	at learnings.Practice_12.quitBrowser(Practice_12.java:40)
	at learnings.Practice_12.quitBrowser(Practice_12.java:40)
	at learnings.Practice_12.quitBrowser(Practice_12.java:40)
	at learnings.Practice_12.quitBrowser(Practice_12.java:40)
	at learnings.Practice_12.quitBrowser(Practice_12.java:40)
	at learnings.Practice_12.quitBrowser(Practice_12.java:40)
	at learnings.Practice_12.quitBrowser(Practice_12.java:40)
	at learnings.Practice_12.quitBrowser(Practice_12.java:40)
	at learnings.Practice_12.quitBrowser(Practice_12.java:40)
	at learnings.Practice_12.quitBrowser(Practice_12.java:40)
	at learnings.Practice_12.quitBrowser(Practice_12.java:40)
	at learnings.Practice_12.quitBrowser(Practice_12.java:40)
	at learnings.Practice_12.quitBrowser(Practice_12.java:40)
	at learnings.Practice_12.quitBrowser(Practice_12.java:40)
	at learnings.Practice_12.quitBrowser(Practice_12.java:40)
	at learnings.Practice_12.quitBrowser(Practice_12.java:40)
	at learnings.Practice_12.quitBrowser(Practice_12.java:40)
	at learnings.Practice_12.quitBrowser(Practice_12.java:40)
	at learnings.Practice_12.quitBrowser(Practice_12.java:40)
	at learnings.Practice_12.quitBrowser(Practice_12.java:40)
	at learnings.Practice_12.quitBrowser(Practice_12.java:40)
	at learnings.Practice_12.quitBrowser(Practice_12.java:40)
	at learnings.Practice_12.quitBrowser(Practice_12.java:40)
	at learnings.Practice_12.quitBrowser(Practice_12.java:40)
	at learnings.Practice_12.quitBrowser(Practice_12.java:40)
	at learnings.Practice_12.quitBrowser(Practice_12.java:40)
	at learnings.Practice_12.quitBrowser(Practice_12.java:40)
	at learnings.Practice_12.quitBrowser(Practice_12.java:40)
	at learnings.Practice_12.quitBrowser(Practice_12.java:40)
	at learnings.Practice_12.quitBrowser(Practice_12.java:40)
	at learnings.Practice_12.quitBrowser(Practice_12.java:40)
	at learnings.Practice_12.quitBrowser(Practice_12.java:40)
	at learnings.Practice_12.quitBrowser(Practice_12.java:40)
	at learnings.Practice_12.quitBrowser(Practice_12.java:40)
	at learnings.Practice_12.quitBrowser(Practice_12.java:40)
	at learnings.Practice_12.quitBrowser(Practice_12.java:40)
	at learnings.Practice_12.quitBrowser(Practice_12.java:40)
	at learnings.Practice_12.quitBrowser(Practice_12.java:40)
	at learnings.Practice_12.quitBrowser(Practice_12.java:40)
	at learnings.Practice_12.quitBrowser(Practice_12.java:40)
	at learnings.Practice_12.quitBrowser(Practice_12.java:40)
	at learnings.Practice_12.quitBrowser(Practice_12.java:40)
	at learnings.Practice_12.quitBrowser(Practice_12.java:40)
	at learnings.Practice_12.quitBrowser(Practice_12.java:40)
	at learnings.Practice_12.quitBrowser(Practice_12.java:40)
	at learnings.Practice_12.quitBrowser(Practice_12.java:40)
	at learnings.Practice_12.quitBrowser(Practice_12.java:40)
	at learnings.Practice_12.quitBrowser(Practice_12.java:40)
	at learnings.Practice_12.quitBrowser(Practice_12.java:40)
	at learnings.Practice_12.quitBrowser(Practice_12.java:40)
	at learnings.Practice_12.quitBrowser(Practice_12.java:40)
	at learnings.Practice_12.quitBrowser(Practice_12.java:40)
	at learnings.Practice_12.quitBrowser(Practice_12.java:40)
	at learnings.Practice_12.quitBrowser(Practice_12.java:40)
	at learnings.Practice_12.quitBrowser(Practice_12.java:40)
	at learnings.Practice_12.quitBrowser(Practice_12.java:40)
	at learnings.Practice_12.quitBrowser(Practice_12.java:40)
	at learnings.Practice_12.quitBrowser(Practice_12.java:40)
	at learnings.Practice_12.quitBrowser(Practice_12.java:40)
	at learnings.Practice_12.quitBrowser(Practice_12.java:40)
	at learnings.Practice_12.quitBrowser(Practice_12.java:40)
	at learnings.Practice_12.quitBrowser(Practice_12.java:40)
	at learnings.Practice_12.quitBrowser(Practice_12.java:40)
	at learnings.Practice_12.quitBrowser(Practice_12.java:40)
	at learnings.Practice_12.quitBrowser(Practice_12.java:40)
	at learnings.Practice_12.quitBrowser(Practice_12.java:40)
	at learnings.Practice_12.quitBrowser(Practice_12.java:40)
	at learnings.Practice_12.quitBrowser(Practice_12.java:40)
	at learnings.Practice_12.quitBrowser(Practice_12.java:40)
	at learnings.Practice_12.quitBrowser(Practice_12.java:40)
	at learnings.Practice_12.quitBrowser(Practice_12.java:40)
	at learnings.Practice_12.quitBrowser(Practice_12.java:40)
	at learnings.Practice_12.quitBrowser(Practice_12.java:40)
	at learnings.Practice_12.quitBrowser(Practice_12.java:40)
	at learnings.Practice_12.quitBrowser(Practice_12.java:40)
	at learnings.Practice_12.quitBrowser(Practice_12.java:40)
	at learnings.Practice_12.quitBrowser(Practice_12.java:40)
	at learnings.Practice_12.quitBrowser(Practice_12.java:40)
	at learnings.Practice_12.quitBrowser(Practice_12.java:40)
	at learnings.Practice_12.quitBrowser(Practice_12.java:40)
	at learnings.Practice_12.quitBrowser(Practice_12.java:40)
	at learnings.Practice_12.quitBrowser(Practice_12.java:40)
	at learnings.Practice_12.quitBrowser(Practice_12.java:40)
	at learnings.Practice_12.quitBrowser(Practice_12.java:40)
]]>
    </failure>
  </testcase> <!-- @AfterMethod quitBrowser -->
  <testcase name="createLead" time="0.002" classname="learnings.Practice_12">
    <skipped/>
  </testcase> <!-- createLead -->
</testsuite> <!-- Test -->
