<?xml version="1.0" encoding="UTF-8"?>
<!-- Generated by org.testng.reporters.JUnitXMLReporter -->
<testsuite hostname="D7129" name="Default test" tests="1" failures="0" timestamp="16 Feb 2017 06:59:51 GMT" time="0.074" errors="0">
  <testcase name="@BeforeMethod login" time="0.0" classname="learnings.Practice_12">
    <failure type="org.testng.TestNGException" message="
Parameter &amp;apos;browser&amp;apos; is required by @Configuration on method login but has not been marked @Optional or defined
in C:\Users\bavithra.d\AppData\Local\Temp\testng-eclipse--2144141838\testng-customsuite.xml">
      <![CDATA[org.testng.TestNGException: 
Parameter 'browser' is required by @Configuration on method login but has not been marked @Optional or defined
in C:\Users\bavithra.d\AppData\Local\Temp\testng-eclipse--2144141838\testng-customsuite.xml
	at org.testng.internal.Parameters.createParameters(Parameters.java:156)
	at org.testng.internal.Parameters.createParameters(Parameters.java:370)
	at org.testng.internal.Parameters.createConfigurationParameters(Parameters.java:86)
	at org.testng.internal.Invoker.invokeConfigurations(Invoker.java:202)
	at org.testng.internal.Invoker.invokeMethod(Invoker.java:590)
	at org.testng.internal.Invoker.invokeTestMethod(Invoker.java:811)
	at org.testng.internal.Invoker.invokeTestMethods(Invoker.java:1137)
	at org.testng.internal.TestMethodWorker.invokeTestMethods(TestMethodWorker.java:129)
	at org.testng.internal.TestMethodWorker.run(TestMethodWorker.java:112)
	at org.testng.TestRunner.privateRun(TestRunner.java:753)
	at org.testng.TestRunner.run(TestRunner.java:607)
	at org.testng.SuiteRunner.runTest(SuiteRunner.java:368)
	at org.testng.SuiteRunner.runSequentially(SuiteRunner.java:363)
	at org.testng.SuiteRunner.privateRun(SuiteRunner.java:321)
	at org.testng.SuiteRunner.run(SuiteRunner.java:270)
	at org.testng.SuiteRunnerWorker.runSuite(SuiteRunnerWorker.java:52)
	at org.testng.SuiteRunnerWorker.run(SuiteRunnerWorker.java:86)
	at org.testng.TestNG.runSuitesSequentially(TestNG.java:1284)
	at org.testng.TestNG.runSuitesLocally(TestNG.java:1209)
	at org.testng.TestNG.runSuites(TestNG.java:1124)
	at org.testng.TestNG.run(TestNG.java:1096)
	at org.testng.remote.AbstractRemoteTestNG.run(AbstractRemoteTestNG.java:132)
	at org.testng.remote.RemoteTestNG.initAndRun(RemoteTestNG.java:236)
	at org.testng.remote.RemoteTestNG.main(RemoteTestNG.java:81)
]]>
    </failure>
  </testcase> <!-- @BeforeMethod login -->
  <testcase name="@AfterMethod quitBrowser" time="0.0" classname="learnings.Practice_12">
    <failure type="java.lang.StackOverflowError">
      <![CDATA[java.lang.StackOverflowError
	at learnings.Practice_12.quitBrowser(Practice_12.java:35)
	at learnings.Practice_12.quitBrowser(Practice_12.java:35)
	at learnings.Practice_12.quitBrowser(Practice_12.java:35)
	at learnings.Practice_12.quitBrowser(Practice_12.java:35)
	at learnings.Practice_12.quitBrowser(Practice_12.java:35)
	at learnings.Practice_12.quitBrowser(Practice_12.java:35)
	at learnings.Practice_12.quitBrowser(Practice_12.java:35)
	at learnings.Practice_12.quitBrowser(Practice_12.java:35)
	at learnings.Practice_12.quitBrowser(Practice_12.java:35)
	at learnings.Practice_12.quitBrowser(Practice_12.java:35)
	at learnings.Practice_12.quitBrowser(Practice_12.java:35)
	at learnings.Practice_12.quitBrowser(Practice_12.java:35)
	at learnings.Practice_12.quitBrowser(Practice_12.java:35)
	at learnings.Practice_12.quitBrowser(Practice_12.java:35)
	at learnings.Practice_12.quitBrowser(Practice_12.java:35)
	at learnings.Practice_12.quitBrowser(Practice_12.java:35)
	at learnings.Practice_12.quitBrowser(Practice_12.java:35)
	at learnings.Practice_12.quitBrowser(Practice_12.java:35)
	at learnings.Practice_12.quitBrowser(Practice_12.java:35)
	at learnings.Practice_12.quitBrowser(Practice_12.java:35)
	at learnings.Practice_12.quitBrowser(Practice_12.java:35)
	at learnings.Practice_12.quitBrowser(Practice_12.java:35)
	at learnings.Practice_12.quitBrowser(Practice_12.java:35)
	at learnings.Practice_12.quitBrowser(Practice_12.java:35)
	at learnings.Practice_12.quitBrowser(Practice_12.java:35)
	at learnings.Practice_12.quitBrowser(Practice_12.java:35)
	at learnings.Practice_12.quitBrowser(Practice_12.java:35)
	at learnings.Practice_12.quitBrowser(Practice_12.java:35)
	at learnings.Practice_12.quitBrowser(Practice_12.java:35)
	at learnings.Practice_12.quitBrowser(Practice_12.java:35)
	at learnings.Practice_12.quitBrowser(Practice_12.java:35)
	at learnings.Practice_12.quitBrowser(Practice_12.java:35)
	at learnings.Practice_12.quitBrowser(Practice_12.java:35)
	at learnings.Practice_12.quitBrowser(Practice_12.java:35)
	at learnings.Practice_12.quitBrowser(Practice_12.java:35)
	at learnings.Practice_12.quitBrowser(Practice_12.java:35)
	at learnings.Practice_12.quitBrowser(Practice_12.java:35)
	at learnings.Practice_12.quitBrowser(Practice_12.java:35)
	at learnings.Practice_12.quitBrowser(Practice_12.java:35)
	at learnings.Practice_12.quitBrowser(Practice_12.java:35)
	at learnings.Practice_12.quitBrowser(Practice_12.java:35)
	at learnings.Practice_12.quitBrowser(Practice_12.java:35)
	at learnings.Practice_12.quitBrowser(Practice_12.java:35)
	at learnings.Practice_12.quitBrowser(Practice_12.java:35)
	at learnings.Practice_12.quitBrowser(Practice_12.java:35)
	at learnings.Practice_12.quitBrowser(Practice_12.java:35)
	at learnings.Practice_12.quitBrowser(Practice_12.java:35)
	at learnings.Practice_12.quitBrowser(Practice_12.java:35)
	at learnings.Practice_12.quitBrowser(Practice_12.java:35)
	at learnings.Practice_12.quitBrowser(Practice_12.java:35)
	at learnings.Practice_12.quitBrowser(Practice_12.java:35)
	at learnings.Practice_12.quitBrowser(Practice_12.java:35)
	at learnings.Practice_12.quitBrowser(Practice_12.java:35)
	at learnings.Practice_12.quitBrowser(Practice_12.java:35)
	at learnings.Practice_12.quitBrowser(Practice_12.java:35)
	at learnings.Practice_12.quitBrowser(Practice_12.java:35)
	at learnings.Practice_12.quitBrowser(Practice_12.java:35)
	at learnings.Practice_12.quitBrowser(Practice_12.java:35)
	at learnings.Practice_12.quitBrowser(Practice_12.java:35)
	at learnings.Practice_12.quitBrowser(Practice_12.java:35)
	at learnings.Practice_12.quitBrowser(Practice_12.java:35)
	at learnings.Practice_12.quitBrowser(Practice_12.java:35)
	at learnings.Practice_12.quitBrowser(Practice_12.java:35)
	at learnings.Practice_12.quitBrowser(Practice_12.java:35)
	at learnings.Practice_12.quitBrowser(Practice_12.java:35)
	at learnings.Practice_12.quitBrowser(Practice_12.java:35)
	at learnings.Practice_12.quitBrowser(Practice_12.java:35)
	at learnings.Practice_12.quitBrowser(Practice_12.java:35)
	at learnings.Practice_12.quitBrowser(Practice_12.java:35)
	at learnings.Practice_12.quitBrowser(Practice_12.java:35)
	at learnings.Practice_12.quitBrowser(Practice_12.java:35)
	at learnings.Practice_12.quitBrowser(Practice_12.java:35)
	at learnings.Practice_12.quitBrowser(Practice_12.java:35)
	at learnings.Practice_12.quitBrowser(Practice_12.java:35)
	at learnings.Practice_12.quitBrowser(Practice_12.java:35)
	at learnings.Practice_12.quitBrowser(Practice_12.java:35)
	at learnings.Practice_12.quitBrowser(Practice_12.java:35)
	at learnings.Practice_12.quitBrowser(Practice_12.java:35)
	at learnings.Practice_12.quitBrowser(Practice_12.java:35)
	at learnings.Practice_12.quitBrowser(Practice_12.java:35)
	at learnings.Practice_12.quitBrowser(Practice_12.java:35)
	at learnings.Practice_12.quitBrowser(Practice_12.java:35)
	at learnings.Practice_12.quitBrowser(Practice_12.java:35)
	at learnings.Practice_12.quitBrowser(Practice_12.java:35)
	at learnings.Practice_12.quitBrowser(Practice_12.java:35)
	at learnings.Practice_12.quitBrowser(Practice_12.java:35)
	at learnings.Practice_12.quitBrowser(Practice_12.java:35)
	at learnings.Practice_12.quitBrowser(Practice_12.java:35)
	at learnings.Practice_12.quitBrowser(Practice_12.java:35)
	at learnings.Practice_12.quitBrowser(Practice_12.java:35)
	at learnings.Practice_12.quitBrowser(Practice_12.java:35)
	at learnings.Practice_12.quitBrowser(Practice_12.java:35)
	at learnings.Practice_12.quitBrowser(Practice_12.java:35)
	at learnings.Practice_12.quitBrowser(Practice_12.java:35)
	at learnings.Practice_12.quitBrowser(Practice_12.java:35)
	at learnings.Practice_12.quitBrowser(Practice_12.java:35)
	at learnings.Practice_12.quitBrowser(Practice_12.java:35)
	at learnings.Practice_12.quitBrowser(Practice_12.java:35)
	at learnings.Practice_12.quitBrowser(Practice_12.java:35)
	at learnings.Practice_12.quitBrowser(Practice_12.java:35)
	at learnings.Practice_12.quitBrowser(Practice_12.java:35)
	at learnings.Practice_12.quitBrowser(Practice_12.java:35)
	at learnings.Practice_12.quitBrowser(Practice_12.java:35)
	at learnings.Practice_12.quitBrowser(Practice_12.java:35)
	at learnings.Practice_12.quitBrowser(Practice_12.java:35)
	at learnings.Practice_12.quitBrowser(Practice_12.java:35)
	at learnings.Practice_12.quitBrowser(Practice_12.java:35)
	at learnings.Practice_12.quitBrowser(Practice_12.java:35)
	at learnings.Practice_12.quitBrowser(Practice_12.java:35)
	at learnings.Practice_12.quitBrowser(Practice_12.java:35)
	at learnings.Practice_12.quitBrowser(Practice_12.java:35)
	at learnings.Practice_12.quitBrowser(Practice_12.java:35)
	at learnings.Practice_12.quitBrowser(Practice_12.java:35)
	at learnings.Practice_12.quitBrowser(Practice_12.java:35)
	at learnings.Practice_12.quitBrowser(Practice_12.java:35)
	at learnings.Practice_12.quitBrowser(Practice_12.java:35)
	at learnings.Practice_12.quitBrowser(Practice_12.java:35)
	at learnings.Practice_12.quitBrowser(Practice_12.java:35)
	at learnings.Practice_12.quitBrowser(Practice_12.java:35)
	at learnings.Practice_12.quitBrowser(Practice_12.java:35)
	at learnings.Practice_12.quitBrowser(Practice_12.java:35)
	at learnings.Practice_12.quitBrowser(Practice_12.java:35)
	at learnings.Practice_12.quitBrowser(Practice_12.java:35)
	at learnings.Practice_12.quitBrowser(Practice_12.java:35)
	at learnings.Practice_12.quitBrowser(Practice_12.java:35)
	at learnings.Practice_12.quitBrowser(Practice_12.java:35)
	at learnings.Practice_12.quitBrowser(Practice_12.java:35)
	at learnings.Practice_12.quitBrowser(Practice_12.java:35)
	at learnings.Practice_12.quitBrowser(Practice_12.java:35)
	at learnings.Practice_12.quitBrowser(Practice_12.java:35)
	at learnings.Practice_12.quitBrowser(Practice_12.java:35)
	at learnings.Practice_12.quitBrowser(Practice_12.java:35)
	at learnings.Practice_12.quitBrowser(Practice_12.java:35)
	at learnings.Practice_12.quitBrowser(Practice_12.java:35)
	at learnings.Practice_12.quitBrowser(Practice_12.java:35)
	at learnings.Practice_12.quitBrowser(Practice_12.java:35)
	at learnings.Practice_12.quitBrowser(Practice_12.java:35)
	at learnings.Practice_12.quitBrowser(Practice_12.java:35)
	at learnings.Practice_12.quitBrowser(Practice_12.java:35)
	at learnings.Practice_12.quitBrowser(Practice_12.java:35)
	at learnings.Practice_12.quitBrowser(Practice_12.java:35)
	at learnings.Practice_12.quitBrowser(Practice_12.java:35)
	at learnings.Practice_12.quitBrowser(Practice_12.java:35)
	at learnings.Practice_12.quitBrowser(Practice_12.java:35)
	at learnings.Practice_12.quitBrowser(Practice_12.java:35)
	at learnings.Practice_12.quitBrowser(Practice_12.java:35)
	at learnings.Practice_12.quitBrowser(Practice_12.java:35)
	at learnings.Practice_12.quitBrowser(Practice_12.java:35)
	at learnings.Practice_12.quitBrowser(Practice_12.java:35)
	at learnings.Practice_12.quitBrowser(Practice_12.java:35)
	at learnings.Practice_12.quitBrowser(Practice_12.java:35)
	at learnings.Practice_12.quitBrowser(Practice_12.java:35)
	at learnings.Practice_12.quitBrowser(Practice_12.java:35)
	at learnings.Practice_12.quitBrowser(Practice_12.java:35)
	at learnings.Practice_12.quitBrowser(Practice_12.java:35)
	at learnings.Practice_12.quitBrowser(Practice_12.java:35)
	at learnings.Practice_12.quitBrowser(Practice_12.java:35)
	at learnings.Practice_12.quitBrowser(Practice_12.java:35)
	at learnings.Practice_12.quitBrowser(Practice_12.java:35)
	at learnings.Practice_12.quitBrowser(Practice_12.java:35)
	at learnings.Practice_12.quitBrowser(Practice_12.java:35)
	at learnings.Practice_12.quitBrowser(Practice_12.java:35)
	at learnings.Practice_12.quitBrowser(Practice_12.java:35)
	at learnings.Practice_12.quitBrowser(Practice_12.java:35)
	at learnings.Practice_12.quitBrowser(Practice_12.java:35)
	at learnings.Practice_12.quitBrowser(Practice_12.java:35)
	at learnings.Practice_12.quitBrowser(Practice_12.java:35)
	at learnings.Practice_12.quitBrowser(Practice_12.java:35)
	at learnings.Practice_12.quitBrowser(Practice_12.java:35)
	at learnings.Practice_12.quitBrowser(Practice_12.java:35)
	at learnings.Practice_12.quitBrowser(Practice_12.java:35)
	at learnings.Practice_12.quitBrowser(Practice_12.java:35)
	at learnings.Practice_12.quitBrowser(Practice_12.java:35)
	at learnings.Practice_12.quitBrowser(Practice_12.java:35)
	at learnings.Practice_12.quitBrowser(Practice_12.java:35)
	at learnings.Practice_12.quitBrowser(Practice_12.java:35)
	at learnings.Practice_12.quitBrowser(Practice_12.java:35)
	at learnings.Practice_12.quitBrowser(Practice_12.java:35)
	at learnings.Practice_12.quitBrowser(Practice_12.java:35)
	at learnings.Practice_12.quitBrowser(Practice_12.java:35)
	at learnings.Practice_12.quitBrowser(Practice_12.java:35)
	at learnings.Practice_12.quitBrowser(Practice_12.java:35)
	at learnings.Practice_12.quitBrowser(Practice_12.java:35)
	at learnings.Practice_12.quitBrowser(Practice_12.java:35)
	at learnings.Practice_12.quitBrowser(Practice_12.java:35)
	at learnings.Practice_12.quitBrowser(Practice_12.java:35)
	at learnings.Practice_12.quitBrowser(Practice_12.java:35)
	at learnings.Practice_12.quitBrowser(Practice_12.java:35)
	at learnings.Practice_12.quitBrowser(Practice_12.java:35)
	at learnings.Practice_12.quitBrowser(Practice_12.java:35)
	at learnings.Practice_12.quitBrowser(Practice_12.java:35)
	at learnings.Practice_12.quitBrowser(Practice_12.java:35)
	at learnings.Practice_12.quitBrowser(Practice_12.java:35)
	at learnings.Practice_12.quitBrowser(Practice_12.java:35)
	at learnings.Practice_12.quitBrowser(Practice_12.java:35)
	at learnings.Practice_12.quitBrowser(Practice_12.java:35)
	at learnings.Practice_12.quitBrowser(Practice_12.java:35)
	at learnings.Practice_12.quitBrowser(Practice_12.java:35)
	at learnings.Practice_12.quitBrowser(Practice_12.java:35)
	at learnings.Practice_12.quitBrowser(Practice_12.java:35)
	at learnings.Practice_12.quitBrowser(Practice_12.java:35)
	at learnings.Practice_12.quitBrowser(Practice_12.java:35)
	at learnings.Practice_12.quitBrowser(Practice_12.java:35)
	at learnings.Practice_12.quitBrowser(Practice_12.java:35)
	at learnings.Practice_12.quitBrowser(Practice_12.java:35)
	at learnings.Practice_12.quitBrowser(Practice_12.java:35)
	at learnings.Practice_12.quitBrowser(Practice_12.java:35)
	at learnings.Practice_12.quitBrowser(Practice_12.java:35)
	at learnings.Practice_12.quitBrowser(Practice_12.java:35)
	at learnings.Practice_12.quitBrowser(Practice_12.java:35)
	at learnings.Practice_12.quitBrowser(Practice_12.java:35)
	at learnings.Practice_12.quitBrowser(Practice_12.java:35)
	at learnings.Practice_12.quitBrowser(Practice_12.java:35)
	at learnings.Practice_12.quitBrowser(Practice_12.java:35)
	at learnings.Practice_12.quitBrowser(Practice_12.java:35)
	at learnings.Practice_12.quitBrowser(Practice_12.java:35)
	at learnings.Practice_12.quitBrowser(Practice_12.java:35)
	at learnings.Practice_12.quitBrowser(Practice_12.java:35)
	at learnings.Practice_12.quitBrowser(Practice_12.java:35)
	at learnings.Practice_12.quitBrowser(Practice_12.java:35)
	at learnings.Practice_12.quitBrowser(Practice_12.java:35)
	at learnings.Practice_12.quitBrowser(Practice_12.java:35)
	at learnings.Practice_12.quitBrowser(Practice_12.java:35)
	at learnings.Practice_12.quitBrowser(Practice_12.java:35)
	at learnings.Practice_12.quitBrowser(Practice_12.java:35)
	at learnings.Practice_12.quitBrowser(Practice_12.java:35)
	at learnings.Practice_12.quitBrowser(Practice_12.java:35)
	at learnings.Practice_12.quitBrowser(Practice_12.java:35)
	at learnings.Practice_12.quitBrowser(Practice_12.java:35)
	at learnings.Practice_12.quitBrowser(Practice_12.java:35)
	at learnings.Practice_12.quitBrowser(Practice_12.java:35)
	at learnings.Practice_12.quitBrowser(Practice_12.java:35)
	at learnings.Practice_12.quitBrowser(Practice_12.java:35)
	at learnings.Practice_12.quitBrowser(Practice_12.java:35)
	at learnings.Practice_12.quitBrowser(Practice_12.java:35)
	at learnings.Practice_12.quitBrowser(Practice_12.java:35)
	at learnings.Practice_12.quitBrowser(Practice_12.java:35)
	at learnings.Practice_12.quitBrowser(Practice_12.java:35)
	at learnings.Practice_12.quitBrowser(Practice_12.java:35)
	at learnings.Practice_12.quitBrowser(Practice_12.java:35)
	at learnings.Practice_12.quitBrowser(Practice_12.java:35)
	at learnings.Practice_12.quitBrowser(Practice_12.java:35)
	at learnings.Practice_12.quitBrowser(Practice_12.java:35)
	at learnings.Practice_12.quitBrowser(Practice_12.java:35)
	at learnings.Practice_12.quitBrowser(Practice_12.java:35)
	at learnings.Practice_12.quitBrowser(Practice_12.java:35)
	at learnings.Practice_12.quitBrowser(Practice_12.java:35)
	at learnings.Practice_12.quitBrowser(Practice_12.java:35)
	at learnings.Practice_12.quitBrowser(Practice_12.java:35)
	at learnings.Practice_12.quitBrowser(Practice_12.java:35)
	at learnings.Practice_12.quitBrowser(Practice_12.java:35)
	at learnings.Practice_12.quitBrowser(Practice_12.java:35)
	at learnings.Practice_12.quitBrowser(Practice_12.java:35)
	at learnings.Practice_12.quitBrowser(Practice_12.java:35)
	at learnings.Practice_12.quitBrowser(Practice_12.java:35)
	at learnings.Practice_12.quitBrowser(Practice_12.java:35)
	at learnings.Practice_12.quitBrowser(Practice_12.java:35)
	at learnings.Practice_12.quitBrowser(Practice_12.java:35)
	at learnings.Practice_12.quitBrowser(Practice_12.java:35)
	at learnings.Practice_12.quitBrowser(Practice_12.java:35)
	at learnings.Practice_12.quitBrowser(Practice_12.java:35)
	at learnings.Practice_12.quitBrowser(Practice_12.java:35)
	at learnings.Practice_12.quitBrowser(Practice_12.java:35)
	at learnings.Practice_12.quitBrowser(Practice_12.java:35)
	at learnings.Practice_12.quitBrowser(Practice_12.java:35)
	at learnings.Practice_12.quitBrowser(Practice_12.java:35)
	at learnings.Practice_12.quitBrowser(Practice_12.java:35)
	at learnings.Practice_12.quitBrowser(Practice_12.java:35)
	at learnings.Practice_12.quitBrowser(Practice_12.java:35)
	at learnings.Practice_12.quitBrowser(Practice_12.java:35)
	at learnings.Practice_12.quitBrowser(Practice_12.java:35)
	at learnings.Practice_12.quitBrowser(Practice_12.java:35)
	at learnings.Practice_12.quitBrowser(Practice_12.java:35)
	at learnings.Practice_12.quitBrowser(Practice_12.java:35)
	at learnings.Practice_12.quitBrowser(Practice_12.java:35)
	at learnings.Practice_12.quitBrowser(Practice_12.java:35)
	at learnings.Practice_12.quitBrowser(Practice_12.java:35)
	at learnings.Practice_12.quitBrowser(Practice_12.java:35)
	at learnings.Practice_12.quitBrowser(Practice_12.java:35)
	at learnings.Practice_12.quitBrowser(Practice_12.java:35)
	at learnings.Practice_12.quitBrowser(Practice_12.java:35)
	at learnings.Practice_12.quitBrowser(Practice_12.java:35)
	at learnings.Practice_12.quitBrowser(Practice_12.java:35)
	at learnings.Practice_12.quitBrowser(Practice_12.java:35)
	at learnings.Practice_12.quitBrowser(Practice_12.java:35)
	at learnings.Practice_12.quitBrowser(Practice_12.java:35)
	at learnings.Practice_12.quitBrowser(Practice_12.java:35)
	at learnings.Practice_12.quitBrowser(Practice_12.java:35)
	at learnings.Practice_12.quitBrowser(Practice_12.java:35)
	at learnings.Practice_12.quitBrowser(Practice_12.java:35)
	at learnings.Practice_12.quitBrowser(Practice_12.java:35)
	at learnings.Practice_12.quitBrowser(Practice_12.java:35)
	at learnings.Practice_12.quitBrowser(Practice_12.java:35)
	at learnings.Practice_12.quitBrowser(Practice_12.java:35)
	at learnings.Practice_12.quitBrowser(Practice_12.java:35)
	at learnings.Practice_12.quitBrowser(Practice_12.java:35)
	at learnings.Practice_12.quitBrowser(Practice_12.java:35)
	at learnings.Practice_12.quitBrowser(Practice_12.java:35)
	at learnings.Practice_12.quitBrowser(Practice_12.java:35)
	at learnings.Practice_12.quitBrowser(Practice_12.java:35)
	at learnings.Practice_12.quitBrowser(Practice_12.java:35)
	at learnings.Practice_12.quitBrowser(Practice_12.java:35)
	at learnings.Practice_12.quitBrowser(Practice_12.java:35)
	at learnings.Practice_12.quitBrowser(Practice_12.java:35)
	at learnings.Practice_12.quitBrowser(Practice_12.java:35)
	at learnings.Practice_12.quitBrowser(Practice_12.java:35)
	at learnings.Practice_12.quitBrowser(Practice_12.java:35)
	at learnings.Practice_12.quitBrowser(Practice_12.java:35)
	at learnings.Practice_12.quitBrowser(Practice_12.java:35)
	at learnings.Practice_12.quitBrowser(Practice_12.java:35)
	at learnings.Practice_12.quitBrowser(Practice_12.java:35)
	at learnings.Practice_12.quitBrowser(Practice_12.java:35)
	at learnings.Practice_12.quitBrowser(Practice_12.java:35)
	at learnings.Practice_12.quitBrowser(Practice_12.java:35)
	at learnings.Practice_12.quitBrowser(Practice_12.java:35)
	at learnings.Practice_12.quitBrowser(Practice_12.java:35)
	at learnings.Practice_12.quitBrowser(Practice_12.java:35)
	at learnings.Practice_12.quitBrowser(Practice_12.java:35)
	at learnings.Practice_12.quitBrowser(Practice_12.java:35)
	at learnings.Practice_12.quitBrowser(Practice_12.java:35)
	at learnings.Practice_12.quitBrowser(Practice_12.java:35)
	at learnings.Practice_12.quitBrowser(Practice_12.java:35)
	at learnings.Practice_12.quitBrowser(Practice_12.java:35)
	at learnings.Practice_12.quitBrowser(Practice_12.java:35)
	at learnings.Practice_12.quitBrowser(Practice_12.java:35)
	at learnings.Practice_12.quitBrowser(Practice_12.java:35)
	at learnings.Practice_12.quitBrowser(Practice_12.java:35)
	at learnings.Practice_12.quitBrowser(Practice_12.java:35)
	at learnings.Practice_12.quitBrowser(Practice_12.java:35)
	at learnings.Practice_12.quitBrowser(Practice_12.java:35)
	at learnings.Practice_12.quitBrowser(Practice_12.java:35)
	at learnings.Practice_12.quitBrowser(Practice_12.java:35)
	at learnings.Practice_12.quitBrowser(Practice_12.java:35)
	at learnings.Practice_12.quitBrowser(Practice_12.java:35)
	at learnings.Practice_12.quitBrowser(Practice_12.java:35)
	at learnings.Practice_12.quitBrowser(Practice_12.java:35)
	at learnings.Practice_12.quitBrowser(Practice_12.java:35)
	at learnings.Practice_12.quitBrowser(Practice_12.java:35)
	at learnings.Practice_12.quitBrowser(Practice_12.java:35)
	at learnings.Practice_12.quitBrowser(Practice_12.java:35)
	at learnings.Practice_12.quitBrowser(Practice_12.java:35)
	at learnings.Practice_12.quitBrowser(Practice_12.java:35)
	at learnings.Practice_12.quitBrowser(Practice_12.java:35)
	at learnings.Practice_12.quitBrowser(Practice_12.java:35)
	at learnings.Practice_12.quitBrowser(Practice_12.java:35)
	at learnings.Practice_12.quitBrowser(Practice_12.java:35)
	at learnings.Practice_12.quitBrowser(Practice_12.java:35)
	at learnings.Practice_12.quitBrowser(Practice_12.java:35)
	at learnings.Practice_12.quitBrowser(Practice_12.java:35)
	at learnings.Practice_12.quitBrowser(Practice_12.java:35)
	at learnings.Practice_12.quitBrowser(Practice_12.java:35)
	at learnings.Practice_12.quitBrowser(Practice_12.java:35)
	at learnings.Practice_12.quitBrowser(Practice_12.java:35)
	at learnings.Practice_12.quitBrowser(Practice_12.java:35)
	at learnings.Practice_12.quitBrowser(Practice_12.java:35)
	at learnings.Practice_12.quitBrowser(Practice_12.java:35)
	at learnings.Practice_12.quitBrowser(Practice_12.java:35)
	at learnings.Practice_12.quitBrowser(Practice_12.java:35)
	at learnings.Practice_12.quitBrowser(Practice_12.java:35)
	at learnings.Practice_12.quitBrowser(Practice_12.java:35)
	at learnings.Practice_12.quitBrowser(Practice_12.java:35)
	at learnings.Practice_12.quitBrowser(Practice_12.java:35)
	at learnings.Practice_12.quitBrowser(Practice_12.java:35)
	at learnings.Practice_12.quitBrowser(Practice_12.java:35)
	at learnings.Practice_12.quitBrowser(Practice_12.java:35)
	at learnings.Practice_12.quitBrowser(Practice_12.java:35)
	at learnings.Practice_12.quitBrowser(Practice_12.java:35)
	at learnings.Practice_12.quitBrowser(Practice_12.java:35)
	at learnings.Practice_12.quitBrowser(Practice_12.java:35)
	at learnings.Practice_12.quitBrowser(Practice_12.java:35)
	at learnings.Practice_12.quitBrowser(Practice_12.java:35)
	at learnings.Practice_12.quitBrowser(Practice_12.java:35)
	at learnings.Practice_12.quitBrowser(Practice_12.java:35)
	at learnings.Practice_12.quitBrowser(Practice_12.java:35)
	at learnings.Practice_12.quitBrowser(Practice_12.java:35)
	at learnings.Practice_12.quitBrowser(Practice_12.java:35)
	at learnings.Practice_12.quitBrowser(Practice_12.java:35)
	at learnings.Practice_12.quitBrowser(Practice_12.java:35)
	at learnings.Practice_12.quitBrowser(Practice_12.java:35)
	at learnings.Practice_12.quitBrowser(Practice_12.java:35)
	at learnings.Practice_12.quitBrowser(Practice_12.java:35)
	at learnings.Practice_12.quitBrowser(Practice_12.java:35)
	at learnings.Practice_12.quitBrowser(Practice_12.java:35)
	at learnings.Practice_12.quitBrowser(Practice_12.java:35)
	at learnings.Practice_12.quitBrowser(Practice_12.java:35)
	at learnings.Practice_12.quitBrowser(Practice_12.java:35)
	at learnings.Practice_12.quitBrowser(Practice_12.java:35)
	at learnings.Practice_12.quitBrowser(Practice_12.java:35)
	at learnings.Practice_12.quitBrowser(Practice_12.java:35)
	at learnings.Practice_12.quitBrowser(Practice_12.java:35)
	at learnings.Practice_12.quitBrowser(Practice_12.java:35)
	at learnings.Practice_12.quitBrowser(Practice_12.java:35)
	at learnings.Practice_12.quitBrowser(Practice_12.java:35)
	at learnings.Practice_12.quitBrowser(Practice_12.java:35)
	at learnings.Practice_12.quitBrowser(Practice_12.java:35)
	at learnings.Practice_12.quitBrowser(Practice_12.java:35)
	at learnings.Practice_12.quitBrowser(Practice_12.java:35)
	at learnings.Practice_12.quitBrowser(Practice_12.java:35)
	at learnings.Practice_12.quitBrowser(Practice_12.java:35)
	at learnings.Practice_12.quitBrowser(Practice_12.java:35)
	at learnings.Practice_12.quitBrowser(Practice_12.java:35)
	at learnings.Practice_12.quitBrowser(Practice_12.java:35)
	at learnings.Practice_12.quitBrowser(Practice_12.java:35)
	at learnings.Practice_12.quitBrowser(Practice_12.java:35)
	at learnings.Practice_12.quitBrowser(Practice_12.java:35)
	at learnings.Practice_12.quitBrowser(Practice_12.java:35)
	at learnings.Practice_12.quitBrowser(Practice_12.java:35)
	at learnings.Practice_12.quitBrowser(Practice_12.java:35)
	at learnings.Practice_12.quitBrowser(Practice_12.java:35)
	at learnings.Practice_12.quitBrowser(Practice_12.java:35)
	at learnings.Practice_12.quitBrowser(Practice_12.java:35)
	at learnings.Practice_12.quitBrowser(Practice_12.java:35)
	at learnings.Practice_12.quitBrowser(Practice_12.java:35)
	at learnings.Practice_12.quitBrowser(Practice_12.java:35)
	at learnings.Practice_12.quitBrowser(Practice_12.java:35)
	at learnings.Practice_12.quitBrowser(Practice_12.java:35)
	at learnings.Practice_12.quitBrowser(Practice_12.java:35)
	at learnings.Practice_12.quitBrowser(Practice_12.java:35)
	at learnings.Practice_12.quitBrowser(Practice_12.java:35)
	at learnings.Practice_12.quitBrowser(Practice_12.java:35)
	at learnings.Practice_12.quitBrowser(Practice_12.java:35)
	at learnings.Practice_12.quitBrowser(Practice_12.java:35)
	at learnings.Practice_12.quitBrowser(Practice_12.java:35)
	at learnings.Practice_12.quitBrowser(Practice_12.java:35)
	at learnings.Practice_12.quitBrowser(Practice_12.java:35)
	at learnings.Practice_12.quitBrowser(Practice_12.java:35)
	at learnings.Practice_12.quitBrowser(Practice_12.java:35)
	at learnings.Practice_12.quitBrowser(Practice_12.java:35)
	at learnings.Practice_12.quitBrowser(Practice_12.java:35)
	at learnings.Practice_12.quitBrowser(Practice_12.java:35)
	at learnings.Practice_12.quitBrowser(Practice_12.java:35)
	at learnings.Practice_12.quitBrowser(Practice_12.java:35)
	at learnings.Practice_12.quitBrowser(Practice_12.java:35)
	at learnings.Practice_12.quitBrowser(Practice_12.java:35)
	at learnings.Practice_12.quitBrowser(Practice_12.java:35)
	at learnings.Practice_12.quitBrowser(Practice_12.java:35)
	at learnings.Practice_12.quitBrowser(Practice_12.java:35)
	at learnings.Practice_12.quitBrowser(Practice_12.java:35)
	at learnings.Practice_12.quitBrowser(Practice_12.java:35)
	at learnings.Practice_12.quitBrowser(Practice_12.java:35)
	at learnings.Practice_12.quitBrowser(Practice_12.java:35)
	at learnings.Practice_12.quitBrowser(Practice_12.java:35)
	at learnings.Practice_12.quitBrowser(Practice_12.java:35)
	at learnings.Practice_12.quitBrowser(Practice_12.java:35)
	at learnings.Practice_12.quitBrowser(Practice_12.java:35)
	at learnings.Practice_12.quitBrowser(Practice_12.java:35)
	at learnings.Practice_12.quitBrowser(Practice_12.java:35)
	at learnings.Practice_12.quitBrowser(Practice_12.java:35)
	at learnings.Practice_12.quitBrowser(Practice_12.java:35)
	at learnings.Practice_12.quitBrowser(Practice_12.java:35)
	at learnings.Practice_12.quitBrowser(Practice_12.java:35)
	at learnings.Practice_12.quitBrowser(Practice_12.java:35)
	at learnings.Practice_12.quitBrowser(Practice_12.java:35)
	at learnings.Practice_12.quitBrowser(Practice_12.java:35)
	at learnings.Practice_12.quitBrowser(Practice_12.java:35)
	at learnings.Practice_12.quitBrowser(Practice_12.java:35)
	at learnings.Practice_12.quitBrowser(Practice_12.java:35)
	at learnings.Practice_12.quitBrowser(Practice_12.java:35)
	at learnings.Practice_12.quitBrowser(Practice_12.java:35)
	at learnings.Practice_12.quitBrowser(Practice_12.java:35)
	at learnings.Practice_12.quitBrowser(Practice_12.java:35)
	at learnings.Practice_12.quitBrowser(Practice_12.java:35)
	at learnings.Practice_12.quitBrowser(Practice_12.java:35)
	at learnings.Practice_12.quitBrowser(Practice_12.java:35)
	at learnings.Practice_12.quitBrowser(Practice_12.java:35)
	at learnings.Practice_12.quitBrowser(Practice_12.java:35)
	at learnings.Practice_12.quitBrowser(Practice_12.java:35)
	at learnings.Practice_12.quitBrowser(Practice_12.java:35)
	at learnings.Practice_12.quitBrowser(Practice_12.java:35)
	at learnings.Practice_12.quitBrowser(Practice_12.java:35)
	at learnings.Practice_12.quitBrowser(Practice_12.java:35)
	at learnings.Practice_12.quitBrowser(Practice_12.java:35)
	at learnings.Practice_12.quitBrowser(Practice_12.java:35)
	at learnings.Practice_12.quitBrowser(Practice_12.java:35)
	at learnings.Practice_12.quitBrowser(Practice_12.java:35)
	at learnings.Practice_12.quitBrowser(Practice_12.java:35)
	at learnings.Practice_12.quitBrowser(Practice_12.java:35)
	at learnings.Practice_12.quitBrowser(Practice_12.java:35)
	at learnings.Practice_12.quitBrowser(Practice_12.java:35)
	at learnings.Practice_12.quitBrowser(Practice_12.java:35)
	at learnings.Practice_12.quitBrowser(Practice_12.java:35)
	at learnings.Practice_12.quitBrowser(Practice_12.java:35)
	at learnings.Practice_12.quitBrowser(Practice_12.java:35)
	at learnings.Practice_12.quitBrowser(Practice_12.java:35)
	at learnings.Practice_12.quitBrowser(Practice_12.java:35)
	at learnings.Practice_12.quitBrowser(Practice_12.java:35)
	at learnings.Practice_12.quitBrowser(Practice_12.java:35)
	at learnings.Practice_12.quitBrowser(Practice_12.java:35)
	at learnings.Practice_12.quitBrowser(Practice_12.java:35)
	at learnings.Practice_12.quitBrowser(Practice_12.java:35)
	at learnings.Practice_12.quitBrowser(Practice_12.java:35)
	at learnings.Practice_12.quitBrowser(Practice_12.java:35)
	at learnings.Practice_12.quitBrowser(Practice_12.java:35)
	at learnings.Practice_12.quitBrowser(Practice_12.java:35)
	at learnings.Practice_12.quitBrowser(Practice_12.java:35)
	at learnings.Practice_12.quitBrowser(Practice_12.java:35)
	at learnings.Practice_12.quitBrowser(Practice_12.java:35)
	at learnings.Practice_12.quitBrowser(Practice_12.java:35)
	at learnings.Practice_12.quitBrowser(Practice_12.java:35)
	at learnings.Practice_12.quitBrowser(Practice_12.java:35)
	at learnings.Practice_12.quitBrowser(Practice_12.java:35)
	at learnings.Practice_12.quitBrowser(Practice_12.java:35)
	at learnings.Practice_12.quitBrowser(Practice_12.java:35)
	at learnings.Practice_12.quitBrowser(Practice_12.java:35)
	at learnings.Practice_12.quitBrowser(Practice_12.java:35)
	at learnings.Practice_12.quitBrowser(Practice_12.java:35)
	at learnings.Practice_12.quitBrowser(Practice_12.java:35)
	at learnings.Practice_12.quitBrowser(Practice_12.java:35)
	at learnings.Practice_12.quitBrowser(Practice_12.java:35)
	at learnings.Practice_12.quitBrowser(Practice_12.java:35)
	at learnings.Practice_12.quitBrowser(Practice_12.java:35)
	at learnings.Practice_12.quitBrowser(Practice_12.java:35)
	at learnings.Practice_12.quitBrowser(Practice_12.java:35)
	at learnings.Practice_12.quitBrowser(Practice_12.java:35)
	at learnings.Practice_12.quitBrowser(Practice_12.java:35)
	at learnings.Practice_12.quitBrowser(Practice_12.java:35)
	at learnings.Practice_12.quitBrowser(Practice_12.java:35)
	at learnings.Practice_12.quitBrowser(Practice_12.java:35)
	at learnings.Practice_12.quitBrowser(Practice_12.java:35)
	at learnings.Practice_12.quitBrowser(Practice_12.java:35)
	at learnings.Practice_12.quitBrowser(Practice_12.java:35)
	at learnings.Practice_12.quitBrowser(Practice_12.java:35)
	at learnings.Practice_12.quitBrowser(Practice_12.java:35)
	at learnings.Practice_12.quitBrowser(Practice_12.java:35)
	at learnings.Practice_12.quitBrowser(Practice_12.java:35)
	at learnings.Practice_12.quitBrowser(Practice_12.java:35)
	at learnings.Practice_12.quitBrowser(Practice_12.java:35)
	at learnings.Practice_12.quitBrowser(Practice_12.java:35)
	at learnings.Practice_12.quitBrowser(Practice_12.java:35)
	at learnings.Practice_12.quitBrowser(Practice_12.java:35)
	at learnings.Practice_12.quitBrowser(Practice_12.java:35)
	at learnings.Practice_12.quitBrowser(Practice_12.java:35)
	at learnings.Practice_12.quitBrowser(Practice_12.java:35)
	at learnings.Practice_12.quitBrowser(Practice_12.java:35)
	at learnings.Practice_12.quitBrowser(Practice_12.java:35)
	at learnings.Practice_12.quitBrowser(Practice_12.java:35)
	at learnings.Practice_12.quitBrowser(Practice_12.java:35)
	at learnings.Practice_12.quitBrowser(Practice_12.java:35)
	at learnings.Practice_12.quitBrowser(Practice_12.java:35)
	at learnings.Practice_12.quitBrowser(Practice_12.java:35)
	at learnings.Practice_12.quitBrowser(Practice_12.java:35)
	at learnings.Practice_12.quitBrowser(Practice_12.java:35)
	at learnings.Practice_12.quitBrowser(Practice_12.java:35)
	at learnings.Practice_12.quitBrowser(Practice_12.java:35)
	at learnings.Practice_12.quitBrowser(Practice_12.java:35)
	at learnings.Practice_12.quitBrowser(Practice_12.java:35)
	at learnings.Practice_12.quitBrowser(Practice_12.java:35)
	at learnings.Practice_12.quitBrowser(Practice_12.java:35)
	at learnings.Practice_12.quitBrowser(Practice_12.java:35)
	at learnings.Practice_12.quitBrowser(Practice_12.java:35)
	at learnings.Practice_12.quitBrowser(Practice_12.java:35)
	at learnings.Practice_12.quitBrowser(Practice_12.java:35)
	at learnings.Practice_12.quitBrowser(Practice_12.java:35)
	at learnings.Practice_12.quitBrowser(Practice_12.java:35)
	at learnings.Practice_12.quitBrowser(Practice_12.java:35)
	at learnings.Practice_12.quitBrowser(Practice_12.java:35)
	at learnings.Practice_12.quitBrowser(Practice_12.java:35)
	at learnings.Practice_12.quitBrowser(Practice_12.java:35)
	at learnings.Practice_12.quitBrowser(Practice_12.java:35)
	at learnings.Practice_12.quitBrowser(Practice_12.java:35)
	at learnings.Practice_12.quitBrowser(Practice_12.java:35)
	at learnings.Practice_12.quitBrowser(Practice_12.java:35)
	at learnings.Practice_12.quitBrowser(Practice_12.java:35)
	at learnings.Practice_12.quitBrowser(Practice_12.java:35)
	at learnings.Practice_12.quitBrowser(Practice_12.java:35)
	at learnings.Practice_12.quitBrowser(Practice_12.java:35)
	at learnings.Practice_12.quitBrowser(Practice_12.java:35)
	at learnings.Practice_12.quitBrowser(Practice_12.java:35)
	at learnings.Practice_12.quitBrowser(Practice_12.java:35)
	at learnings.Practice_12.quitBrowser(Practice_12.java:35)
	at learnings.Practice_12.quitBrowser(Practice_12.java:35)
	at learnings.Practice_12.quitBrowser(Practice_12.java:35)
	at learnings.Practice_12.quitBrowser(Practice_12.java:35)
	at learnings.Practice_12.quitBrowser(Practice_12.java:35)
	at learnings.Practice_12.quitBrowser(Practice_12.java:35)
	at learnings.Practice_12.quitBrowser(Practice_12.java:35)
	at learnings.Practice_12.quitBrowser(Practice_12.java:35)
	at learnings.Practice_12.quitBrowser(Practice_12.java:35)
	at learnings.Practice_12.quitBrowser(Practice_12.java:35)
	at learnings.Practice_12.quitBrowser(Practice_12.java:35)
	at learnings.Practice_12.quitBrowser(Practice_12.java:35)
	at learnings.Practice_12.quitBrowser(Practice_12.java:35)
	at learnings.Practice_12.quitBrowser(Practice_12.java:35)
	at learnings.Practice_12.quitBrowser(Practice_12.java:35)
	at learnings.Practice_12.quitBrowser(Practice_12.java:35)
	at learnings.Practice_12.quitBrowser(Practice_12.java:35)
	at learnings.Practice_12.quitBrowser(Practice_12.java:35)
	at learnings.Practice_12.quitBrowser(Practice_12.java:35)
	at learnings.Practice_12.quitBrowser(Practice_12.java:35)
	at learnings.Practice_12.quitBrowser(Practice_12.java:35)
	at learnings.Practice_12.quitBrowser(Practice_12.java:35)
	at learnings.Practice_12.quitBrowser(Practice_12.java:35)
	at learnings.Practice_12.quitBrowser(Practice_12.java:35)
	at learnings.Practice_12.quitBrowser(Practice_12.java:35)
	at learnings.Practice_12.quitBrowser(Practice_12.java:35)
	at learnings.Practice_12.quitBrowser(Practice_12.java:35)
	at learnings.Practice_12.quitBrowser(Practice_12.java:35)
	at learnings.Practice_12.quitBrowser(Practice_12.java:35)
	at learnings.Practice_12.quitBrowser(Practice_12.java:35)
	at learnings.Practice_12.quitBrowser(Practice_12.java:35)
	at learnings.Practice_12.quitBrowser(Practice_12.java:35)
	at learnings.Practice_12.quitBrowser(Practice_12.java:35)
	at learnings.Practice_12.quitBrowser(Practice_12.java:35)
	at learnings.Practice_12.quitBrowser(Practice_12.java:35)
	at learnings.Practice_12.quitBrowser(Practice_12.java:35)
	at learnings.Practice_12.quitBrowser(Practice_12.java:35)
	at learnings.Practice_12.quitBrowser(Practice_12.java:35)
	at learnings.Practice_12.quitBrowser(Practice_12.java:35)
	at learnings.Practice_12.quitBrowser(Practice_12.java:35)
	at learnings.Practice_12.quitBrowser(Practice_12.java:35)
	at learnings.Practice_12.quitBrowser(Practice_12.java:35)
	at learnings.Practice_12.quitBrowser(Practice_12.java:35)
	at learnings.Practice_12.quitBrowser(Practice_12.java:35)
	at learnings.Practice_12.quitBrowser(Practice_12.java:35)
	at learnings.Practice_12.quitBrowser(Practice_12.java:35)
	at learnings.Practice_12.quitBrowser(Practice_12.java:35)
	at learnings.Practice_12.quitBrowser(Practice_12.java:35)
	at learnings.Practice_12.quitBrowser(Practice_12.java:35)
	at learnings.Practice_12.quitBrowser(Practice_12.java:35)
	at learnings.Practice_12.quitBrowser(Practice_12.java:35)
	at learnings.Practice_12.quitBrowser(Practice_12.java:35)
	at learnings.Practice_12.quitBrowser(Practice_12.java:35)
	at learnings.Practice_12.quitBrowser(Practice_12.java:35)
	at learnings.Practice_12.quitBrowser(Practice_12.java:35)
	at learnings.Practice_12.quitBrowser(Practice_12.java:35)
	at learnings.Practice_12.quitBrowser(Practice_12.java:35)
	at learnings.Practice_12.quitBrowser(Practice_12.java:35)
	at learnings.Practice_12.quitBrowser(Practice_12.java:35)
	at learnings.Practice_12.quitBrowser(Practice_12.java:35)
	at learnings.Practice_12.quitBrowser(Practice_12.java:35)
	at learnings.Practice_12.quitBrowser(Practice_12.java:35)
	at learnings.Practice_12.quitBrowser(Practice_12.java:35)
	at learnings.Practice_12.quitBrowser(Practice_12.java:35)
	at learnings.Practice_12.quitBrowser(Practice_12.java:35)
	at learnings.Practice_12.quitBrowser(Practice_12.java:35)
	at learnings.Practice_12.quitBrowser(Practice_12.java:35)
	at learnings.Practice_12.quitBrowser(Practice_12.java:35)
	at learnings.Practice_12.quitBrowser(Practice_12.java:35)
	at learnings.Practice_12.quitBrowser(Practice_12.java:35)
	at learnings.Practice_12.quitBrowser(Practice_12.java:35)
	at learnings.Practice_12.quitBrowser(Practice_12.java:35)
	at learnings.Practice_12.quitBrowser(Practice_12.java:35)
	at learnings.Practice_12.quitBrowser(Practice_12.java:35)
	at learnings.Practice_12.quitBrowser(Practice_12.java:35)
	at learnings.Practice_12.quitBrowser(Practice_12.java:35)
	at learnings.Practice_12.quitBrowser(Practice_12.java:35)
	at learnings.Practice_12.quitBrowser(Practice_12.java:35)
	at learnings.Practice_12.quitBrowser(Practice_12.java:35)
	at learnings.Practice_12.quitBrowser(Practice_12.java:35)
	at learnings.Practice_12.quitBrowser(Practice_12.java:35)
	at learnings.Practice_12.quitBrowser(Practice_12.java:35)
	at learnings.Practice_12.quitBrowser(Practice_12.java:35)
	at learnings.Practice_12.quitBrowser(Practice_12.java:35)
	at learnings.Practice_12.quitBrowser(Practice_12.java:35)
	at learnings.Practice_12.quitBrowser(Practice_12.java:35)
	at learnings.Practice_12.quitBrowser(Practice_12.java:35)
	at learnings.Practice_12.quitBrowser(Practice_12.java:35)
	at learnings.Practice_12.quitBrowser(Practice_12.java:35)
	at learnings.Practice_12.quitBrowser(Practice_12.java:35)
	at learnings.Practice_12.quitBrowser(Practice_12.java:35)
	at learnings.Practice_12.quitBrowser(Practice_12.java:35)
	at learnings.Practice_12.quitBrowser(Practice_12.java:35)
	at learnings.Practice_12.quitBrowser(Practice_12.java:35)
	at learnings.Practice_12.quitBrowser(Practice_12.java:35)
	at learnings.Practice_12.quitBrowser(Practice_12.java:35)
	at learnings.Practice_12.quitBrowser(Practice_12.java:35)
	at learnings.Practice_12.quitBrowser(Practice_12.java:35)
	at learnings.Practice_12.quitBrowser(Practice_12.java:35)
	at learnings.Practice_12.quitBrowser(Practice_12.java:35)
	at learnings.Practice_12.quitBrowser(Practice_12.java:35)
	at learnings.Practice_12.quitBrowser(Practice_12.java:35)
	at learnings.Practice_12.quitBrowser(Practice_12.java:35)
	at learnings.Practice_12.quitBrowser(Practice_12.java:35)
	at learnings.Practice_12.quitBrowser(Practice_12.java:35)
	at learnings.Practice_12.quitBrowser(Practice_12.java:35)
	at learnings.Practice_12.quitBrowser(Practice_12.java:35)
	at learnings.Practice_12.quitBrowser(Practice_12.java:35)
	at learnings.Practice_12.quitBrowser(Practice_12.java:35)
	at learnings.Practice_12.quitBrowser(Practice_12.java:35)
	at learnings.Practice_12.quitBrowser(Practice_12.java:35)
	at learnings.Practice_12.quitBrowser(Practice_12.java:35)
	at learnings.Practice_12.quitBrowser(Practice_12.java:35)
	at learnings.Practice_12.quitBrowser(Practice_12.java:35)
	at learnings.Practice_12.quitBrowser(Practice_12.java:35)
	at learnings.Practice_12.quitBrowser(Practice_12.java:35)
	at learnings.Practice_12.quitBrowser(Practice_12.java:35)
	at learnings.Practice_12.quitBrowser(Practice_12.java:35)
	at learnings.Practice_12.quitBrowser(Practice_12.java:35)
	at learnings.Practice_12.quitBrowser(Practice_12.java:35)
	at learnings.Practice_12.quitBrowser(Practice_12.java:35)
	at learnings.Practice_12.quitBrowser(Practice_12.java:35)
	at learnings.Practice_12.quitBrowser(Practice_12.java:35)
	at learnings.Practice_12.quitBrowser(Practice_12.java:35)
	at learnings.Practice_12.quitBrowser(Practice_12.java:35)
	at learnings.Practice_12.quitBrowser(Practice_12.java:35)
	at learnings.Practice_12.quitBrowser(Practice_12.java:35)
	at learnings.Practice_12.quitBrowser(Practice_12.java:35)
	at learnings.Practice_12.quitBrowser(Practice_12.java:35)
	at learnings.Practice_12.quitBrowser(Practice_12.java:35)
	at learnings.Practice_12.quitBrowser(Practice_12.java:35)
	at learnings.Practice_12.quitBrowser(Practice_12.java:35)
	at learnings.Practice_12.quitBrowser(Practice_12.java:35)
	at learnings.Practice_12.quitBrowser(Practice_12.java:35)
	at learnings.Practice_12.quitBrowser(Practice_12.java:35)
	at learnings.Practice_12.quitBrowser(Practice_12.java:35)
	at learnings.Practice_12.quitBrowser(Practice_12.java:35)
	at learnings.Practice_12.quitBrowser(Practice_12.java:35)
	at learnings.Practice_12.quitBrowser(Practice_12.java:35)
	at learnings.Practice_12.quitBrowser(Practice_12.java:35)
	at learnings.Practice_12.quitBrowser(Practice_12.java:35)
	at learnings.Practice_12.quitBrowser(Practice_12.java:35)
	at learnings.Practice_12.quitBrowser(Practice_12.java:35)
	at learnings.Practice_12.quitBrowser(Practice_12.java:35)
	at learnings.Practice_12.quitBrowser(Practice_12.java:35)
	at learnings.Practice_12.quitBrowser(Practice_12.java:35)
	at learnings.Practice_12.quitBrowser(Practice_12.java:35)
	at learnings.Practice_12.quitBrowser(Practice_12.java:35)
	at learnings.Practice_12.quitBrowser(Practice_12.java:35)
	at learnings.Practice_12.quitBrowser(Practice_12.java:35)
	at learnings.Practice_12.quitBrowser(Practice_12.java:35)
	at learnings.Practice_12.quitBrowser(Practice_12.java:35)
	at learnings.Practice_12.quitBrowser(Practice_12.java:35)
	at learnings.Practice_12.quitBrowser(Practice_12.java:35)
	at learnings.Practice_12.quitBrowser(Practice_12.java:35)
	at learnings.Practice_12.quitBrowser(Practice_12.java:35)
	at learnings.Practice_12.quitBrowser(Practice_12.java:35)
	at learnings.Practice_12.quitBrowser(Practice_12.java:35)
	at learnings.Practice_12.quitBrowser(Practice_12.java:35)
	at learnings.Practice_12.quitBrowser(Practice_12.java:35)
	at learnings.Practice_12.quitBrowser(Practice_12.java:35)
	at learnings.Practice_12.quitBrowser(Practice_12.java:35)
	at learnings.Practice_12.quitBrowser(Practice_12.java:35)
	at learnings.Practice_12.quitBrowser(Practice_12.java:35)
	at learnings.Practice_12.quitBrowser(Practice_12.java:35)
	at learnings.Practice_12.quitBrowser(Practice_12.java:35)
	at learnings.Practice_12.quitBrowser(Practice_12.java:35)
	at learnings.Practice_12.quitBrowser(Practice_12.java:35)
	at learnings.Practice_12.quitBrowser(Practice_12.java:35)
	at learnings.Practice_12.quitBrowser(Practice_12.java:35)
	at learnings.Practice_12.quitBrowser(Practice_12.java:35)
	at learnings.Practice_12.quitBrowser(Practice_12.java:35)
	at learnings.Practice_12.quitBrowser(Practice_12.java:35)
	at learnings.Practice_12.quitBrowser(Practice_12.java:35)
	at learnings.Practice_12.quitBrowser(Practice_12.java:35)
	at learnings.Practice_12.quitBrowser(Practice_12.java:35)
	at learnings.Practice_12.quitBrowser(Practice_12.java:35)
	at learnings.Practice_12.quitBrowser(Practice_12.java:35)
	at learnings.Practice_12.quitBrowser(Practice_12.java:35)
	at learnings.Practice_12.quitBrowser(Practice_12.java:35)
	at learnings.Practice_12.quitBrowser(Practice_12.java:35)
	at learnings.Practice_12.quitBrowser(Practice_12.java:35)
	at learnings.Practice_12.quitBrowser(Practice_12.java:35)
	at learnings.Practice_12.quitBrowser(Practice_12.java:35)
	at learnings.Practice_12.quitBrowser(Practice_12.java:35)
	at learnings.Practice_12.quitBrowser(Practice_12.java:35)
	at learnings.Practice_12.quitBrowser(Practice_12.java:35)
	at learnings.Practice_12.quitBrowser(Practice_12.java:35)
	at learnings.Practice_12.quitBrowser(Practice_12.java:35)
	at learnings.Practice_12.quitBrowser(Practice_12.java:35)
	at learnings.Practice_12.quitBrowser(Practice_12.java:35)
	at learnings.Practice_12.quitBrowser(Practice_12.java:35)
	at learnings.Practice_12.quitBrowser(Practice_12.java:35)
	at learnings.Practice_12.quitBrowser(Practice_12.java:35)
	at learnings.Practice_12.quitBrowser(Practice_12.java:35)
	at learnings.Practice_12.quitBrowser(Practice_12.java:35)
	at learnings.Practice_12.quitBrowser(Practice_12.java:35)
	at learnings.Practice_12.quitBrowser(Practice_12.java:35)
	at learnings.Practice_12.quitBrowser(Practice_12.java:35)
	at learnings.Practice_12.quitBrowser(Practice_12.java:35)
	at learnings.Practice_12.quitBrowser(Practice_12.java:35)
	at learnings.Practice_12.quitBrowser(Practice_12.java:35)
	at learnings.Practice_12.quitBrowser(Practice_12.java:35)
	at learnings.Practice_12.quitBrowser(Practice_12.java:35)
	at learnings.Practice_12.quitBrowser(Practice_12.java:35)
	at learnings.Practice_12.quitBrowser(Practice_12.java:35)
	at learnings.Practice_12.quitBrowser(Practice_12.java:35)
	at learnings.Practice_12.quitBrowser(Practice_12.java:35)
	at learnings.Practice_12.quitBrowser(Practice_12.java:35)
	at learnings.Practice_12.quitBrowser(Practice_12.java:35)
	at learnings.Practice_12.quitBrowser(Practice_12.java:35)
	at learnings.Practice_12.quitBrowser(Practice_12.java:35)
	at learnings.Practice_12.quitBrowser(Practice_12.java:35)
	at learnings.Practice_12.quitBrowser(Practice_12.java:35)
	at learnings.Practice_12.quitBrowser(Practice_12.java:35)
	at learnings.Practice_12.quitBrowser(Practice_12.java:35)
	at learnings.Practice_12.quitBrowser(Practice_12.java:35)
	at learnings.Practice_12.quitBrowser(Practice_12.java:35)
	at learnings.Practice_12.quitBrowser(Practice_12.java:35)
	at learnings.Practice_12.quitBrowser(Practice_12.java:35)
	at learnings.Practice_12.quitBrowser(Practice_12.java:35)
	at learnings.Practice_12.quitBrowser(Practice_12.java:35)
	at learnings.Practice_12.quitBrowser(Practice_12.java:35)
	at learnings.Practice_12.quitBrowser(Practice_12.java:35)
	at learnings.Practice_12.quitBrowser(Practice_12.java:35)
	at learnings.Practice_12.quitBrowser(Practice_12.java:35)
	at learnings.Practice_12.quitBrowser(Practice_12.java:35)
	at learnings.Practice_12.quitBrowser(Practice_12.java:35)
	at learnings.Practice_12.quitBrowser(Practice_12.java:35)
	at learnings.Practice_12.quitBrowser(Practice_12.java:35)
	at learnings.Practice_12.quitBrowser(Practice_12.java:35)
	at learnings.Practice_12.quitBrowser(Practice_12.java:35)
	at learnings.Practice_12.quitBrowser(Practice_12.java:35)
	at learnings.Practice_12.quitBrowser(Practice_12.java:35)
	at learnings.Practice_12.quitBrowser(Practice_12.java:35)
	at learnings.Practice_12.quitBrowser(Practice_12.java:35)
	at learnings.Practice_12.quitBrowser(Practice_12.java:35)
	at learnings.Practice_12.quitBrowser(Practice_12.java:35)
	at learnings.Practice_12.quitBrowser(Practice_12.java:35)
	at learnings.Practice_12.quitBrowser(Practice_12.java:35)
	at learnings.Practice_12.quitBrowser(Practice_12.java:35)
	at learnings.Practice_12.quitBrowser(Practice_12.java:35)
	at learnings.Practice_12.quitBrowser(Practice_12.java:35)
	at learnings.Practice_12.quitBrowser(Practice_12.java:35)
	at learnings.Practice_12.quitBrowser(Practice_12.java:35)
	at learnings.Practice_12.quitBrowser(Practice_12.java:35)
	at learnings.Practice_12.quitBrowser(Practice_12.java:35)
	at learnings.Practice_12.quitBrowser(Practice_12.java:35)
	at learnings.Practice_12.quitBrowser(Practice_12.java:35)
	at learnings.Practice_12.quitBrowser(Practice_12.java:35)
	at learnings.Practice_12.quitBrowser(Practice_12.java:35)
	at learnings.Practice_12.quitBrowser(Practice_12.java:35)
	at learnings.Practice_12.quitBrowser(Practice_12.java:35)
	at learnings.Practice_12.quitBrowser(Practice_12.java:35)
	at learnings.Practice_12.quitBrowser(Practice_12.java:35)
	at learnings.Practice_12.quitBrowser(Practice_12.java:35)
	at learnings.Practice_12.quitBrowser(Practice_12.java:35)
	at learnings.Practice_12.quitBrowser(Practice_12.java:35)
	at learnings.Practice_12.quitBrowser(Practice_12.java:35)
	at learnings.Practice_12.quitBrowser(Practice_12.java:35)
	at learnings.Practice_12.quitBrowser(Practice_12.java:35)
	at learnings.Practice_12.quitBrowser(Practice_12.java:35)
	at learnings.Practice_12.quitBrowser(Practice_12.java:35)
	at learnings.Practice_12.quitBrowser(Practice_12.java:35)
	at learnings.Practice_12.quitBrowser(Practice_12.java:35)
	at learnings.Practice_12.quitBrowser(Practice_12.java:35)
	at learnings.Practice_12.quitBrowser(Practice_12.java:35)
	at learnings.Practice_12.quitBrowser(Practice_12.java:35)
	at learnings.Practice_12.quitBrowser(Practice_12.java:35)
	at learnings.Practice_12.quitBrowser(Practice_12.java:35)
	at learnings.Practice_12.quitBrowser(Practice_12.java:35)
	at learnings.Practice_12.quitBrowser(Practice_12.java:35)
	at learnings.Practice_12.quitBrowser(Practice_12.java:35)
	at learnings.Practice_12.quitBrowser(Practice_12.java:35)
	at learnings.Practice_12.quitBrowser(Practice_12.java:35)
	at learnings.Practice_12.quitBrowser(Practice_12.java:35)
	at learnings.Practice_12.quitBrowser(Practice_12.java:35)
	at learnings.Practice_12.quitBrowser(Practice_12.java:35)
	at learnings.Practice_12.quitBrowser(Practice_12.java:35)
	at learnings.Practice_12.quitBrowser(Practice_12.java:35)
	at learnings.Practice_12.quitBrowser(Practice_12.java:35)
	at learnings.Practice_12.quitBrowser(Practice_12.java:35)
	at learnings.Practice_12.quitBrowser(Practice_12.java:35)
	at learnings.Practice_12.quitBrowser(Practice_12.java:35)
	at learnings.Practice_12.quitBrowser(Practice_12.java:35)
	at learnings.Practice_12.quitBrowser(Practice_12.java:35)
	at learnings.Practice_12.quitBrowser(Practice_12.java:35)
	at learnings.Practice_12.quitBrowser(Practice_12.java:35)
	at learnings.Practice_12.quitBrowser(Practice_12.java:35)
	at learnings.Practice_12.quitBrowser(Practice_12.java:35)
	at learnings.Practice_12.quitBrowser(Practice_12.java:35)
	at learnings.Practice_12.quitBrowser(Practice_12.java:35)
	at learnings.Practice_12.quitBrowser(Practice_12.java:35)
	at learnings.Practice_12.quitBrowser(Practice_12.java:35)
	at learnings.Practice_12.quitBrowser(Practice_12.java:35)
	at learnings.Practice_12.quitBrowser(Practice_12.java:35)
	at learnings.Practice_12.quitBrowser(Practice_12.java:35)
	at learnings.Practice_12.quitBrowser(Practice_12.java:35)
	at learnings.Practice_12.quitBrowser(Practice_12.java:35)
	at learnings.Practice_12.quitBrowser(Practice_12.java:35)
	at learnings.Practice_12.quitBrowser(Practice_12.java:35)
	at learnings.Practice_12.quitBrowser(Practice_12.java:35)
	at learnings.Practice_12.quitBrowser(Practice_12.java:35)
	at learnings.Practice_12.quitBrowser(Practice_12.java:35)
	at learnings.Practice_12.quitBrowser(Practice_12.java:35)
	at learnings.Practice_12.quitBrowser(Practice_12.java:35)
	at learnings.Practice_12.quitBrowser(Practice_12.java:35)
	at learnings.Practice_12.quitBrowser(Practice_12.java:35)
	at learnings.Practice_12.quitBrowser(Practice_12.java:35)
	at learnings.Practice_12.quitBrowser(Practice_12.java:35)
	at learnings.Practice_12.quitBrowser(Practice_12.java:35)
	at learnings.Practice_12.quitBrowser(Practice_12.java:35)
	at learnings.Practice_12.quitBrowser(Practice_12.java:35)
	at learnings.Practice_12.quitBrowser(Practice_12.java:35)
	at learnings.Practice_12.quitBrowser(Practice_12.java:35)
	at learnings.Practice_12.quitBrowser(Practice_12.java:35)
	at learnings.Practice_12.quitBrowser(Practice_12.java:35)
	at learnings.Practice_12.quitBrowser(Practice_12.java:35)
	at learnings.Practice_12.quitBrowser(Practice_12.java:35)
	at learnings.Practice_12.quitBrowser(Practice_12.java:35)
	at learnings.Practice_12.quitBrowser(Practice_12.java:35)
	at learnings.Practice_12.quitBrowser(Practice_12.java:35)
	at learnings.Practice_12.quitBrowser(Practice_12.java:35)
	at learnings.Practice_12.quitBrowser(Practice_12.java:35)
	at learnings.Practice_12.quitBrowser(Practice_12.java:35)
	at learnings.Practice_12.quitBrowser(Practice_12.java:35)
	at learnings.Practice_12.quitBrowser(Practice_12.java:35)
	at learnings.Practice_12.quitBrowser(Practice_12.java:35)
	at learnings.Practice_12.quitBrowser(Practice_12.java:35)
	at learnings.Practice_12.quitBrowser(Practice_12.java:35)
	at learnings.Practice_12.quitBrowser(Practice_12.java:35)
	at learnings.Practice_12.quitBrowser(Practice_12.java:35)
	at learnings.Practice_12.quitBrowser(Practice_12.java:35)
	at learnings.Practice_12.quitBrowser(Practice_12.java:35)
	at learnings.Practice_12.quitBrowser(Practice_12.java:35)
	at learnings.Practice_12.quitBrowser(Practice_12.java:35)
	at learnings.Practice_12.quitBrowser(Practice_12.java:35)
	at learnings.Practice_12.quitBrowser(Practice_12.java:35)
	at learnings.Practice_12.quitBrowser(Practice_12.java:35)
	at learnings.Practice_12.quitBrowser(Practice_12.java:35)
	at learnings.Practice_12.quitBrowser(Practice_12.java:35)
	at learnings.Practice_12.quitBrowser(Practice_12.java:35)
	at learnings.Practice_12.quitBrowser(Practice_12.java:35)
	at learnings.Practice_12.quitBrowser(Practice_12.java:35)
	at learnings.Practice_12.quitBrowser(Practice_12.java:35)
	at learnings.Practice_12.quitBrowser(Practice_12.java:35)
	at learnings.Practice_12.quitBrowser(Practice_12.java:35)
	at learnings.Practice_12.quitBrowser(Practice_12.java:35)
	at learnings.Practice_12.quitBrowser(Practice_12.java:35)
	at learnings.Practice_12.quitBrowser(Practice_12.java:35)
	at learnings.Practice_12.quitBrowser(Practice_12.java:35)
	at learnings.Practice_12.quitBrowser(Practice_12.java:35)
	at learnings.Practice_12.quitBrowser(Practice_12.java:35)
	at learnings.Practice_12.quitBrowser(Practice_12.java:35)
	at learnings.Practice_12.quitBrowser(Practice_12.java:35)
	at learnings.Practice_12.quitBrowser(Practice_12.java:35)
	at learnings.Practice_12.quitBrowser(Practice_12.java:35)
	at learnings.Practice_12.quitBrowser(Practice_12.java:35)
	at learnings.Practice_12.quitBrowser(Practice_12.java:35)
	at learnings.Practice_12.quitBrowser(Practice_12.java:35)
	at learnings.Practice_12.quitBrowser(Practice_12.java:35)
	at learnings.Practice_12.quitBrowser(Practice_12.java:35)
	at learnings.Practice_12.quitBrowser(Practice_12.java:35)
	at learnings.Practice_12.quitBrowser(Practice_12.java:35)
	at learnings.Practice_12.quitBrowser(Practice_12.java:35)
	at learnings.Practice_12.quitBrowser(Practice_12.java:35)
	at learnings.Practice_12.quitBrowser(Practice_12.java:35)
	at learnings.Practice_12.quitBrowser(Practice_12.java:35)
	at learnings.Practice_12.quitBrowser(Practice_12.java:35)
	at learnings.Practice_12.quitBrowser(Practice_12.java:35)
	at learnings.Practice_12.quitBrowser(Practice_12.java:35)
	at learnings.Practice_12.quitBrowser(Practice_12.java:35)
	at learnings.Practice_12.quitBrowser(Practice_12.java:35)
	at learnings.Practice_12.quitBrowser(Practice_12.java:35)
	at learnings.Practice_12.quitBrowser(Practice_12.java:35)
	at learnings.Practice_12.quitBrowser(Practice_12.java:35)
	at learnings.Practice_12.quitBrowser(Practice_12.java:35)
	at learnings.Practice_12.quitBrowser(Practice_12.java:35)
	at learnings.Practice_12.quitBrowser(Practice_12.java:35)
	at learnings.Practice_12.quitBrowser(Practice_12.java:35)
	at learnings.Practice_12.quitBrowser(Practice_12.java:35)
	at learnings.Practice_12.quitBrowser(Practice_12.java:35)
	at learnings.Practice_12.quitBrowser(Practice_12.java:35)
	at learnings.Practice_12.quitBrowser(Practice_12.java:35)
	at learnings.Practice_12.quitBrowser(Practice_12.java:35)
	at learnings.Practice_12.quitBrowser(Practice_12.java:35)
	at learnings.Practice_12.quitBrowser(Practice_12.java:35)
	at learnings.Practice_12.quitBrowser(Practice_12.java:35)
	at learnings.Practice_12.quitBrowser(Practice_12.java:35)
	at learnings.Practice_12.quitBrowser(Practice_12.java:35)
	at learnings.Practice_12.quitBrowser(Practice_12.java:35)
	at learnings.Practice_12.quitBrowser(Practice_12.java:35)
	at learnings.Practice_12.quitBrowser(Practice_12.java:35)
	at learnings.Practice_12.quitBrowser(Practice_12.java:35)
	at learnings.Practice_12.quitBrowser(Practice_12.java:35)
	at learnings.Practice_12.quitBrowser(Practice_12.java:35)
	at learnings.Practice_12.quitBrowser(Practice_12.java:35)
	at learnings.Practice_12.quitBrowser(Practice_12.java:35)
	at learnings.Practice_12.quitBrowser(Practice_12.java:35)
	at learnings.Practice_12.quitBrowser(Practice_12.java:35)
	at learnings.Practice_12.quitBrowser(Practice_12.java:35)
	at learnings.Practice_12.quitBrowser(Practice_12.java:35)
	at learnings.Practice_12.quitBrowser(Practice_12.java:35)
	at learnings.Practice_12.quitBrowser(Practice_12.java:35)
	at learnings.Practice_12.quitBrowser(Practice_12.java:35)
	at learnings.Practice_12.quitBrowser(Practice_12.java:35)
	at learnings.Practice_12.quitBrowser(Practice_12.java:35)
	at learnings.Practice_12.quitBrowser(Practice_12.java:35)
	at learnings.Practice_12.quitBrowser(Practice_12.java:35)
	at learnings.Practice_12.quitBrowser(Practice_12.java:35)
	at learnings.Practice_12.quitBrowser(Practice_12.java:35)
	at learnings.Practice_12.quitBrowser(Practice_12.java:35)
	at learnings.Practice_12.quitBrowser(Practice_12.java:35)
	at learnings.Practice_12.quitBrowser(Practice_12.java:35)
	at learnings.Practice_12.quitBrowser(Practice_12.java:35)
	at learnings.Practice_12.quitBrowser(Practice_12.java:35)
	at learnings.Practice_12.quitBrowser(Practice_12.java:35)
	at learnings.Practice_12.quitBrowser(Practice_12.java:35)
	at learnings.Practice_12.quitBrowser(Practice_12.java:35)
	at learnings.Practice_12.quitBrowser(Practice_12.java:35)
	at learnings.Practice_12.quitBrowser(Practice_12.java:35)
	at learnings.Practice_12.quitBrowser(Practice_12.java:35)
	at learnings.Practice_12.quitBrowser(Practice_12.java:35)
	at learnings.Practice_12.quitBrowser(Practice_12.java:35)
	at learnings.Practice_12.quitBrowser(Practice_12.java:35)
	at learnings.Practice_12.quitBrowser(Practice_12.java:35)
	at learnings.Practice_12.quitBrowser(Practice_12.java:35)
	at learnings.Practice_12.quitBrowser(Practice_12.java:35)
	at learnings.Practice_12.quitBrowser(Practice_12.java:35)
	at learnings.Practice_12.quitBrowser(Practice_12.java:35)
	at learnings.Practice_12.quitBrowser(Practice_12.java:35)
	at learnings.Practice_12.quitBrowser(Practice_12.java:35)
	at learnings.Practice_12.quitBrowser(Practice_12.java:35)
	at learnings.Practice_12.quitBrowser(Practice_12.java:35)
	at learnings.Practice_12.quitBrowser(Practice_12.java:35)
	at learnings.Practice_12.quitBrowser(Practice_12.java:35)
	at learnings.Practice_12.quitBrowser(Practice_12.java:35)
	at learnings.Practice_12.quitBrowser(Practice_12.java:35)
	at learnings.Practice_12.quitBrowser(Practice_12.java:35)
	at learnings.Practice_12.quitBrowser(Practice_12.java:35)
	at learnings.Practice_12.quitBrowser(Practice_12.java:35)
	at learnings.Practice_12.quitBrowser(Practice_12.java:35)
	at learnings.Practice_12.quitBrowser(Practice_12.java:35)
	at learnings.Practice_12.quitBrowser(Practice_12.java:35)
	at learnings.Practice_12.quitBrowser(Practice_12.java:35)
	at learnings.Practice_12.quitBrowser(Practice_12.java:35)
	at learnings.Practice_12.quitBrowser(Practice_12.java:35)
	at learnings.Practice_12.quitBrowser(Practice_12.java:35)
	at learnings.Practice_12.quitBrowser(Practice_12.java:35)
	at learnings.Practice_12.quitBrowser(Practice_12.java:35)
	at learnings.Practice_12.quitBrowser(Practice_12.java:35)
	at learnings.Practice_12.quitBrowser(Practice_12.java:35)
	at learnings.Practice_12.quitBrowser(Practice_12.java:35)
	at learnings.Practice_12.quitBrowser(Practice_12.java:35)
	at learnings.Practice_12.quitBrowser(Practice_12.java:35)
]]>
    </failure>
  </testcase> <!-- @AfterMethod quitBrowser -->
  <testcase name="createLead" time="0.011" classname="learnings.Practice_12">
    <skipped/>
  </testcase> <!-- createLead -->
</testsuite> <!-- Default test -->
